
Database             Time                 Version
-------------------- -------------------- ------------------------------
Start: ORCL          07-AUG-2022 15:38:32 Version 21.3.0.0.0

Ins_Node_Roots: p_node_vsn = 0p_link_vsn = 0, p_order_type = 0
Timer Set: Ins_Node_Roots, Constructed at 07 Aug 2022 15:38:32, written at 15:38:32
===================================================================================
Timer                                  Elapsed         CPU       Calls       Ela/Call       CPU/Call
----------------------------------  ----------  ----------  ----------  -------------  -------------
SELECT id INTO l_root_id                  0.02        0.03           4        0.00600        0.00750
Insert min_tree_links (4-39 nodes)        0.01        0.00           1        0.00500        0.00000
Insert node_roots (4-39 nodes)            0.00        0.01           1        0.00300        0.01000
Insert min_tree_links (2 nodes)           0.00        0.00           1        0.00400        0.00000
Insert node_roots (2 nodes)               0.00        0.00           1        0.00000        0.00000
Insert min_tree_links (1 node)            0.01        0.00           1        0.00500        0.00000
Insert node_roots (1 node)                0.00        0.01           1        0.00000        0.01000
(Other)                                   0.00        0.00           1        0.00000        0.00000
----------------------------------  ----------  ----------  ----------  -------------  -------------
Total                                     0.04        0.05          11        0.00373        0.00455
----------------------------------  ----------  ----------  ----------  -------------  -------------
[Timer timed (per call in ms): Elapsed: 0.03125, CPU: 0.02500]

PL/SQL procedure successfully completed.

Elapsed: 00:00:00.16
Node count by root node

ROOT_NODE_ID NODE_NAME                                             N_NODES     MAXLEV
------------ -------------------------------------------------- ---------- ----------
          14 S3-N0-1                                                     1          0
          12 S2-N0-1                                                     2          1
           1 S1-N0-1                                                    11          3
                                                                ----------
sum                                                                     14

Elapsed: 00:00:00.02
Subnet count by number of nodes

   N_NODES  N_SUBNETS
---------- ----------
         1          1
         2          1
        11          1
----------
        14

Elapsed: 00:00:00.01
Subnet count by maximum level

    MAXLEV  N_SUBNETS
---------- ----------
         0          1
         1          1
         3          1

Elapsed: 00:00:00.01

'END:'||TO_CHAR(SYSDATE,'DD-MON-YY
----------------------------------
End: 07-AUG-2022 15:38:32

