
Database             Time                 Version
-------------------- -------------------- ------------------------------
Start: ORCL          07-AUG-2022 15:38:32 Version 21.3.0.0.0

Ins_Node_Roots: p_node_vsn = 3p_link_vsn = 5, p_order_type = 3
SQL_ID  57wf6f2bfhwpx, child number 0
-------------------------------------
INSERT INTO NODE_ROOTS SELECT /*+  gather_plan_statistics XPLAN_ISO_N
USE_NL (lnk_f) USE_NL (lnk_t) */ NOD.ID, NOD.ID, 0 FROM NODES NOD LEFT
JOIN LINKS LNK_F ON LNK_F.NODE_ID_FR = NOD.ID LEFT JOIN LINKS LNK_T ON
LNK_T.NODE_ID_TO = NOD.ID WHERE LNK_F.NODE_ID_FR IS NULL AND
LNK_T.NODE_ID_TO IS NULL
Plan hash value: 4272535757
------------------------------------------------------------------------------------------------------------
| Id  | Operation                | Name         | Starts | E-Rows | A-Rows |   A-Time   | Buffers | Reads  |
------------------------------------------------------------------------------------------------------------
|   0 | INSERT STATEMENT         |              |      1 |        |      0 |00:00:00.01 |      48 |      4 |
|   1 |  LOAD TABLE CONVENTIONAL | NODE_ROOTS   |      1 |        |      0 |00:00:00.01 |      48 |      4 |
|   2 |   NESTED LOOPS ANTI      |              |      1 |      1 |      1 |00:00:00.01 |       6 |      0 |
|   3 |    NESTED LOOPS ANTI     |              |      1 |      3 |      3 |00:00:00.01 |       4 |      0 |
|   4 |     INDEX FULL SCAN      | SYS_C0018915 |      1 |     14 |     14 |00:00:00.01 |       1 |      0 |
|*  5 |     INDEX RANGE SCAN     | LINKS_TO_N1  |     14 |     10 |     11 |00:00:00.01 |       3 |      0 |
|*  6 |    INDEX RANGE SCAN      | LINKS_FR_N1  |      3 |     13 |      2 |00:00:00.01 |       2 |      0 |
------------------------------------------------------------------------------------------------------------
Predicate Information (identified by operation id):
---------------------------------------------------
5 - access("LNK_T"."NODE_ID_TO"="NOD"."ID")
6 - access("LNK_F"."NODE_ID_FR"="NOD"."ID")
SQL_ID  871d882v4pnu9, child number 0
-------------------------------------
INSERT INTO NODE_ROOTS WITH ALL_NODES AS ( SELECT NODE_ID_FR NODE_ID,
'F' TP FROM LINKS UNION ALL SELECT NODE_ID_TO, 'T' FROM LINKS ),
UNIQUE_NODES AS ( SELECT NODE_ID, MAX(TP) TP FROM ALL_NODES GROUP BY
NODE_ID HAVING COUNT(*) = 1 ), ISOLATED_LINKS AS ( SELECT
LNK.NODE_ID_FR, LNK.NODE_ID_TO FROM LINKS LNK JOIN UNIQUE_NODES FRN ON
FRN.NODE_ID = LNK.NODE_ID_FR AND FRN.TP = 'F' JOIN UNIQUE_NODES TON ON
TON.NODE_ID = LNK.NODE_ID_TO AND TON.TP = 'T' ) SELECT /*+
gather_plan_statistics XPLAN_ISO_L */ NODE_ID_FR, NODE_ID_FR, 0 FROM
ISOLATED_LINKS UNION ALL SELECT NODE_ID_TO, NODE_ID_FR, 1 FROM
ISOLATED_LINKS
Plan hash value: 1973504616
---------------------------------------------------------------------------------------------------------------------------------
| Id  | Operation                                | Name                       | Starts | E-Rows | A-Rows |   A-Time   | Buffers |
---------------------------------------------------------------------------------------------------------------------------------
|   0 | INSERT STATEMENT                         |                            |      1 |        |      0 |00:00:00.01 |       9 |
|   1 |  TEMP TABLE TRANSFORMATION               |                            |      1 |        |      0 |00:00:00.01 |       9 |
|   2 |   LOAD AS SELECT (CURSOR DURATION MEMORY)| SYS_TEMP_0FD9D6693_68B03DA |      1 |        |      0 |00:00:00.01 |       2 |
|*  3 |    FILTER                                |                            |      1 |        |      5 |00:00:00.01 |       2 |
|   4 |     HASH GROUP BY                        |                            |      1 |      1 |     13 |00:00:00.01 |       2 |
|   5 |      VIEW                                |                            |      1 |     26 |     26 |00:00:00.01 |       2 |
|   6 |       UNION-ALL                          |                            |      1 |        |     26 |00:00:00.01 |       2 |
|   7 |        INDEX FULL SCAN                   | LINKS_FR_N1                |      1 |     13 |     13 |00:00:00.01 |       1 |
|   8 |        INDEX FULL SCAN                   | LINKS_TO_N1                |      1 |     13 |     13 |00:00:00.01 |       1 |
|   9 |   LOAD AS SELECT (CURSOR DURATION MEMORY)| SYS_TEMP_0FD9D6694_68B03DA |      1 |        |      0 |00:00:00.01 |       3 |
|  10 |    NESTED LOOPS                          |                            |      1 |      1 |      1 |00:00:00.01 |       3 |
|  11 |     NESTED LOOPS                         |                            |      1 |      1 |      4 |00:00:00.01 |       2 |
|  12 |      MERGE JOIN CARTESIAN                |                            |      1 |      1 |      4 |00:00:00.01 |       0 |
|* 13 |       VIEW                               |                            |      1 |      1 |      1 |00:00:00.01 |       0 |
|  14 |        TABLE ACCESS FULL                 | SYS_TEMP_0FD9D6693_68B03DA |      1 |      1 |      5 |00:00:00.01 |       0 |
|  15 |       BUFFER SORT                        |                            |      1 |      1 |      4 |00:00:00.01 |       0 |
|* 16 |        VIEW                              |                            |      1 |      1 |      4 |00:00:00.01 |       0 |
|  17 |         TABLE ACCESS FULL                | SYS_TEMP_0FD9D6693_68B03DA |      1 |      1 |      5 |00:00:00.01 |       0 |
|* 18 |      INDEX RANGE SCAN                    | LINKS_TO_N1                |      4 |      1 |      4 |00:00:00.01 |       2 |
|* 19 |     TABLE ACCESS BY INDEX ROWID          | LINKS                      |      4 |      1 |      1 |00:00:00.01 |       1 |
|  20 |   LOAD TABLE CONVENTIONAL                | NODE_ROOTS                 |      1 |        |      0 |00:00:00.01 |       4 |
|  21 |    UNION-ALL                             |                            |      1 |        |      2 |00:00:00.01 |       0 |
|  22 |     VIEW                                 |                            |      1 |      1 |      1 |00:00:00.01 |       0 |
|  23 |      TABLE ACCESS FULL                   | SYS_TEMP_0FD9D6694_68B03DA |      1 |      1 |      1 |00:00:00.01 |       0 |
|  24 |     VIEW                                 |                            |      1 |      1 |      1 |00:00:00.01 |       0 |
|  25 |      TABLE ACCESS FULL                   | SYS_TEMP_0FD9D6694_68B03DA |      1 |      1 |      1 |00:00:00.01 |       0 |
---------------------------------------------------------------------------------------------------------------------------------
Predicate Information (identified by operation id):
---------------------------------------------------
3 - filter((COUNT(*)=1 AND (MAX("TP")='F' OR MAX("TP")='T')))
13 - filter("FRN"."TP"='F')
16 - filter("TON"."TP"='T')
18 - access("TON"."NODE_ID"="LNK"."NODE_ID_TO")
19 - filter("FRN"."NODE_ID"="LNK"."NODE_ID_FR")
Terminating loop with all nodes processed: 14
Timer Set: Ins_Node_Roots, Constructed at 07 Aug 2022 15:38:32, written at 15:38:33
===================================================================================
Timer                                  Elapsed         CPU       Calls       Ela/Call       CPU/Call
----------------------------------  ----------  ----------  ----------  -------------  -------------
Insert isolated nodes 3: 1                0.04        0.00           1        0.03600        0.00000
Insert isolated links 5: 2                0.27        0.28           1        0.27200        0.28000
OPEN c_roots                              0.29        0.29           1        0.29400        0.29000
Count nodes                               0.00        0.00           1        0.00200        0.00000
FETCH c_roots  (first)                    0.00        0.00           1        0.00000        0.00000
SELECT 1 INTO l_dummy: Not found          0.00        0.00           1        0.00200        0.00000
Insert min_tree_links (4-39 nodes)        0.01        0.01           1        0.00700        0.01000
Insert node_roots (4-39 nodes)            0.00        0.00           1        0.00200        0.00000
(Other)                                   0.00        0.00           1        0.00100        0.00000
----------------------------------  ----------  ----------  ----------  -------------  -------------
Total                                     0.62        0.58           9        0.06844        0.06444
----------------------------------  ----------  ----------  ----------  -------------  -------------
[Timer timed (per call in ms): Elapsed: 0.01887, CPU: 0.02075]

PL/SQL procedure successfully completed.

Elapsed: 00:00:00.80
Node count by root node

ROOT_NODE_ID NODE_NAME                                             N_NODES     MAXLEV
------------ -------------------------------------------------- ---------- ----------
          14 S3-N0-1                                                     1          0
          12 S2-N0-1                                                     2          1
           1 S1-N0-1                                                    11          3
                                                                ----------
sum                                                                     14

Elapsed: 00:00:00.01
Subnet count by number of nodes

   N_NODES  N_SUBNETS
---------- ----------
         1          1
         2          1
        11          1
----------
        14

Elapsed: 00:00:00.01
Subnet count by maximum level

    MAXLEV  N_SUBNETS
---------- ----------
         0          1
         1          1
         3          1

Elapsed: 00:00:00.01

'END:'||TO_CHAR(SYSDATE,'DD-MON-YY
----------------------------------
End: 07-AUG-2022 15:38:33

