
Database             Time                 Version
-------------------- -------------------- ------------------------------
Start: ORCL          07-AUG-2022 15:38:38 Version 21.3.0.0.0

Elapsed: 00:00:00.00
Root name: S1-N0-1, Root id:          1
All paths

NODE_NAME                           NODE                                 LEV
----------------------------------- ----------------------------------- ----
S1-N0-1                             1                                      0
S1-N1-1                             ..2                                    1
S1-N2-1                             ....7                                  2
S1-N3-1                             ......10                               3
S1-N1-2                             ..3                                    1
S1-N1-3                             ....4                                  2
S1-N2-2                             ....8
S1-N1-3                             ..4                                    1
S1-N1-2                             ....3                                  2
S1-N2-2                             ......8                                3
S1-N1-4                             ..5                                    1
S1-N2-3                             ....9                                  2
S1-N1-5                             ......6                                3
S1-N3-2                             ......11
S1-N1-5                             ..6                                    1
S1-N2-3                             ....9                                  2
S1-N1-4                             ......5                                3
S1-N3-2                             ......11

18 rows selected.

Elapsed: 00:00:00.02
SQL_ID  gxnu425vczq1w, child number 0
-------------------------------------
WITH paths (node_id, lev) AS (     SELECT          1, 0       FROM DUAL
UNION ALL     SELECT CASE WHEN lnk.node_id_fr = pth.node_id THEN
lnk.node_id_to                                                   ELSE
lnk.node_id_fr END,            pth.lev + 1       FROM paths pth
JOIN links lnk         ON pth.node_id IN (lnk.node_id_fr,
lnk.node_id_to) )  SEARCH DEPTH FIRST BY node_id SET line_no CYCLE
node_id SET cycle TO '*' DEFAULT ' ' SELECT /*+ gather_plan_statistics
XPLAN_ALL_PATHS */        n.node_name,        Substr(LPad ('.', 1 + 2 *
p.lev, '.') || p.node_id, 2) node,        p.lev   FROM paths p   JOIN
nodes n     ON n.id = p.node_id  WHERE cycle = ' '   ORDER BY p.line_no
Plan hash value: 3305291376
------------------------------------------------------------------------------------------------------------------------------------------------
| Id  | Operation                                  | Name         | Starts | E-Rows | A-Rows |   A-Time   | Buffers |  OMem |  1Mem | Used-Mem |
------------------------------------------------------------------------------------------------------------------------------------------------
|   0 | SELECT STATEMENT                           |              |      1 |        |     18 |00:00:00.01 |     110 |       |       |          |
|   1 |  SORT ORDER BY                             |              |      1 |   1054 |     18 |00:00:00.01 |     110 |  2048 |  2048 | 2048  (0)|
|   2 |   MERGE JOIN                               |              |      1 |   1054 |     18 |00:00:00.01 |     110 |       |       |          |
|   3 |    TABLE ACCESS BY INDEX ROWID             | NODES        |      1 |     14 |     12 |00:00:00.01 |       2 |       |       |          |
|   4 |     INDEX FULL SCAN                        | SYS_C0018915 |      1 |     14 |     12 |00:00:00.01 |       1 |       |       |          |
|*  5 |    SORT JOIN                               |              |     12 |   1054 |     18 |00:00:00.01 |     108 |  2048 |  2048 | 2048  (0)|
|*  6 |     VIEW                                   |              |      1 |   1054 |     18 |00:00:00.01 |     108 |       |       |          |
|   7 |      UNION ALL (RECURSIVE WITH) DEPTH FIRST|              |      1 |        |     39 |00:00:00.01 |     108 |  4096 |  4096 | 4096  (0)|
|   8 |       FAST DUAL                            |              |      1 |      1 |      1 |00:00:00.01 |       0 |       |       |          |
|   9 |       NESTED LOOPS                         |              |      4 |   1053 |     38 |00:00:00.01 |     108 |       |       |          |
|  10 |        RECURSIVE WITH PUMP                 |              |      4 |        |     18 |00:00:00.01 |       0 |       |       |          |
|* 11 |        TABLE ACCESS FULL                   | LINKS        |     18 |      3 |     38 |00:00:00.01 |     108 |       |       |          |
------------------------------------------------------------------------------------------------------------------------------------------------
Predicate Information (identified by operation id):
---------------------------------------------------
5 - access("N"."ID"="P"."NODE_ID")
filter("N"."ID"="P"."NODE_ID")
6 - filter("P"."CYCLE"=' ')
11 - filter(("PTH"."NODE_ID"="LNK"."NODE_ID_FR" OR "PTH"."NODE_ID"="LNK"."NODE_ID_TO"))

PL/SQL procedure successfully completed.

Elapsed: 00:00:00.25

'END:'||TO_CHAR(SYSDATE,'DD-MON-YY
----------------------------------
End: 07-AUG-2022 15:38:38

