
Database             Time                 Version
-------------------- -------------------- ------------------------------
Start: ORCL          07-AUG-2022 15:38:39 Version 21.3.0.0.0

Network detail (tree)

Network    Node Name                           Node                                                                      LEV
---------- ----------------------------------- ---------------------------------------------------------------------- ------
1          S1-N0-1                             1                                                                           0
1          S1-N1-1                             ..2                                                                         1
1          S1-N2-1                             ....7                                                                       2
1          S1-N3-1                             ......10                                                                    3
1          S1-N1-2                             ..3                                                                         1
1          S1-N1-3                             ....4                                                                       2
1          S1-N2-2                             ....8
1          S1-N1-4                             ..5                                                                         1
1          S1-N2-3                             ....9                                                                       2
1          S1-N3-2                             ......11                                                                    3
1          S1-N1-5                             ......6
12         S2-N0-1                             12                                                                          0
12         S2-N1-1                             ..13                                                                        1

13 rows selected.

Elapsed: 00:00:00.03

'END:'||TO_CHAR(SYSDATE,'DD-MON-YY
----------------------------------
End: 07-AUG-2022 15:38:39

