
Database             Time                 Version
-------------------- -------------------- ------------------------------
Start: ORCL          07-AUG-2022 15:38:28 Version 21.3.0.0.0

Drop links table

Table dropped.

Elapsed: 00:00:00.09
Create nodes table

Table dropped.

Elapsed: 00:00:00.02

Table created.

Elapsed: 00:00:00.06
Create node_roots table

Table dropped.

Elapsed: 00:00:00.01

Table created.

Elapsed: 00:00:00.00
Create index node_roots_n1

Index created.

Elapsed: 00:00:00.01
Create links table

Table created.

Elapsed: 00:00:00.00
Create GTT min_tree_links

Table dropped.

Elapsed: 00:00:00.03

Table created.

Elapsed: 00:00:00.00
DO NOT Create index min_tree_links_u1
Create table log_lines

Table dropped.

Elapsed: 00:00:00.01

Table created.

Elapsed: 00:00:00.01
Create links_v table

Table dropped.

Elapsed: 00:00:00.02

Table created.

Elapsed: 00:00:00.00

Package created.

Elapsed: 00:00:00.05
No errors.

Package body created.

Elapsed: 00:00:00.06
No errors.

Package created.

Elapsed: 00:00:00.01
No errors.

Package body created.

Elapsed: 00:00:00.05
No errors.

Package created.

Elapsed: 00:00:00.01
No errors.

Package body created.

Elapsed: 00:00:00.02
No errors.

Package created.

Elapsed: 00:00:00.01
No errors.

Package body created.

Elapsed: 00:00:00.03
No errors.
CREATE OR REPLACE PACKAGE Net_Pipe AUTHID CURRENT_USER AS
*
ERROR at line 1:
ORA-00955: name is already used by an existing object


Elapsed: 00:00:00.00
No errors.

Warning: Package Body created with compilation errors.

Elapsed: 00:00:00.02
Errors for PACKAGE BODY NET_PIPE:

LINE/COL ERROR
-------- -----------------------------------------------------------------
0/0      PL/SQL: Compilation unit analysis terminated
1/14     PLS-00304: cannot compile body of 'NET_PIPE' without its
         specification

VIEW links_load_v

View created.

Elapsed: 00:00:00.02
VIEW nodes_load_v

View created.

Elapsed: 00:00:00.01
Insert nodes

14 rows created.

Elapsed: 00:00:00.03
Insert links

13 rows created.

Elapsed: 00:00:00.03
Count nodes

  COUNT(*)
----------
        14

Elapsed: 00:00:00.00
Count links

  COUNT(*)
----------
        13

Elapsed: 00:00:00.00
Non-unique index links (node_id_fr)

Index created.

Elapsed: 00:00:00.01
Non-unique index on links(node_id_to)

Index created.

Elapsed: 00:00:00.00
Foreign keys on links: node_id_fr and node_id_to

Table altered.

Elapsed: 00:00:00.01

Table altered.

Elapsed: 00:00:00.00
Gather schema stats

PL/SQL procedure successfully completed.

Elapsed: 00:00:00.81
links_v based on links

13 rows created.

Elapsed: 00:00:00.01
Non-unique index ON links_v (node_id_fr)

Index created.

Elapsed: 00:00:00.01
Non-unique index ON links_v (node_id_to)

Index created.

Elapsed: 00:00:00.00

PL/SQL procedure successfully completed.

Elapsed: 00:00:00.33

'END:'||TO_CHAR(SYSDATE,'DD-MON-YY
----------------------------------
End: 07-AUG-2022 15:38:30

