
Database             Time                 Version
-------------------- -------------------- ------------------------------
Start: ORCL          30-JUL-2022 16:00:09 Version 21.3.0.0.0

SQL_ID  2r026mk55rcsn, child number 0
-------------------------------------
SELECT /*+ gather_plan_statistics XPLAN_TYPE_0 */ ID FROM NODES WHERE
ID NOT IN (SELECT NODE_ID FROM NODE_ROOTS) AND ROWNUM = 1
Plan hash value: 4206350241
------------------------------------------------------------------------------------------------------------
| Id  | Operation               | Name          | Starts | E-Rows | A-Rows |   A-Time   | Buffers | Reads  |
------------------------------------------------------------------------------------------------------------
|   0 | SELECT STATEMENT        |               |      1 |        |      0 |00:00:01.63 |     144K|   1153 |
|*  1 |  COUNT STOPKEY          |               |      1 |        |      0 |00:00:01.63 |     144K|   1153 |
|*  2 |   FILTER                |               |      1 |        |      0 |00:00:01.63 |     144K|   1153 |
|   3 |    NESTED LOOPS ANTI SNA|               |      1 |     20 |      0 |00:00:01.58 |     138K|   1153 |
|   4 |     INDEX FAST FULL SCAN| SYS_C0018268  |      1 |   2000 |   2386K|00:00:00.42 |    4726 |   1119 |
|*  5 |     INDEX UNIQUE SCAN   | NODE_ROOTS_N1 |   2386K|   2362K|   2386K|00:00:00.96 |     134K|     34 |
|*  6 |    TABLE ACCESS FULL    | NODE_ROOTS    |      1 |      1 |      0 |00:00:00.04 |    5544 |      0 |
------------------------------------------------------------------------------------------------------------
Predicate Information (identified by operation id):
---------------------------------------------------
1 - filter(ROWNUM=1)
2 - filter( IS NULL)
5 - access("ID"="NODE_ID")
6 - filter("NODE_ID" IS NULL)

PL/SQL procedure successfully completed.

Elapsed: 00:00:01.87
SQL_ID  31qxu0kbcf46f, child number 0
-------------------------------------
SELECT /*+ gather_plan_statistics XPLAN_TYPE_1 */ MIN(ID) FROM NODES
WHERE ID NOT IN (SELECT NODE_ID FROM NODE_ROOTS)
Plan hash value: 3868839114
------------------------------------------------------------------------------------------------------------------------------
| Id  | Operation                | Name         | Starts | E-Rows | A-Rows |   A-Time   | Buffers |  OMem |  1Mem | Used-Mem |
------------------------------------------------------------------------------------------------------------------------------
|   0 | SELECT STATEMENT         |              |      1 |        |      1 |00:00:01.93 |   10271 |       |       |          |
|   1 |  SORT AGGREGATE          |              |      1 |      1 |      1 |00:00:01.93 |   10271 |       |       |          |
|*  2 |   HASH JOIN RIGHT ANTI NA|              |      1 |  23866 |      0 |00:00:01.93 |   10271 |   113M|    11M|  106M (0)|
|   3 |    TABLE ACCESS FULL     | NODE_ROOTS   |      1 |   2364K|   2386K|00:00:00.18 |    5544 |       |       |          |
|   4 |    INDEX FAST FULL SCAN  | SYS_C0018268 |      1 |   2386K|   2386K|00:00:00.34 |    4727 |       |       |          |
------------------------------------------------------------------------------------------------------------------------------
Predicate Information (identified by operation id):
---------------------------------------------------
2 - access("ID"="NODE_ID")

PL/SQL procedure successfully completed.

Elapsed: 00:00:02.18
SQL_ID  dgwtth0yypt5w, child number 0
-------------------------------------
SELECT /*+ gather_plan_statistics XPLAN_TYPE_2 */ ID FROM (SELECT ID
FROM NODES WHERE ID NOT IN ( SELECT NODE_ID FROM NODE_ROOTS) ORDER BY 1
) WHERE ROWNUM = 1
Plan hash value: 3098933446
-------------------------------------------------------------------------------------------------------------
| Id  | Operation                | Name          | Starts | E-Rows | A-Rows |   A-Time   | Buffers | Reads  |
-------------------------------------------------------------------------------------------------------------
|   0 | SELECT STATEMENT         |               |      1 |        |      0 |00:00:01.47 |   89951 |      2 |
|*  1 |  COUNT STOPKEY           |               |      1 |        |      0 |00:00:01.47 |   89951 |      2 |
|   2 |   VIEW                   |               |      1 |      1 |      0 |00:00:01.47 |   89951 |      2 |
|*  3 |    FILTER                |               |      1 |        |      0 |00:00:01.47 |   89951 |      2 |
|   4 |     NESTED LOOPS ANTI SNA|               |      1 |     20 |      0 |00:00:01.43 |   84407 |      2 |
|   5 |      INDEX FULL SCAN     | SYS_C0018268  |      1 |   2386K|   2386K|00:00:00.34 |    4651 |      0 |
|*  6 |      INDEX UNIQUE SCAN   | NODE_ROOTS_N1 |   2386K|   2341K|   2386K|00:00:00.88 |   79756 |      2 |
|*  7 |     TABLE ACCESS FULL    | NODE_ROOTS    |      1 |      1 |      0 |00:00:00.04 |    5544 |      0 |
-------------------------------------------------------------------------------------------------------------
Predicate Information (identified by operation id):
---------------------------------------------------
1 - filter(ROWNUM=1)
3 - filter( IS NULL)
6 - access("ID"="NODE_ID")
7 - filter("NODE_ID" IS NULL)

PL/SQL procedure successfully completed.

Elapsed: 00:00:01.66
SQL_ID  ctusk0f7nf8jh, child number 0
-------------------------------------
SELECT /*+ gather_plan_statistics XPLAN_TYPE_3_1 */ ID FROM NODES ORDER
BY 1
Plan hash value: 2237624833
-------------------------------------------------------------------------------------------
| Id  | Operation        | Name         | Starts | E-Rows | A-Rows |   A-Time   | Buffers |
-------------------------------------------------------------------------------------------
|   0 | SELECT STATEMENT |              |      1 |        |      1 |00:00:00.01 |       3 |
|   1 |  INDEX FULL SCAN | SYS_C0018268 |      1 |   2386K|      1 |00:00:00.01 |       3 |
-------------------------------------------------------------------------------------------
SQL_ID  00yfcvpmuh784, child number 0
-------------------------------------
SELECT /*+ gather_plan_statistics XPLAN_TYPE_3_2 */ 1 FROM NODE_ROOTS
WHERE NODE_ID = :B1
Plan hash value: 2193988880
---------------------------------------------------------------------------------------------
| Id  | Operation         | Name          | Starts | E-Rows | A-Rows |   A-Time   | Buffers |
---------------------------------------------------------------------------------------------
|   0 | SELECT STATEMENT  |               |      1 |        |      1 |00:00:00.01 |       3 |
|*  1 |  INDEX UNIQUE SCAN| NODE_ROOTS_N1 |      1 |      1 |      1 |00:00:00.01 |       3 |
---------------------------------------------------------------------------------------------
Predicate Information (identified by operation id):
---------------------------------------------------
1 - access("NODE_ID"=:B1)

PL/SQL procedure successfully completed.

Elapsed: 00:00:00.41

'END:'||TO_CHAR(SYSDATE,'DD-MON-YY
----------------------------------
End: 30-JUL-2022 16:00:15

