
Database             Time                 Version
-------------------- -------------------- ------------------------------
Start: ORCL          30-JUL-2022 20:30:52 Version 21.3.0.0.0

old   4:   l_n_nodes := SPS_Pre_Inserts.Ins_Isolated_Nodes_Links(p_node_vsn => &P1, p_link_vsn => &P2);
new   4:   l_n_nodes := SPS_Pre_Inserts.Ins_Isolated_Nodes_Links(p_node_vsn => 3, p_link_vsn => 5);
SQL_ID  57wf6f2bfhwpx, child number 0
-------------------------------------
INSERT INTO NODE_ROOTS SELECT /*+  gather_plan_statistics XPLAN_ISO_N
USE_NL (lnk_f) USE_NL (lnk_t) */ NOD.ID, NOD.ID, 0 FROM NODES NOD LEFT
JOIN LINKS LNK_F ON LNK_F.NODE_ID_FR = NOD.ID LEFT JOIN LINKS LNK_T ON
LNK_T.NODE_ID_TO = NOD.ID WHERE LNK_F.NODE_ID_FR IS NULL AND
LNK_T.NODE_ID_TO IS NULL
Plan hash value: 443257954
------------------------------------------------------------------------------------------------------------
| Id  | Operation                | Name         | Starts | E-Rows | A-Rows |   A-Time   | Buffers | Reads  |
------------------------------------------------------------------------------------------------------------
|   0 | INSERT STATEMENT         |              |      1 |        |      0 |00:00:00.26 |     150K|      5 |
|   1 |  LOAD TABLE CONVENTIONAL | NODE_ROOTS   |      1 |        |      0 |00:00:00.26 |     150K|      5 |
|   2 |   NESTED LOOPS ANTI      |              |      1 |     85 |   1489 |00:00:00.26 |     150K|      0 |
|   3 |    NESTED LOOPS ANTI     |              |      1 |   8467 |  10215 |00:00:00.23 |     129K|      0 |
|   4 |     INDEX FAST FULL SCAN | SYS_C0018382 |      1 |    134K|    134K|00:00:00.02 |     325 |      0 |
|*  5 |     INDEX RANGE SCAN     | LINKS_FR_N1  |    134K|   7584K|    123K|00:00:00.18 |     129K|      0 |
|*  6 |    INDEX RANGE SCAN      | LINKS_TO_N1  |  10215 |   8095K|   8726 |00:00:00.03 |   20281 |      0 |
------------------------------------------------------------------------------------------------------------
Predicate Information (identified by operation id):
---------------------------------------------------
5 - access("LNK_F"."NODE_ID_FR"="NOD"."ID")
6 - access("LNK_T"."NODE_ID_TO"="NOD"."ID")
SQL_ID  871d882v4pnu9, child number 0
-------------------------------------
INSERT INTO NODE_ROOTS WITH ALL_NODES AS ( SELECT NODE_ID_FR NODE_ID,
'F' TP FROM LINKS UNION ALL SELECT NODE_ID_TO, 'T' FROM LINKS ),
UNIQUE_NODES AS ( SELECT NODE_ID, MAX(TP) TP FROM ALL_NODES GROUP BY
NODE_ID HAVING COUNT(*) = 1 ), ISOLATED_LINKS AS ( SELECT
LNK.NODE_ID_FR, LNK.NODE_ID_TO FROM LINKS LNK JOIN UNIQUE_NODES FRN ON
FRN.NODE_ID = LNK.NODE_ID_FR AND FRN.TP = 'F' JOIN UNIQUE_NODES TON ON
TON.NODE_ID = LNK.NODE_ID_TO AND TON.TP = 'T' ) SELECT /*+
gather_plan_statistics XPLAN_ISO_L */ NODE_ID_FR, NODE_ID_FR, 0 FROM
ISOLATED_LINKS UNION ALL SELECT NODE_ID_TO, NODE_ID_FR, 1 FROM
ISOLATED_LINKS
Plan hash value: 1684232699
------------------------------------------------------------------------------------------------------------------------------------------------------------
| Id  | Operation                                | Name                       | Starts | E-Rows | A-Rows |   A-Time   | Buffers |  OMem |  1Mem | Used-Mem |
------------------------------------------------------------------------------------------------------------------------------------------------------------
|   0 | INSERT STATEMENT                         |                            |      1 |        |      0 |00:00:01.83 |   37699 |       |       |          |
|   1 |  TEMP TABLE TRANSFORMATION               |                            |      1 |        |      0 |00:00:01.83 |   37699 |       |       |          |
|   2 |   LOAD AS SELECT (CURSOR DURATION MEMORY)| SYS_TEMP_0FD9D6C20_4F65443 |      1 |        |      0 |00:00:01.82 |   33492 |  1024 |  1024 |          |
|*  3 |    FILTER                                |                            |      1 |        |   1797 |00:00:01.91 |   33492 |       |       |          |
|   4 |     HASH GROUP BY                        |                            |      1 |     26 |    132K|00:00:01.82 |   33492 |  9400K|  3717K| 8895K (0)|
|   5 |      VIEW                                |                            |      1 |     16M|     16M|00:00:00.36 |   33492 |       |       |          |
|   6 |       UNION-ALL                          |                            |      1 |        |     16M|00:00:00.34 |   33492 |       |       |          |
|   7 |        TABLE ACCESS FULL                 | LINKS                      |      1 |   8095K|   8095K|00:00:00.16 |   16746 |       |       |          |
|   8 |        TABLE ACCESS FULL                 | LINKS                      |      1 |   8095K|   8095K|00:00:00.15 |   16746 |       |       |          |
|   9 |   LOAD AS SELECT (CURSOR DURATION MEMORY)| SYS_TEMP_0FD9D6C21_4F65443 |      1 |        |      0 |00:00:00.01 |    2690 |  1024 |  1024 |          |
|* 10 |    HASH JOIN                             |                            |      1 |      1 |    425 |00:00:00.01 |    2690 |  2078K|  2078K| 1539K (0)|
|* 11 |     VIEW                                 |                            |      1 |     26 |    901 |00:00:00.01 |       0 |       |       |          |
|  12 |      TABLE ACCESS FULL                   | SYS_TEMP_0FD9D6C20_4F65443 |      1 |     26 |   1797 |00:00:00.01 |       0 |       |       |          |
|  13 |     NESTED LOOPS                         |                            |      1 |   1685 |    896 |00:00:00.01 |    2690 |       |       |          |
|  14 |      NESTED LOOPS                        |                            |      1 |   1690 |    896 |00:00:00.01 |    1794 |       |       |          |
|* 15 |       VIEW                               |                            |      1 |     26 |    896 |00:00:00.01 |       0 |       |       |          |
|  16 |        TABLE ACCESS FULL                 | SYS_TEMP_0FD9D6C20_4F65443 |      1 |     26 |   1797 |00:00:00.01 |       0 |       |       |          |
|* 17 |       INDEX RANGE SCAN                   | LINKS_TO_N1                |    896 |     65 |    896 |00:00:00.01 |    1794 |       |       |          |
|  18 |      TABLE ACCESS BY INDEX ROWID         | LINKS                      |    896 |     65 |    896 |00:00:00.01 |     896 |       |       |          |
|  19 |   LOAD TABLE CONVENTIONAL                | NODE_ROOTS                 |      1 |        |      0 |00:00:00.01 |    1517 |       |       |          |
|  20 |    UNION-ALL                             |                            |      1 |        |    850 |00:00:00.01 |       0 |       |       |          |
|  21 |     VIEW                                 |                            |      1 |      1 |    425 |00:00:00.01 |       0 |       |       |          |
|  22 |      TABLE ACCESS FULL                   | SYS_TEMP_0FD9D6C21_4F65443 |      1 |      1 |    425 |00:00:00.01 |       0 |       |       |          |
|  23 |     VIEW                                 |                            |      1 |      1 |    425 |00:00:00.01 |       0 |       |       |          |
|  24 |      TABLE ACCESS FULL                   | SYS_TEMP_0FD9D6C21_4F65443 |      1 |      1 |    425 |00:00:00.01 |       0 |       |       |          |
------------------------------------------------------------------------------------------------------------------------------------------------------------
Predicate Information (identified by operation id):
---------------------------------------------------
3 - filter((COUNT(*)=1 AND (MAX("TP")='F' OR MAX("TP")='T')))
10 - access("FRN"."NODE_ID"="LNK"."NODE_ID_FR")
11 - filter("FRN"."TP"='F')
15 - filter("TON"."TP"='T')
17 - access("TON"."NODE_ID"="LNK"."NODE_ID_TO")
Timer Set: Ins_Isolated_Nodes_Links, Constructed at 30 Jul 2022 20:30:52, written at 20:30:54
=============================================================================================
Timer                             Elapsed         CPU       Calls       Ela/Call       CPU/Call
-----------------------------  ----------  ----------  ----------  -------------  -------------
Insert isolated nodes 3: 1489        0.27        0.25           1        0.26500        0.25000
Insert isolated links 5: 850         2.07        2.08           1        2.07000        2.08000
(Other)                              0.24        0.24           1        0.24200        0.24000
-----------------------------  ----------  ----------  ----------  -------------  -------------
Total                                2.58        2.57           3        0.85900        0.85667
-----------------------------  ----------  ----------  ----------  -------------  -------------
[Timer timed (per call in ms): Elapsed: 0.01263, CPU: 0.01375]
Processed: 2339

PL/SQL procedure successfully completed.

Elapsed: 00:00:02.70

'END:'||TO_CHAR(SYSDATE,'DD-MON-YY
----------------------------------
End: 30-JUL-2022 20:30:54

