
Database             Time                 Version
-------------------- -------------------- ------------------------------
Start: ORCL          30-JUL-2022 19:54:37 Version 21.3.0.0.0

SQL_ID  2r026mk55rcsn, child number 0
-------------------------------------
SELECT /*+ gather_plan_statistics XPLAN_TYPE_0 */ ID FROM NODES WHERE
ID NOT IN (SELECT NODE_ID FROM NODE_ROOTS) AND ROWNUM = 1
Plan hash value: 3035151152
---------------------------------------------------------------------------------------------------
| Id  | Operation               | Name          | Starts | E-Rows | A-Rows |   A-Time   | Buffers |
---------------------------------------------------------------------------------------------------
|   0 | SELECT STATEMENT        |               |      1 |        |      0 |00:00:00.07 |    4445 |
|*  1 |  COUNT STOPKEY          |               |      1 |        |      0 |00:00:00.07 |    4445 |
|*  2 |   FILTER                |               |      1 |        |      0 |00:00:00.07 |    4445 |
|   3 |    NESTED LOOPS ANTI SNA|               |      1 |     20 |      0 |00:00:00.07 |    4128 |
|   4 |     INDEX FAST FULL SCAN| SYS_C0018382  |      1 |     20 |    134K|00:00:00.01 |     324 |
|*  5 |     INDEX UNIQUE SCAN   | NODE_ROOTS_N1 |    134K|      1 |    134K|00:00:00.04 |    3804 |
|*  6 |    TABLE ACCESS FULL    | NODE_ROOTS    |      1 |      1 |      0 |00:00:00.01 |     317 |
---------------------------------------------------------------------------------------------------
Predicate Information (identified by operation id):
---------------------------------------------------
1 - filter(ROWNUM=1)
2 - filter( IS NULL)
5 - access("ID"="NODE_ID")
6 - filter("NODE_ID" IS NULL)

PL/SQL procedure successfully completed.

Elapsed: 00:00:00.26
SQL_ID  31qxu0kbcf46f, child number 0
-------------------------------------
SELECT /*+ gather_plan_statistics XPLAN_TYPE_1 */ MIN(ID) FROM NODES
WHERE ID NOT IN (SELECT NODE_ID FROM NODE_ROOTS)
Plan hash value: 2804900160
------------------------------------------------------------------------------------------------------------------------------
| Id  | Operation                | Name         | Starts | E-Rows | A-Rows |   A-Time   | Buffers |  OMem |  1Mem | Used-Mem |
------------------------------------------------------------------------------------------------------------------------------
|   0 | SELECT STATEMENT         |              |      1 |        |      1 |00:00:00.06 |     642 |       |       |          |
|   1 |  SORT AGGREGATE          |              |      1 |      1 |      1 |00:00:00.06 |     642 |       |       |          |
|*  2 |   HASH JOIN RIGHT ANTI NA|              |      1 |    134K|      0 |00:00:00.06 |     642 |  7995K|  3201K| 6771K (0)|
|   3 |    TABLE ACCESS FULL     | NODE_ROOTS   |      1 |      1 |    134K|00:00:00.01 |     317 |       |       |          |
|   4 |    INDEX FAST FULL SCAN  | SYS_C0018382 |      1 |    134K|    134K|00:00:00.01 |     325 |       |       |          |
------------------------------------------------------------------------------------------------------------------------------
Predicate Information (identified by operation id):
---------------------------------------------------
2 - access("ID"="NODE_ID")

PL/SQL procedure successfully completed.

Elapsed: 00:00:00.25
SQL_ID  dgwtth0yypt5w, child number 0
-------------------------------------
SELECT /*+ gather_plan_statistics XPLAN_TYPE_2 */ ID FROM (SELECT ID
FROM NODES WHERE ID NOT IN ( SELECT NODE_ID FROM NODE_ROOTS) ORDER BY 1
) WHERE ROWNUM = 1
Plan hash value: 935850722
----------------------------------------------------------------------------------------------------
| Id  | Operation                | Name          | Starts | E-Rows | A-Rows |   A-Time   | Buffers |
----------------------------------------------------------------------------------------------------
|   0 | SELECT STATEMENT         |               |      1 |        |      0 |00:00:00.07 |    3035 |
|*  1 |  COUNT STOPKEY           |               |      1 |        |      0 |00:00:00.07 |    3035 |
|   2 |   VIEW                   |               |      1 |      1 |      0 |00:00:00.07 |    3035 |
|*  3 |    FILTER                |               |      1 |        |      0 |00:00:00.07 |    3035 |
|   4 |     NESTED LOOPS ANTI SNA|               |      1 |     20 |      0 |00:00:00.07 |    2718 |
|   5 |      INDEX FULL SCAN     | SYS_C0018382  |      1 |    134K|    134K|00:00:00.01 |     252 |
|*  6 |      INDEX UNIQUE SCAN   | NODE_ROOTS_N1 |    134K|      1 |    134K|00:00:00.04 |    2466 |
|*  7 |     TABLE ACCESS FULL    | NODE_ROOTS    |      1 |      1 |      0 |00:00:00.01 |     317 |
----------------------------------------------------------------------------------------------------
Predicate Information (identified by operation id):
---------------------------------------------------
1 - filter(ROWNUM=1)
3 - filter( IS NULL)
6 - access("ID"="NODE_ID")
7 - filter("NODE_ID" IS NULL)

PL/SQL procedure successfully completed.

Elapsed: 00:00:00.28
SQL_ID  ctusk0f7nf8jh, child number 0
-------------------------------------
SELECT /*+ gather_plan_statistics XPLAN_TYPE_3_1 */ ID FROM NODES ORDER
BY 1
Plan hash value: 887074439
-------------------------------------------------------------------------------------------
| Id  | Operation        | Name         | Starts | E-Rows | A-Rows |   A-Time   | Buffers |
-------------------------------------------------------------------------------------------
|   0 | SELECT STATEMENT |              |      1 |        |      1 |00:00:00.01 |       2 |
|   1 |  INDEX FULL SCAN | SYS_C0018382 |      1 |    134K|      1 |00:00:00.01 |       2 |
-------------------------------------------------------------------------------------------
SQL_ID  00yfcvpmuh784, child number 0
-------------------------------------
SELECT /*+ gather_plan_statistics XPLAN_TYPE_3_2 */ 1 FROM NODE_ROOTS
WHERE NODE_ID = :B1
Plan hash value: 2193988880
---------------------------------------------------------------------------------------------
| Id  | Operation         | Name          | Starts | E-Rows | A-Rows |   A-Time   | Buffers |
---------------------------------------------------------------------------------------------
|   0 | SELECT STATEMENT  |               |      1 |        |      1 |00:00:00.01 |       2 |
|*  1 |  INDEX UNIQUE SCAN| NODE_ROOTS_N1 |      1 |      1 |      1 |00:00:00.01 |       2 |
---------------------------------------------------------------------------------------------
Predicate Information (identified by operation id):
---------------------------------------------------
1 - access("NODE_ID"=:B1)

PL/SQL procedure successfully completed.

Elapsed: 00:00:00.45

'END:'||TO_CHAR(SYSDATE,'DD-MON-YY
----------------------------------
End: 30-JUL-2022 19:54:38

