
Database             Time                 Version
-------------------- -------------------- ------------------------------
Start: ORCL          30-JUL-2022 20:12:50 Version 21.3.0.0.0

old   4:   l_n_nodes := SPS_Pre_Inserts.Ins_Isolated_Nodes_Links(p_node_vsn => &P1, p_link_vsn => &P2);
new   4:   l_n_nodes := SPS_Pre_Inserts.Ins_Isolated_Nodes_Links(p_node_vsn => 3, p_link_vsn => 4);
SQL_ID  57wf6f2bfhwpx, child number 0
-------------------------------------
INSERT INTO NODE_ROOTS SELECT /*+  gather_plan_statistics XPLAN_ISO_N
USE_NL (lnk_f) USE_NL (lnk_t) */ NOD.ID, NOD.ID, 0 FROM NODES NOD LEFT
JOIN LINKS LNK_F ON LNK_F.NODE_ID_FR = NOD.ID LEFT JOIN LINKS LNK_T ON
LNK_T.NODE_ID_TO = NOD.ID WHERE LNK_F.NODE_ID_FR IS NULL AND
LNK_T.NODE_ID_TO IS NULL
Plan hash value: 443257954
------------------------------------------------------------------------------------------------------------
| Id  | Operation                | Name         | Starts | E-Rows | A-Rows |   A-Time   | Buffers | Reads  |
------------------------------------------------------------------------------------------------------------
|   0 | INSERT STATEMENT         |              |      1 |        |      0 |00:00:00.31 |     150K|      5 |
|   1 |  LOAD TABLE CONVENTIONAL | NODE_ROOTS   |      1 |        |      0 |00:00:00.31 |     150K|      5 |
|   2 |   NESTED LOOPS ANTI      |              |      1 |     85 |   1489 |00:00:00.34 |     150K|      0 |
|   3 |    NESTED LOOPS ANTI     |              |      1 |   8467 |  10215 |00:00:00.28 |     129K|      0 |
|   4 |     INDEX FAST FULL SCAN | SYS_C0018382 |      1 |    134K|    134K|00:00:00.03 |     325 |      0 |
|*  5 |     INDEX RANGE SCAN     | LINKS_FR_N1  |    134K|   7584K|    123K|00:00:00.21 |     129K|      0 |
|*  6 |    INDEX RANGE SCAN      | LINKS_TO_N1  |  10215 |   8095K|   8726 |00:00:00.03 |   20281 |      0 |
------------------------------------------------------------------------------------------------------------
Predicate Information (identified by operation id):
---------------------------------------------------
5 - access("LNK_F"."NODE_ID_FR"="NOD"."ID")
6 - access("LNK_T"."NODE_ID_TO"="NOD"."ID")
SQL_ID  6r4bascwtbk2h, child number 0
-------------------------------------
INSERT INTO NODE_ROOTS WITH ISOLATED_LINKS AS ( SELECT /*+ USE_NL
(lnk_2) USE_NL (lnk_3) USE_NL (lnk_4) */ LNK.NODE_ID_FR, LNK.NODE_ID_TO
FROM LINKS LNK LEFT JOIN LINKS LNK_1 ON (LNK_1.NODE_ID_FR =
LNK.NODE_ID_FR AND LNK_1.ROWID != LNK.ROWID) LEFT JOIN LINKS LNK_2 ON
(LNK_2.NODE_ID_FR = LNK.NODE_ID_TO AND LNK_2.ROWID != LNK.ROWID) LEFT
JOIN LINKS LNK_3 ON (LNK_3.NODE_ID_TO = LNK.NODE_ID_FR AND LNK_3.ROWID
!= LNK.ROWID) LEFT JOIN LINKS LNK_4 ON (LNK_4.NODE_ID_TO =
LNK.NODE_ID_TO AND LNK_4.ROWID != LNK.ROWID) WHERE LNK_1.NODE_ID_FR IS
NULL AND LNK_2.NODE_ID_FR IS NULL AND LNK_3.NODE_ID_TO IS NULL AND
LNK_4.NODE_ID_TO IS NULL ) SELECT /*+ gather_plan_statistics
XPLAN_ISO_L */ NODE_ID_FR, NODE_ID_FR, 0 FROM ISOLATED_LINKS UNION
SELECT NODE_ID_TO, NODE_ID_FR, 1 FROM ISOLATED_LINKS
Plan hash value: 2892651095
----------------------------------------------------------------------------------------------------------------------------------------------------------------------------------------
| Id  | Operation                                | Name                       | Starts | E-Rows | A-Rows |   A-Time   | Buffers | Reads  | Writes |  OMem |  1Mem | Used-Mem | Used-Tmp|
----------------------------------------------------------------------------------------------------------------------------------------------------------------------------------------
|   0 | INSERT STATEMENT                         |                            |      1 |        |      0 |00:18:01.02 |   61806 |  53354 |  53321 |       |       |          |         |
|   1 |  TEMP TABLE TRANSFORMATION               |                            |      1 |        |      0 |00:18:01.02 |   61806 |  53354 |  53321 |       |       |          |         |
|   2 |   LOAD AS SELECT (CURSOR DURATION MEMORY)| SYS_TEMP_0FD9D6C1F_4F65443 |      1 |        |      0 |00:18:01.00 |   60294 |  53351 |  53321 |  1042K|  1042K|          |         |
|*  3 |    FILTER                                |                            |      1 |        |    425 |00:07:17.60 |   60291 |  53351 |  53320 |       |       |          |         |
|   4 |     NESTED LOOPS OUTER                   |                            |      1 |   8095K|   1302 |00:06:08.63 |   60291 |  53351 |  53320 |       |       |          |         |
|*  5 |      FILTER                              |                            |      1 |        |    472 |00:24:39.93 |   59343 |  53351 |  53320 |       |       |          |         |
|   6 |       NESTED LOOPS OUTER                 |                            |      1 |   8095K|  49224 |00:17:06.17 |   59343 |  53351 |  53320 |       |       |          |         |
|*  7 |        FILTER                            |                            |      1 |        |   3724 |00:16:46.44 |   51774 |  53351 |  53320 |       |       |          |         |
|   8 |         NESTED LOOPS OUTER               |                            |      1 |   8095K|    267K|00:19:40.16 |   51774 |  53351 |  53320 |       |       |          |         |
|*  9 |          FILTER                          |                            |      1 |        |   8819 |00:14:03.84 |   33492 |  53351 |  53320 |       |       |          |         |
|* 10 |           HASH JOIN OUTER                |                            |      1 |   8095K|   6232M|00:19:02.80 |   33492 |  53351 |  53320 |   522M|    29M|   91M (1)|     431M|
|  11 |            TABLE ACCESS FULL             | LINKS                      |      1 |   8095K|   8095K|00:00:00.81 |   16746 |      0 |      0 |       |       |          |         |
|  12 |            TABLE ACCESS FULL             | LINKS                      |      1 |   8095K|   8095K|00:00:00.76 |   16746 |      0 |      0 |       |       |          |         |
|* 13 |          INDEX RANGE SCAN                | LINKS_FR_N1                |   8819 |      1 |    263K|00:00:00.27 |   18282 |      0 |      0 |       |       |          |         |
|* 14 |        INDEX RANGE SCAN                  | LINKS_TO_N1                |   3724 |      1 |  48752 |00:00:00.05 |    7569 |      0 |      0 |       |       |          |         |
|* 15 |      INDEX RANGE SCAN                    | LINKS_TO_N1                |    472 |      1 |    877 |00:00:00.01 |     948 |      0 |      0 |       |       |          |         |
|  16 |   LOAD TABLE CONVENTIONAL                | NODE_ROOTS                 |      1 |        |      0 |00:00:00.02 |    1508 |      3 |      0 |       |       |          |         |
|  17 |    HASH UNIQUE                           |                            |      1 |     16M|    850 |00:00:00.01 |       7 |      3 |      0 |  1485K|  1485K|   81M (0)|         |
|  18 |     UNION-ALL                            |                            |      1 |        |    850 |00:00:00.01 |       7 |      3 |      0 |       |       |          |         |
|  19 |      VIEW                                |                            |      1 |   8095K|    425 |00:00:00.01 |       5 |      1 |      0 |       |       |          |         |
|  20 |       TABLE ACCESS FULL                  | SYS_TEMP_0FD9D6C1F_4F65443 |      1 |   8095K|    425 |00:00:00.01 |       5 |      1 |      0 |       |       |          |         |
|  21 |      VIEW                                |                            |      1 |   8095K|    425 |00:00:00.01 |       2 |      2 |      0 |       |       |          |         |
|  22 |       TABLE ACCESS FULL                  | SYS_TEMP_0FD9D6C1F_4F65443 |      1 |   8095K|    425 |00:00:00.01 |       2 |      2 |      0 |       |       |          |         |
----------------------------------------------------------------------------------------------------------------------------------------------------------------------------------------
Predicate Information (identified by operation id):
---------------------------------------------------
3 - filter("LNK_4"."NODE_ID_TO" IS NULL)
5 - filter("LNK_3"."NODE_ID_TO" IS NULL)
7 - filter("LNK_2"."NODE_ID_FR" IS NULL)
9 - filter("LNK_1"."NODE_ID_FR" IS NULL)
10 - access("LNK_1"."NODE_ID_FR"="LNK"."NODE_ID_FR")
filter("LNK_1".ROWID<>"LNK".ROWID)
13 - access("LNK_2"."NODE_ID_FR"="LNK"."NODE_ID_TO")
filter("LNK_2".ROWID<>"LNK".ROWID)
14 - access("LNK_3"."NODE_ID_TO"="LNK"."NODE_ID_FR")
filter("LNK_3".ROWID<>"LNK".ROWID)
15 - access("LNK_4"."NODE_ID_TO"="LNK"."NODE_ID_TO")
filter("LNK_4".ROWID<>"LNK".ROWID)
Timer Set: Ins_Isolated_Nodes_Links, Constructed at 30 Jul 2022 20:12:50, written at 20:30:52
=============================================================================================
Timer                             Elapsed         CPU       Calls       Ela/Call       CPU/Call
-----------------------------  ----------  ----------  ----------  -------------  -------------
Insert isolated nodes 3: 1489        0.31        0.31           1        0.30800        0.31000
Insert isolated links 4: 850      1081.25     1079.47           1     1081.25400     1079.47000
(Other)                              0.24        0.24           1        0.23800        0.24000
-----------------------------  ----------  ----------  ----------  -------------  -------------
Total                             1081.80     1080.02           3      360.60000      360.00667
-----------------------------  ----------  ----------  ----------  -------------  -------------
[Timer timed (per call in ms): Elapsed: 0.01020, CPU: 0.01122]
Processed: 2339

PL/SQL procedure successfully completed.

Elapsed: 00:18:01.95

'END:'||TO_CHAR(SYSDATE,'DD-MON-YY
----------------------------------
End: 30-JUL-2022 20:30:52

