
Database             Time                 Version
-------------------- -------------------- ------------------------------
Start: ORCL          30-JUL-2022 18:50:33 Version 21.3.0.0.0

SQL_ID  2r026mk55rcsn, child number 0
-------------------------------------
SELECT /*+ gather_plan_statistics XPLAN_TYPE_0 */ ID FROM NODES WHERE
ID NOT IN (SELECT NODE_ID FROM NODE_ROOTS) AND ROWNUM = 1
Plan hash value: 1212390970
---------------------------------------------------------------------------------------------------
| Id  | Operation               | Name          | Starts | E-Rows | A-Rows |   A-Time   | Buffers |
---------------------------------------------------------------------------------------------------
|   0 | SELECT STATEMENT        |               |      1 |        |      0 |00:00:00.04 |    1892 |
|*  1 |  COUNT STOPKEY          |               |      1 |        |      0 |00:00:00.04 |    1892 |
|*  2 |   FILTER                |               |      1 |        |      0 |00:00:00.04 |    1892 |
|   3 |    NESTED LOOPS ANTI SNA|               |      1 |     20 |      0 |00:00:00.04 |    1717 |
|   4 |     INDEX FAST FULL SCAN| SYS_C0018346  |      1 |     20 |  58228 |00:00:00.01 |     124 |
|*  5 |     INDEX UNIQUE SCAN   | NODE_ROOTS_N1 |  58228 |      1 |  58228 |00:00:00.02 |    1593 |
|*  6 |    TABLE ACCESS FULL    | NODE_ROOTS    |      1 |      1 |      0 |00:00:00.01 |     175 |
---------------------------------------------------------------------------------------------------
Predicate Information (identified by operation id):
---------------------------------------------------
1 - filter(ROWNUM=1)
2 - filter( IS NULL)
5 - access("ID"="NODE_ID")
6 - filter("NODE_ID" IS NULL)

PL/SQL procedure successfully completed.

Elapsed: 00:00:00.27
SQL_ID  31qxu0kbcf46f, child number 0
-------------------------------------
SELECT /*+ gather_plan_statistics XPLAN_TYPE_1 */ MIN(ID) FROM NODES
WHERE ID NOT IN (SELECT NODE_ID FROM NODE_ROOTS)
Plan hash value: 2651629960
------------------------------------------------------------------------------------------------------------------------------
| Id  | Operation                | Name         | Starts | E-Rows | A-Rows |   A-Time   | Buffers |  OMem |  1Mem | Used-Mem |
------------------------------------------------------------------------------------------------------------------------------
|   0 | SELECT STATEMENT         |              |      1 |        |      1 |00:00:00.03 |     300 |       |       |          |
|   1 |  SORT AGGREGATE          |              |      1 |      1 |      1 |00:00:00.03 |     300 |       |       |          |
|*  2 |   HASH JOIN RIGHT ANTI NA|              |      1 |  58228 |      0 |00:00:00.03 |     300 |  4599K|  3201K| 3607K (0)|
|   3 |    TABLE ACCESS FULL     | NODE_ROOTS   |      1 |      1 |  58228 |00:00:00.01 |     175 |       |       |          |
|   4 |    INDEX FAST FULL SCAN  | SYS_C0018346 |      1 |  58228 |  58228 |00:00:00.01 |     125 |       |       |          |
------------------------------------------------------------------------------------------------------------------------------
Predicate Information (identified by operation id):
---------------------------------------------------
2 - access("ID"="NODE_ID")

PL/SQL procedure successfully completed.

Elapsed: 00:00:00.25
SQL_ID  dgwtth0yypt5w, child number 0
-------------------------------------
SELECT /*+ gather_plan_statistics XPLAN_TYPE_2 */ ID FROM (SELECT ID
FROM NODES WHERE ID NOT IN ( SELECT NODE_ID FROM NODE_ROOTS) ORDER BY 1
) WHERE ROWNUM = 1
Plan hash value: 3567725358
----------------------------------------------------------------------------------------------------
| Id  | Operation                | Name          | Starts | E-Rows | A-Rows |   A-Time   | Buffers |
----------------------------------------------------------------------------------------------------
|   0 | SELECT STATEMENT         |               |      1 |        |      0 |00:00:00.03 |    1427 |
|*  1 |  COUNT STOPKEY           |               |      1 |        |      0 |00:00:00.03 |    1427 |
|   2 |   VIEW                   |               |      1 |      1 |      0 |00:00:00.03 |    1427 |
|*  3 |    FILTER                |               |      1 |        |      0 |00:00:00.03 |    1427 |
|   4 |     NESTED LOOPS ANTI SNA|               |      1 |     20 |      0 |00:00:00.03 |    1252 |
|   5 |      INDEX FULL SCAN     | SYS_C0018346  |      1 |  58228 |  58228 |00:00:00.01 |     109 |
|*  6 |      INDEX UNIQUE SCAN   | NODE_ROOTS_N1 |  58228 |      1 |  58228 |00:00:00.02 |    1143 |
|*  7 |     TABLE ACCESS FULL    | NODE_ROOTS    |      1 |      1 |      0 |00:00:00.01 |     175 |
----------------------------------------------------------------------------------------------------
Predicate Information (identified by operation id):
---------------------------------------------------
1 - filter(ROWNUM=1)
3 - filter( IS NULL)
6 - access("ID"="NODE_ID")
7 - filter("NODE_ID" IS NULL)

PL/SQL procedure successfully completed.

Elapsed: 00:00:00.23
SQL_ID  ctusk0f7nf8jh, child number 0
-------------------------------------
SELECT /*+ gather_plan_statistics XPLAN_TYPE_3_1 */ ID FROM NODES ORDER
BY 1
Plan hash value: 4227220278
---------------------------------------------------------------------------------------------------------------------------
| Id  | Operation             | Name         | Starts | E-Rows | A-Rows |   A-Time   | Buffers |  OMem |  1Mem | Used-Mem |
---------------------------------------------------------------------------------------------------------------------------
|   0 | SELECT STATEMENT      |              |      1 |        |      1 |00:00:00.01 |     125 |       |       |          |
|   1 |  SORT ORDER BY        |              |      1 |  58228 |      1 |00:00:00.01 |     125 |  1470K|   606K| 1306K (0)|
|   2 |   INDEX FAST FULL SCAN| SYS_C0018346 |      1 |  58228 |  58228 |00:00:00.01 |     125 |       |       |          |
---------------------------------------------------------------------------------------------------------------------------
SQL_ID  00yfcvpmuh784, child number 0
-------------------------------------
SELECT /*+ gather_plan_statistics XPLAN_TYPE_3_2 */ 1 FROM NODE_ROOTS
WHERE NODE_ID = :B1
Plan hash value: 2193988880
---------------------------------------------------------------------------------------------
| Id  | Operation         | Name          | Starts | E-Rows | A-Rows |   A-Time   | Buffers |
---------------------------------------------------------------------------------------------
|   0 | SELECT STATEMENT  |               |      1 |        |      1 |00:00:00.01 |       2 |
|*  1 |  INDEX UNIQUE SCAN| NODE_ROOTS_N1 |      1 |      1 |      1 |00:00:00.01 |       2 |
---------------------------------------------------------------------------------------------
Predicate Information (identified by operation id):
---------------------------------------------------
1 - access("NODE_ID"=:B1)

PL/SQL procedure successfully completed.

Elapsed: 00:00:00.41

'END:'||TO_CHAR(SYSDATE,'DD-MON-YY
----------------------------------
End: 30-JUL-2022 18:50:34

