
Database             Time                 Version
-------------------- -------------------- ------------------------------
Start: ORCL          01-AUG-2022 12:37:48 Version 21.3.0.0.0

Timer Set: Ins_Node_Roots, Constructed at 01 Aug 2022 12:37:48, written at 12:37:55
===================================================================================
Timer                                                  Elapsed         CPU       Calls       Ela/Call       CPU/Call
--------------------------------------------------  ----------  ----------  ----------  -------------  -------------
SELECT id INTO l_root_id                                  3.34        3.09         548        0.00609        0.00564
Insert min_tree_links (root node 579, size: 56739)        0.95        0.92           1        0.95100        0.92000
Insert node_roots (root node 579, size: 56739)            0.52        0.42           1        0.51900        0.42000
Insert min_tree_links (2 nodes)                           1.28        1.38         362        0.00354        0.00381
Insert node_roots (2 nodes)                               0.08        0.08         362        0.00022        0.00022
Insert min_tree_links (4-39 nodes)                        0.30        0.33          80        0.00376        0.00413
Insert node_roots (4-39 nodes)                            0.04        0.00          80        0.00048        0.00000
Insert min_tree_links (3 nodes)                           0.34        0.45         103        0.00327        0.00437
Insert node_roots (3 nodes)                               0.00        0.02         103        0.00003        0.00019
Insert min_tree_links (root node 3463, size: 49)          0.01        0.00           1        0.01300        0.00000
Insert node_roots (root node 3463, size: 49)              0.00        0.00           1        0.00000        0.00000
(Other)                                                   0.00        0.00           1        0.00000        0.00000
--------------------------------------------------  ----------  ----------  ----------  -------------  -------------
Total                                                     6.86        6.69        1643        0.00418        0.00407
--------------------------------------------------  ----------  ----------  ----------  -------------  -------------
[Timer timed (per call in ms): Elapsed: 0.01042, CPU: 0.01042]

PL/SQL procedure successfully completed.

Node count by root node

ROOT_NODE_ID NODE_NAME                                             N_NODES     MAXLEV
------------ -------------------------------------------------- ---------- ----------
        3450 57412                                                       2          1
        2041 21785                                                                  1
        2818 35755                                                                  1
        2878 37346                                                                  1
        3125 44274                                                                  1
        3255 48504                                                                  1
        3308 50729                                                                  1
        7061 55644                                                                  1
        6043 45714                                                                  1
        9163 20150                                                                  1
        9658 28517                                                                  1
        9748 29876                                                                  1
       10243 40927                                                                  1
       10447 47267                                                                  1
       10548 51407                                                                  1
       14395 55624                                                                  1
       14462 56279                                                                  1
       15622 9256                                                                   1
       13846 50678                                                                  1
       18060 56890                                                                  1
       18078 57546                                                                  1
       16810 24477                                                                  1
       17174 30473                                                                  1
       17459 36385                                                                  1
       17642 42003                                                                  1
       22053 57963                                                                  1
       25168 45014                                                                  1
       25307 50691                                                                  1
       23382 12592                                                                  1
       29071 56219                                                                  1
       28371 49168                                                                  1
       36486 57704                                                                  1
       37440 8404                                                                   1
       37777 11770                                                                  1
       36086 53988                                                                  1
       39540 44008                                                                  1
       39868 57364                                                                  1
       46050 27915                                                                  1
       50220 41990                                                                  1
       54266 51095                                                                  1
       54359 54721                                                                  1
        1680 17012                                                                  1
        2417 28211                                                                  1
        2974 39785                                                                  1
        3019 41172                                                                  1
        3404 55411                                                                  1
        7288 57728                                                                  1
        7296 57828                                                                  1
        7300 57851                                                                  1
        7301 56421                                                                  1
        8693 13516                                                                  1
        6055 45785                                                                  1
        6651 51916                                                                  1
        9659 28531                                                                  1
        9676 28891                                                                  1
        9761 30075                                                                  1
       10030 35474                                                                  1
       10113 37277                                                                  1
       10177 38856                                                                  1
       10702 58033                                                                  1
       14183 53684                                                                  1
       14383 55497                                                                  1
       14450 50528                                                                  1
       14494 56596                                                                  1
       14635 58042                                                                  1
       15395 7264                                                                   1
       16211 15636                                                                  1
       21811 55602                                                                  1
       20486 42778                                                                  1
       25136 44122                                                                  1
       25380 53623                                                                  1
       25434 55654                                                                  1
       25723 12780                                                                  1
       28577 51421                                                                  1
       32593 55437                                                                  1
       37365 7638                                                                   1
       35792 50899                                                                  1
       39294 35759                                                                  1
       39828 55607                                                                  1
       43080 51119                                                                  1
       43599 56231                                                                  1
       43607 56286                                                                  1
       43766 57924                                                                  1
       47021 54739                                                                  1
       54363 54841                                                                  1
         913 8218                                                                   1
         166 1731                                                                   1
        2861 36821                                                                  1
        2979 39820                                                                  1
        6863 53787                                                                  1
        6961 54680                                                                  1
        6980 54893                                                                  1
        7274 57572                                                                  1
        6572 51120                                                                  1
        6579 51170                                                                  1
        6613 51519                                                                  1
        9600 27481                                                                  1
       10099 37084                                                                  1
       10601 53999                                                                  1
       10620 54723                                                                  1
       10676 57258                                                                  1
       14163 53515                                                                  1
       14176 53645                                                                  1
       14315 54845                                                                  1
       14336 42034                                                                  1
       13149 36374                                                                  1
       13854 50776                                                                  1
       13890 51091                                                                  1
       13919 51410                                                                  1
       17820 47277                                                                  1
       18004 54871                                                                  1
       17406 35302                                                                  1
       17507 37715                                                                  1
       21593 53503                                                                  1
       25022 40842                                                                  1
       25137 44191                                                                  1
       25426 55415                                                                  1
       23589 14692                                                                  1
       28884 43779                                                                  1
       28912 48737                                                                  1
       31618 27838                                                                  1
       32591 55432                                                                  1
       37613 9963                                                                   1
       36169 54633                                                                  1
       36218 55113                                                                  1
       39343 37516                                                                  1
       39357 37916                                                                  1
       43345 53601                                                                  1
       49468 43850                                                                  1
       54421 57698                                                                  1
        1195 11136                                                                  1
        1247 11686                                                                  1
        2392 27880                                                                  1
        2395 27894                                                                  1
        2752 34215                                                                  1
        2841 36272                                                                  1
        3023 41312                                                                  1
        3320 51575                                                                  1
        3392 55071                                                                  1
        3422 55942                                                                  1
        6986 54957                                                                  1
        7139 56402                                                                  1
        5746 27316                                                                  1
        9429 24435                                                                  1
        9622 27831                                                                  1
        9746 29852                                                                  1
       10038 35609                                                                  1
       10227 40368                                                                  1
       10255 41212                                                                  1
       10411 45690                                                                  1
       10587 53514                                                                  1
       10595 53824                                                                  1
       10633 55204                                                                  1
       10645 55440                                                                  1
       14189 53760                                                                  1
       14191 53767                                                                  1
       14567 57339                                                                  1
       15944 12601                                                                  1
       13661 48904                                                                  1
       17721 44250                                                                  1
       21358 51349                                                                  1
       21612 49404                                                                  1
       21737 54860                                                                  1
       24866 35608                                                                  1
       25013 40365                                                                  1
       25042 41354                                                                  1
       25447 56221                                                                  1
       24605 29916                                                                  1
       28971 55132                                                                  1
       29103 56547                                                                  1
       31625 27960                                                                  1
       31680 28842                                                                  1
       32303 44017                                                                  1
       36462 57559                                                                  1
       36483 57688                                                                  1
       36512 56889                                                                  1
       36518 58047                                                                  1
       36533 58178                                                                  1
       35845 51420                                                                  1
       39779 53712                                                                  1
       44601 8026                                                                   1
       46439 35769                                                                  1
       43962 1704                                                                   1
       50745 45914                                                                  1
       49968 48787                                                                  1
       54339 53839                                                                  1
        1020 9276                                                                   1
        1135 10541                                                                  1
        3454 57458                                                                  1
        5250 37348                                                                  1
        5251 37351                                                                  1
        5597 40962                                                                  1
        2342 27113                                                                  1
        2972 39762                                                                  1
        7005 55073                                                                  1
        7191 56829                                                                  1
        7285 57701                                                                  1
       10642 55421                                                                  1
       10689 57696                                                                  1
       14497 56639                                                                  1
       14515 56826                                                                  1
       14528 56966                                                                  1
       14601 57754                                                                  1
       13948 51629                                                                  1
       17753 45101                                                                  1
       18056 56787                                                                  1
       19827 35953                                                                  1
       16302 17047                                                                  1
       16538 20137                                                                  1
       17433 35763                                                                  1
       21317 50940                                                                  1
       21366 51409                                                                  1
       23337 12095                                                                  1
       23395 12709                                                                  1
       28520 50775                                                                  1
       28930 54774                                                                  1
       29229 57691                                                                  1
       32149 39188                                                                  1
       38897 27487                                                                  1
       38924 27882                                                                  1
       39451 40880                                                                  1
       39489 42517                                                                  1
       42056 41147                                                                  1
       46023 27548                                                                  1
       46421 35381                                                                  1
       46447 36022                                                                  1
       45947 26072                                                                  1
       49722 46458                                                                  1
       54246 50530                                                                  1
        2385 27790                                                                  1
        2801 35326                                                                  1
        2954 39294                                                                  1
        3124 44201                                                                  1
        3306 50504                                                                  1
        3405 55412                                                                  1
        6920 53560                                                                  1
        7200 56931                                                                  1
        6850 53690                                                                  1
        9145 19925                                                                  1
        9640 28073                                                                  1
       10090 36981                                                                  1
       10221 40137                                                                  1
       14513 54722                                                                  1
       14570 57366                                                                  1
       14587 57549                                                                  1
       13883 50982                                                                  1
       13985 51931                                                                  1
       17858 48664                                                                  1
       16540 20149                                                                  1
       16937 26403                                                                  1
       17009 27765                                                                  1
       17522 38066                                                                  1
       17615 40925                                                                  1
       21337 51155                                                                  1
       21650 54073                                                                  1
       21920 56692                                                                  1
       22004 54716                                                                  1
       22039 57831                                                                  1
       25345 51903                                                                  1
       28897 54494                                                                  1
       28942 54854                                                                  1
       29134 56839                                                                  1
       29228 57683                                                                  1
       29266 58017                                                                  1
       28162 47479                                                                  1
       32096 37585                                                                  1
       32200 40814                                                                  1
       36403 57042                                                                  1
       36522 58069                                                                  1
       35358 46518                                                                  1
       35781 50743                                                                  1
        2197 24642                                                                  1
        2303 26418                                                                  1
        2514 29895                                                                  1
        2798 35299                                                                  1
        3010 40859                                                                  1
        3120 44123                                                                  1
        3382 54719                                                                  1
        3406 55422                                                                  1
        6976 44198                                                                  1
        7138 55064                                                                  1
        8266 8738                                                                   1
        6852 53701                                                                  1
       10031 35481                                                                  1
       10123 37515                                                                  1
       14165 53527                                                                  1
       14230 54126                                                                  1
       15738 10572                                                                  1
       13161 44248                                                                  1
       19742 6544                                                                   1
       17060 28551                                                                  1
       21292 50730                                                                  1
       21303 50824                                                                  1
       21952 56976                                                                  1
       25196 46127                                                                  1
       25478 57824                                                                  1
       23383 12593                                                                  1
       29002 55555                                                                  1
       27489 40400                                                                  1
       30611 13423                                                                  1
       35098 43973                                                                  1
       36082 53908                                                                  1
       39284 35464                                                                  1
       42365 44247                                                                  1
       39806 54864                                                                  1
       46048 27897                                                                  1
       47099 58118                                                                  1
       50474 53613                                                                  1
         767 6945                                                                   1
        1401 13277                                                                  1
        2845 36375                                                                  1
        3040 41919                                                                  1
        3117 44011                                                                  1
        3156 45010                                                                  1
        3194 46025                                                                  1
        3229 47486                                                                  1
        3356 52712                                                                  1
        3390 54897                                                                  1
        3431 56185                                                                  1
        6882 53923                                                                  1
        6968 54735                                                                  1
        8951 16794                                                                  1
        6570 51109                                                                  1
        6644 51871                                                                  1
        6849 53687                                                                  1
       10397 45052                                                                  1
       10703 58045                                                                  1
       14347 55188                                                                  1
       14573 57375                                                                  1
       14591 54975                                                                  1
       13323 45800                                                                  1
       13516 47589                                                                  1
       13901 51261                                                                  1
       18010 55205                                                                  1
       18079 57551                                                                  1
       16959 26744                                                                  1
       17030 28061                                                                  1
       17147 29851                                                                  1
       17722 44251                                                                  1
       21352 51297                                                                  1
       21951 56967                                                                  1
       22011 57606                                                                  1
       20452 40482                                                                  1
       20832 17065                                                                  1
       25029 40918                                                                  1
       25458 56819                                                                  1
       23473 13508                                                                  1
       23785 17287                                                                  1
       28824 53487                                                                  1
       29014 55645                                                                  1
       30470 11831                                                                  1
       32055 36378                                                                  1
       38289 18379                                                                  1
       36195 54843                                                                  1
       36215 55083                                                                  1
       39033 29850                                                                  1
       39545 44091                                                                  1
       46502 37421                                                                  1
       43458 54838                                                                  1
       43710 57312                                                                  1
       46640 41599                                                                  1
       50757 56142                                                                  1
       10043 35772                                                       3          1
       10078 36652                                                                  2
       13480 47312                                                                  1
       13907 51314                                                                  2
       13938 51563                                                                  2
       17715 43977                                                                  2
       22073 58139                                                                  2
       23308 11778                                                                  1
        3447 57319                                                                  2
        2846 36383                                                                  2
        3118 44013                                                                  1
        7326 58176                                                                  2
        6773 52960                                                                  2
       10554 51911                                                                  1
       10660 56646                                                                  1
       14177 53654                                                                  2
       14568 53511                                                                  2
       13167 44352                                                                  2
       17023 27933                                                                  1
       21364 36758                                                                  2
       21956 57027                                                                  2
       30402 11053                                                                  1
       32352 45505                                                                  2
       37814 12145                                                                  1
        1598 15663                                                                  1
        2384 27761                                                                  1
       10643 55426                                                                  1
       10695 57816                                                                  1
       14608 57791                                                                  2
       21605 53625                                                                  2
       21816 55687                                                                  2
       22062 58027                                                                  2
       20806 46296                                                                  2
       28926 54742                                                                  2
       22025 57699                                                                  2
       24860 35547                                                                  1
       25125 43805                                                                  1
       25181 45717                                                                  1
       25317 51020                                                                  2
       27594 41527                                                                  2
        1383 13125                                                                  2
        2973 39775                                                                  2
        6974 54850                                                                  2
        8718 13846                                                                  1
       10525 50885                                                                  2
       14613 57833                                                                  1
       17405 35283                                                                  1
       17414 35440                                                                  2
       22013 55664                                                                  2
       25415 55081                                                                  1
       23728 16525                                                                  1
       28550 51111                                                                  2
       39643 47951                                                                  1
          77 813                                                                    2
         141 1469                                                                   2
         374 3403                                                                   1
        3457 57591                                                                  1
        3459 57703                                                                  1
        3123 44189                                                                  2
        3387 54855                                                                  1
       10432 46639                                                                  1
       18075 57359                                                                  1
       17651 42164                                                                  1
       25130 44009                                                                  2
       32575 54684                                                                  1
        7186 56786                                                                  1
        7289 57746                                                                  2
        7309 57965                                                                  2
        7330 58214                                                                  1
        1385 13152                                                                  1
        2647 32410                                                                  2
        7196 56861                                                                  2
        6855 53740                                                                  2
       10413 45775                                                                  1
       18080 57690                                                                  1
       16347 17459                                                                  1
       32651 57692                                                                  2
       39821 55420                                                                  2
       45391 17401                                                                  1
       46928 50805                                                                  2
        3453 57446                                                                  1
        6845 53639                                                                  2
       10319 42964                                                                  1
       10366 44203                                                                  2
       10598 53853                                                                  1
       14592 57627                                                                  2
       18009 55182                                                                  1
       16266 16399                                                                  1
       16300 16825                                                                  2
       17019 27844                                                                  1
       21603 53595                                                                  2
       21957 57029                                                                  2
       25332 51439                                                                  1
       28582 51447                                                                  2
        3466 58063                                                                  1
        2820 35781                                                                  2
        2870 37044                                                                  2
        3269 48980                                                                  2
        6269 48109                                                                  2
       10573 52531                                                                  1
       10621 54758                                                                  1
       14402 55678                                                                  2
       17150 29901                                                                  1
       10641 55401                                                       4          1
       10693 57757                                                                  2
        2071 22386                                                                  1
        2322 26630                                                                  2
        2428 28518                                                                  1
        3012 40898                                                                  2
       17612 40896                                                                  2
       27705 42671                                                                  2
       31744 29853                                                                  1
        2828 36031                                                                  2
        7245 57350                                                                  3
       21728 54793                                                                  3
       17622 41327                                                                  1
       25264 48793                                                                  1
        3430 56150                                                                  1
        6977 54866                                                                  2
        7324 58114                                                                  2
       10625 54846                                                                  2
       13156 44161                                                                  2
        2372 27542                                                                  2
        2430 28523                                                                  2
        2875 37270                                                                  2
        3132 44467                                                                  1
       14585 57532                                                                  2
       21114 49201                                                                  2
       25089 42874                                                                  2
        1284 11982                                                                  2
        3331 51936                                                                  2
        8696 13542                                                                  2
       25484 58072                                                                  2
       36204 54937                                                                  2
        7253 57404                                                                  3
       14293 54637                                                                  2
       36392 56981                                                                  3
        3458 57649                                                                  1
        2766 34428                                                                  2
        2843 36328                                                                  1
        3205 46523                                                                  1
        8656 13188                                                                  2
       10688 57687                                                                  3
       14617 57874                                                       5          3
       14406 55698                                                                  2
        3449 57399                                                                  2
        2815 35661                                                                  3
       10593 53799                                                                  2
       14627 57966                                                                  3
       25405 54724                                                                  2
       45876 24937                                                                  1
        3381 54711                                                                  1
       12498 36938                                                                  2
       14190 53764                                                                  3
        2367 27490                                                                  2
        8131 7637                                                                   2
       18055 56747                                                                  3
       22024 55429                                                                  2
        7271 57537                                                                  2
        8619 12781                                                                  2
       10699 57953                                                                  2
       22005 57556                                                                  3
        3330 51933                                                                  2
       22007 57570                                                                  3
        8861 15678                                                       6          2
        6914 54206                                                                  2
        7140 56415                                                                  3
       18050 56587                                                                  3
        3225 47290                                                                  3
        6901 54095                                                                  2
       20619 44300                                                                  3
       10513 50508                                                                  1
       10681 57504                                                                  2
        6512 50606                                                       7          2
        7202 56955                                                                  4
        2376 27572                                                                  2
       16027 13496                                                       8          2
        3384 54756                                                                  1
        7275 57600                                                       9          3
        3440 56916                                                      10          2
       20437 42189                                                                  2
        3414 55593                                                      11          2
        2821 35792                                                                  2
        3463 57969                                                      49          5
         579 5353                                                    56739         11
                                                                ----------
sum                                                                  58228

547 rows selected.

Elapsed: 00:00:00.29
Subnet count by number of nodes

   N_NODES  N_SUBNETS
---------- ----------
         2        362
         3        103
         4         40
         5         21
         6          9
         7          3
         8          2
         9          1
        10          2
        11          2
        49          1
     56739          1
----------
     56853

12 rows selected.

Elapsed: 00:00:00.01
Subnet count by maximum level

    MAXLEV  N_SUBNETS
---------- ----------
         1        425
         2        102
         3         17
         4          1
         5          1
        11          1

6 rows selected.

Elapsed: 00:00:00.01

'END:'||TO_CHAR(SYSDATE,'DD-MON-YY
----------------------------------
End: 01-AUG-2022 12:37:56

