
Database             Time                 Version
-------------------- -------------------- ------------------------------
Start: ORCL          30-JUL-2022 18:50:26 Version 21.3.0.0.0

Ins_Node_Roots: p_node_vsn = 3p_link_vsn = 5, p_order_type = 3
SQL_ID  57wf6f2bfhwpx, child number 0
-------------------------------------
INSERT INTO NODE_ROOTS SELECT /*+  gather_plan_statistics XPLAN_ISO_N
USE_NL (lnk_f) USE_NL (lnk_t) */ NOD.ID, NOD.ID, 0 FROM NODES NOD LEFT
JOIN LINKS LNK_F ON LNK_F.NODE_ID_FR = NOD.ID LEFT JOIN LINKS LNK_T ON
LNK_T.NODE_ID_TO = NOD.ID WHERE LNK_F.NODE_ID_FR IS NULL AND
LNK_T.NODE_ID_TO IS NULL
Plan hash value: 3520408990
---------------------------------------------------------------------------------------------------
| Id  | Operation                | Name         | Starts | E-Rows | A-Rows |   A-Time   | Buffers |
---------------------------------------------------------------------------------------------------
|   0 | INSERT STATEMENT         |              |      1 |        |      0 |00:00:00.06 |    4093 |
|   1 |  LOAD TABLE CONVENTIONAL | NODE_ROOTS   |      1 |        |      0 |00:00:00.06 |    4093 |
|   2 |   NESTED LOOPS ANTI      |              |      1 |      7 |      0 |00:00:00.06 |    4093 |
|   3 |    NESTED LOOPS ANTI     |              |      1 |    676 |   1162 |00:00:00.02 |    3313 |
|   4 |     INDEX FAST FULL SCAN | SYS_C0018346 |      1 |  58228 |  58228 |00:00:00.01 |     125 |
|*  5 |     INDEX RANGE SCAN     | LINKS_TO_N1  |  58228 |    211K|  57066 |00:00:00.04 |    3188 |
|*  6 |    INDEX RANGE SCAN      | LINKS_FR_N1  |   1162 |    214K|   1162 |00:00:00.01 |     780 |
---------------------------------------------------------------------------------------------------
Predicate Information (identified by operation id):
---------------------------------------------------
5 - access("LNK_T"."NODE_ID_TO"="NOD"."ID")
6 - access("LNK_F"."NODE_ID_FR"="NOD"."ID")
SQL_ID  871d882v4pnu9, child number 0
-------------------------------------
INSERT INTO NODE_ROOTS WITH ALL_NODES AS ( SELECT NODE_ID_FR NODE_ID,
'F' TP FROM LINKS UNION ALL SELECT NODE_ID_TO, 'T' FROM LINKS ),
UNIQUE_NODES AS ( SELECT NODE_ID, MAX(TP) TP FROM ALL_NODES GROUP BY
NODE_ID HAVING COUNT(*) = 1 ), ISOLATED_LINKS AS ( SELECT
LNK.NODE_ID_FR, LNK.NODE_ID_TO FROM LINKS LNK JOIN UNIQUE_NODES FRN ON
FRN.NODE_ID = LNK.NODE_ID_FR AND FRN.TP = 'F' JOIN UNIQUE_NODES TON ON
TON.NODE_ID = LNK.NODE_ID_TO AND TON.TP = 'T' ) SELECT /*+
gather_plan_statistics XPLAN_ISO_L */ NODE_ID_FR, NODE_ID_FR, 0 FROM
ISOLATED_LINKS UNION ALL SELECT NODE_ID_TO, NODE_ID_FR, 1 FROM
ISOLATED_LINKS
Plan hash value: 3277318181
---------------------------------------------------------------------------------------------------------------------------------------------------------------------
| Id  | Operation                                | Name                       | Starts | E-Rows | A-Rows |   A-Time   | Buffers | Reads  |  OMem |  1Mem | Used-Mem |
---------------------------------------------------------------------------------------------------------------------------------------------------------------------
|   0 | INSERT STATEMENT                         |                            |      1 |        |      0 |00:00:00.26 |   25190 |      5 |       |       |          |
|   1 |  TEMP TABLE TRANSFORMATION               |                            |      1 |        |      0 |00:00:00.26 |   25190 |      5 |       |       |          |
|   2 |   LOAD AS SELECT (CURSOR DURATION MEMORY)| SYS_TEMP_0FD9D6C01_4F65443 |      1 |        |      0 |00:00:00.19 |     957 |      0 |  1024 |  1024 |          |
|*  3 |    FILTER                                |                            |      1 |        |  21157 |00:00:00.19 |     956 |      0 |       |       |          |
|   4 |     HASH GROUP BY                        |                            |      1 |     12 |  58228 |00:00:00.19 |     956 |      0 |  4294K|  1859K| 4603K (0)|
|   5 |      VIEW                                |                            |      1 |    428K|    428K|00:00:00.17 |     956 |      0 |       |       |          |
|   6 |       UNION-ALL                          |                            |      1 |        |    428K|00:00:00.12 |     956 |      0 |       |       |          |
|   7 |        INDEX FAST FULL SCAN              | LINKS_FR_N1                |      1 |    214K|    214K|00:00:00.02 |     477 |      0 |       |       |          |
|   8 |        INDEX FAST FULL SCAN              | LINKS_TO_N1                |      1 |    214K|    214K|00:00:00.02 |     479 |      0 |       |       |          |
|   9 |   LOAD AS SELECT (CURSOR DURATION MEMORY)| SYS_TEMP_0FD9D6C02_4F65443 |      1 |        |      0 |00:00:00.06 |   23898 |      0 |  1024 |  1024 |          |
|* 10 |    HASH JOIN                             |                            |      1 |      1 |    362 |00:00:00.06 |   23898 |      0 |  2469K|  1647K| 2307K (0)|
|  11 |     NESTED LOOPS                         |                            |      1 |     45 |  20426 |00:00:00.06 |   23898 |      0 |       |       |          |
|  12 |      NESTED LOOPS                        |                            |      1 |     48 |  20426 |00:00:00.03 |    6013 |      0 |       |       |          |
|* 13 |       VIEW                               |                            |      1 |     12 |  20426 |00:00:00.01 |       0 |      0 |       |       |          |
|  14 |        TABLE ACCESS FULL                 | SYS_TEMP_0FD9D6C01_4F65443 |      1 |     12 |  21157 |00:00:00.01 |       0 |      0 |       |       |          |
|* 15 |       INDEX RANGE SCAN                   | LINKS_TO_N1                |  20426 |      4 |  20426 |00:00:00.02 |    6013 |      0 |       |       |          |
|  16 |      TABLE ACCESS BY INDEX ROWID         | LINKS                      |  20426 |      4 |  20426 |00:00:00.02 |   17885 |      0 |       |       |          |
|* 17 |     VIEW                                 |                            |      1 |     12 |    731 |00:00:00.01 |       0 |      0 |       |       |          |
|  18 |      TABLE ACCESS FULL                   | SYS_TEMP_0FD9D6C01_4F65443 |      1 |     12 |  21157 |00:00:00.01 |       0 |      0 |       |       |          |
|  19 |   LOAD TABLE CONVENTIONAL                | NODE_ROOTS                 |      1 |        |      0 |00:00:00.01 |     334 |      5 |       |       |          |
|  20 |    UNION-ALL                             |                            |      1 |        |    724 |00:00:00.01 |       0 |      0 |       |       |          |
|  21 |     VIEW                                 |                            |      1 |      1 |    362 |00:00:00.01 |       0 |      0 |       |       |          |
|  22 |      TABLE ACCESS FULL                   | SYS_TEMP_0FD9D6C02_4F65443 |      1 |      1 |    362 |00:00:00.01 |       0 |      0 |       |       |          |
|  23 |     VIEW                                 |                            |      1 |      1 |    362 |00:00:00.01 |       0 |      0 |       |       |          |
|  24 |      TABLE ACCESS FULL                   | SYS_TEMP_0FD9D6C02_4F65443 |      1 |      1 |    362 |00:00:00.01 |       0 |      0 |       |       |          |
---------------------------------------------------------------------------------------------------------------------------------------------------------------------
Predicate Information (identified by operation id):
---------------------------------------------------
3 - filter((COUNT(*)=1 AND (MAX("TP")='F' OR MAX("TP")='T')))
10 - access("FRN"."NODE_ID"="LNK"."NODE_ID_FR")
13 - filter("TON"."TP"='T')
15 - access("TON"."NODE_ID"="LNK"."NODE_ID_TO")
17 - filter("FRN"."TP"='F')
Terminating loop with all nodes processed: 58228
Timer Set: Ins_Node_Roots, Constructed at 30 Jul 2022 18:50:26, written at 18:50:33
===================================================================================
Timer                                                Elapsed         CPU       Calls       Ela/Call       CPU/Call
------------------------------------------------  ----------  ----------  ----------  -------------  -------------
Insert isolated nodes 3: 0                              0.09        0.07           1        0.08900        0.07000
Insert isolated links 5: 724                            0.51        0.51           1        0.50700        0.51000
OPEN c_roots                                            0.21        0.22           1        0.21100        0.22000
Count nodes                                             0.00        0.00           1        0.00300        0.00000
FETCH c_roots  (first)                                  0.01        0.00           1        0.00600        0.00000
SELECT 1 INTO l_dummy: Not found                        0.01        0.02         185        0.00007        0.00011
Insert min_tree_links (root node 1, size: 56739)        1.61        1.61           1        1.60700        1.61000
Insert node_roots (root node 1, size: 56739)            0.29        0.27           1        0.28600        0.27000
FETCH c_roots  (remaining)                              1.34        1.37       46927        0.00003        0.00003
SELECT 1 INTO l_dummy: Found                            2.15        2.16       46743        0.00005        0.00005
Insert min_tree_links (3 nodes)                         0.44        0.46         103        0.00428        0.00447
Insert node_roots (3 nodes)                             0.03        0.02         103        0.00028        0.00019
Insert min_tree_links (4-39 nodes)                      0.39        0.32          80        0.00485        0.00400
Insert node_roots (4-39 nodes)                          0.02        0.03          80        0.00028        0.00038
Insert min_tree_links (root node 3463, size: 49)        0.01        0.01           1        0.00800        0.01000
Insert node_roots (root node 3463, size: 49)            0.00        0.00           1        0.00100        0.00000
(Other)                                                 0.00        0.00           1        0.00000        0.00000
------------------------------------------------  ----------  ----------  ----------  -------------  -------------
Total                                                   7.09        7.07       94231        0.00008        0.00008
------------------------------------------------  ----------  ----------  ----------  -------------  -------------
[Timer timed (per call in ms): Elapsed: 0.01031, CPU: 0.01031]

PL/SQL procedure successfully completed.

Elapsed: 00:00:07.20
Node count by root node

ROOT_NODE_ID NODE_NAME                                             N_NODES     MAXLEV
------------ -------------------------------------------------- ---------- ----------
       10447 47267                                                       2          1
       37440 8404                                                                   1
       39715 51082                                                                  1
       54359 54721                                                                  1
        2818 35755                                                                  1
        3125 44274                                                                  1
        9163 20150                                                                  1
       18078 57546                                                                  1
       25327 51295                                                                  1
       38881 27342                                                                  1
        2041 21785                                                                  1
       15622 9256                                                                   1
       17459 36385                                                                  1
       25168 45014                                                                  1
       25404 54720                                                                  1
       38854 26979                                                                  1
       39540 44008                                                                  1
        2878 37346                                                                  1
        3255 48504                                                                  1
        3308 50729                                                                  1
        9658 28517                                                                  1
       10243 40927                                                                  1
       23382 12592                                                                  1
       36583 361                                                                    1
       52385 13409                                                                  1
       54404 56817                                                                  1
        9748 29876                                                                  1
        3450 57412                                                                  1
       17174 30473                                                                  1
       25307 50691                                                                  1
       39799 54715                                                                  1
       54152 46932                                                                  1
       54407 57308                                                                  1
       10257 41342                                                                  1
       16810 24477                                                                  1
       39623 46770                                                                  1
       39868 57364                                                                  1
       46038 27763                                                                  1
       46611 40813                                                                  1
       10548 51407                                                                  1
       17642 42003                                                                  1
       18018 55436                                                                  1
       18028 55639                                                                  1
       18060 56890                                                                  1
       32028 35751                                                                  1
       37777 11770                                                                  1
       46050 27915                                                                  1
       52364 13150                                                                  1
       54266 51095                                                                  1
        3019 41172                                                                  1
        8693 13516                                                                  1
        9761 30075                                                                  1
       15395 7264                                                                   1
       17590 39979                                                                  1
       25434 55654                                                                  1
       39294 35759                                                                  1
       54363 54841                                                                  1
       10177 38856                                                                  1
       16211 15636                                                                  1
       25284 49878                                                                  1
       39369 38328                                                                  1
       23477 13521                                                                  1
       25062 42033                                                                  1
       25329 51358                                                                  1
       46660 42186                                                                  1
        2974 39785                                                                  1
        9659 28531                                                                  1
       10113 37277                                                                  1
       32113 37953                                                                  1
        1680 17012                                                                  1
       10030 35474                                                                  1
       10702 58033                                                                  1
       25380 53623                                                                  1
       47021 54739                                                                  1
       54059 44023                                                                  1
        9676 28891                                                                  1
       24861 35558                                                                  1
       25059 41992                                                                  1
       53907 39723                                                                  1
       23668 15689                                                                  1
       25136 44122                                                                  1
       30456 11713                                                                  1
       37365 7638                                                                   1
       53946 40847                                                                  1
        3404 55411                                                                  1
       32593 55437                                                                  1
       32617 56315                                                                  1
       39828 55607                                                                  1
       52233 11802                                                                  1
        2417 28211                                                                  1
       10099 37084                                                                  1
       25309 50746                                                                  1
       32443 49552                                                                  1
       32591 55432                                                                  1
       39820 55418                                                                  1
       46953 51778                                                                  1
       53927 40377                                                                  1
         913 8218                                                                   1
        9600 27481                                                                  1
       17507 37715                                                                  1
       18006 54974                                                                  1
       24501 28125                                                                  1
       24601 29867                                                                  1
       25022 40842                                                                  1
       25137 44191                                                                  1
       25465 57068                                                                  1
       54326 53490                                                                  1
       10601 53999                                                                  1
       23589 14692                                                                  1
       25134 44084                                                                  1
       23763 17062                                                                  1
       37613 9963                                                                   1
       39343 37516                                                                  1
       52396 13519                                                                  1
       53481 29893                                                                  1
       10249 41026                                                                  1
       10676 57258                                                                  1
       18004 54871                                                                  1
       54417 57613                                                                  1
        2861 36821                                                                  1
       25426 55415                                                                  1
       47025 54896                                                                  1
       53742 35456                                                                  1
       54394 56143                                                                  1
        2979 39820                                                                  1
       10620 54723                                                                  1
       17406 35302                                                                  1
       17820 47277                                                                  1
       31618 27838                                                                  1
       39357 37916                                                                  1
       54411 57406                                                                  1
       54421 57698                                                                  1
         166 1731                                                                   1
        2841 36272                                                                  1
        3392 55071                                                                  1
       10038 35609                                                                  1
       10411 45690                                                                  1
       17721 44250                                                                  1
       54139 46455                                                                  1
       15944 12601                                                                  1
       39026 29759                                                                  1
       44601 8026                                                                   1
       51705 6542                                                                   1
       53372 27888                                                                  1
        3023 41312                                                                  1
        9746 29852                                                                  1
       10255 41212                                                                  1
       10587 53514                                                                  1
       25013 40365                                                                  1
       32303 44017                                                                  1
       32432 49284                                                                  1
       32613 56126                                                                  1
       52657 17074                                                                  1
       53741 35394                                                                  1
       54339 53839                                                                  1
        3320 51575                                                                  1
       17432 35748                                                                  1
       25042 41354                                                                  1
       54054 43955                                                                  1
        1247 11686                                                                  1
       10242 40886                                                                  1
       43962 1704                                                                   1
       46439 35769                                                                  1
       47020 54737                                                                  1
        2392 27880                                                                  1
        9429 24435                                                                  1
        9622 27831                                                                  1
       10227 40368                                                                  1
       10633 55204                                                                  1
       17011 27789                                                                  1
       24605 29916                                                                  1
       25326 51294                                                                  1
       25447 56221                                                                  1
       31680 28842                                                                  1
       46082 28557                                                                  1
        3422 55942                                                                  1
       10595 53824                                                                  1
       10645 55440                                                                  1
       31625 27960                                                                  1
       32468 50610                                                                  1
       10657 56420                                                                  1
       17973 53698                                                                  1
       24866 35608                                                                  1
       39779 53712                                                                  1
       53385 28145                                                                  1
        2395 27894                                                                  1
        1195 11136                                                                  1
        2752 34215                                                                  1
       10689 57696                                                                  1
       16302 17047                                                                  1
       31580 27134                                                                  1
       39452 40882                                                                  1
       46023 27548                                                                  1
       54206 48913                                                                  1
       54246 50530                                                                  1
       23337 12095                                                                  1
       32149 39188                                                                  1
       46665 42252                                                                  1
       53058 22850                                                                  1
       16538 20137                                                                  1
       17446 36008                                                                  1
       23395 12709                                                                  1
       24470 27737                                                                  1
       24484 27943                                                                  1
       38897 27487                                                                  1
       52368 13237                                                                  1
       17433 35763                                                                  1
       39451 40880                                                                  1
       39489 42517                                                                  1
       47070 56888                                                                  1
       52653 16827                                                                  1
        2342 27113                                                                  1
       10642 55421                                                                  1
       18056 56787                                                                  1
       46448 36033                                                                  1
       53908 39736                                                                  1
        1135 10541                                                                  1
       17753 45101                                                                  1
       38924 27882                                                                  1
       46421 35381                                                                  1
        2972 39762                                                                  1
        3454 57458                                                                  1
       46447 36022                                                                  1
       54061 44086                                                                  1
        1020 9276                                                                   1
       25009 40189                                                                  1
       45947 26072                                                                  1
        3306 50504                                                                  1
        2801 35326                                                                  1
        3405 55412                                                                  1
       31599 27545                                                                  1
       32096 37585                                                                  1
       46459 36399                                                                  1
        2385 27790                                                                  1
        3124 44201                                                                  1
       46410 35129                                                                  1
       53423 28826                                                                  1
        9640 28073                                                                  1
       10221 40137                                                                  1
       31652 28430                                                                  1
       39326 36919                                                                  1
       54376 55416                                                                  1
        9145 19925                                                                  1
       10090 36981                                                                  1
       16937 26403                                                                  1
       17009 27765                                                                  1
       17522 38066                                                                  1
       17615 40925                                                                  1
       32005 35196                                                                  1
       32200 40814                                                                  1
       37376 7775                                                                   1
       38335 19029                                                                  1
       39825 55532                                                                  1
       44830 10569                                                                  1
       16540 20149                                                                  1
       17609 40853                                                                  1
       17858 48664                                                                  1
       24141 22211                                                                  1
       32061 36612                                                                  1
       45989 26803                                                                  1
       46119 29117                                                                  1
        2954 39294                                                                  1
       25345 51903                                                                  1
       39889 58090                                                                  1
       46830 47364                                                                  1
       23325 12004                                                                  1
       32253 42494                                                                  1
       39284 35464                                                                  1
       39819 55410                                                                  1
        2303 26418                                                                  1
       24869 35767                                                                  1
       46048 27897                                                                  1
       53767 36004                                                                  1
        2197 24642                                                                  1
       25478 57824                                                                  1
       32474 50728                                                                  1
       38893 27442                                                                  1
       54175 48021                                                                  1
        2514 29895                                                                  1
        3382 54719                                                                  1
       15738 10572                                                                  1
       30611 13423                                                                  1
        3010 40859                                                                  1
        3120 44123                                                                  1
        3406 55422                                                                  1
       22848 7020                                                                   1
       39806 54864                                                                  1
       45997 26977                                                                  1
       47033 55442                                                                  1
       53369 27788                                                                  1
       53407 28548                                                                  1
       53754 35784                                                                  1
        8150 7777                                                                   1
       10031 35481                                                                  1
       17060 28551                                                                  1
       23383 12593                                                                  1
       25196 46127                                                                  1
       53951 40907                                                                  1
        2798 35299                                                                  1
       10463 48035                                                                  1
       39778 53622                                                                  1
       46494 37247                                                                  1
       47099 58118                                                                  1
        8266 8738                                                                   1
       10123 37515                                                                  1
       23666 15670                                                                  1
       54044 43749                                                                  1
       54154 47011                                                                  1
        2845 36375                                                                  1
        3117 44011                                                                  1
        3229 47486                                                                  1
       25458 56819                                                                  1
        3390 54897                                                                  1
       32002 35114                                                                  1
       52088 10454                                                                  1
        8951 16794                                                                  1
       10397 45052                                                                  1
       17030 28061                                                                  1
       17695 43584                                                                  1
       18010 55205                                                                  1
       25029 40918                                                                  1
       32143 39024                                                                  1
       38319 18776                                                                  1
       44783 10020                                                                  1
       46640 41599                                                                  1
       52986 21795                                                                  1
       54361 54765                                                                  1
        3156 45010                                                                  1
        3356 52712                                                                  1
       17722 44251                                                                  1
       23785 17287                                                                  1
       30470 11831                                                                  1
       31559 26641                                                                  1
       32030 35766                                                                  1
       32055 36378                                                                  1
       32476 50806                                                                  1
       39475 42002                                                                  1
       46072 28192                                                                  1
       38289 18379                                                                  1
       39033 29850                                                                  1
       39545 44091                                                                  1
         767 6945                                                                   1
        3040 41919                                                                  1
        3431 56185                                                                  1
       17147 29851                                                                  1
       10703 58045                                                                  1
       16204 15577                                                                  1
       16959 26744                                                                  1
       18079 57551                                                                  1
       23473 13508                                                                  1
       46501 37420                                                                  1
       54320 53283                                                                  1
        3194 46025                                                                  1
       24414 26766                                                                  1
       38956 28547                                                                  1
       46502 37421                                                                  1
       46832 47436                                                                  1
       47082 57413                                                                  1
       53408 28560                                                                  1
       53784 36533                                                                  1
       54120 45913                                                                  1
        1401 13277                                                                  1
       13480 47312                                                       3          1
       13907 51314                                                                  2
       13938 51563                                                                  2
       17715 43977                                                                  2
       22073 58139                                                                  2
       23308 11778                                                                  1
       27597 41557                                                                  2
       35000 42999                                                                  2
        3407 55439                                                                  2
        6773 52960                                                                  2
        7326 58176                                                                  2
       10554 51911                                                                  1
       10660 56646                                                                  1
       13167 44352                                                                  2
       14177 53654                                                                  2
       14568 53511                                                                  2
       17023 27933                                                                  1
       21364 36758                                                                  2
       21956 57027                                                                  2
       32352 45505                                                                  2
        2846 36383                                                                  2
        3118 44013                                                                  1
        3447 57319                                                                  2
       10643 55426                                                                  1
       10695 57816                                                                  1
       14608 57791                                                                  2
       20806 46296                                                                  2
       21605 53625                                                                  2
       21816 55687                                                                  2
       22062 58027                                                                  2
       23661 15579                                                                  1
       28926 54742                                                                  2
        1598 15663                                                                  1
        2384 27761                                                                  1
        3269 48980                                                                  2
        3466 58063                                                                  1
        6269 48109                                                                  2
        6974 54850                                                                  2
        8718 13846                                                                  1
       10525 50885                                                                  2
       14613 57833                                                                  1
       17405 35283                                                                  1
       17414 35440                                                                  2
       22013 55664                                                                  2
       23728 16525                                                                  1
       25415 55081                                                                  1
       28550 51111                                                                  2
       39643 47951                                                                  1
       43870 850                                                                    2
        1383 13125                                                                  2
        2973 39775                                                                  2
       10432 46639                                                                  1
       17651 42164                                                                  1
       18075 57359                                                                  1
       25130 44009                                                                  2
       32575 54684                                                                  1
          77 813                                                                    2
         141 1469                                                                   2
         374 3403                                                                   1
        3123 44189                                                                  2
        3387 54855                                                                  1
        3457 57591                                                                  1
        7186 56786                                                                  1
        7289 57746                                                                  2
        7309 57965                                                                  2
        7330 58214                                                                  1
       10043 35772                                                                  1
       10078 36652                                                                  2
        6855 53740                                                                  2
        7196 56861                                                                  2
       10413 45775                                                                  1
       16347 17459                                                                  1
       18080 57690                                                                  1
       32651 57692                                                                  2
       39821 55420                                                                  2
       46928 50805                                                                  2
        1385 13152                                                                  1
        2647 32410                                                                  2
        6845 53639                                                                  2
       10319 42964                                                                  1
       10366 44203                                                                  2
       10598 53853                                                                  1
       14592 57627                                                                  2
       16266 16399                                                                  1
       16300 16825                                                                  2
       17019 27844                                                                  1
       18009 55182                                                                  1
       21603 53595                                                                  2
       21957 57029                                                                  2
       25332 51439                                                                  1
       28582 51447                                                                  2
        3453 57446                                                                  1
       10573 52531                                                                  1
       10621 54758                                                                  1
       14402 55678                                                                  2
       17150 29901                                                                  1
       22025 57699                                                                  2
       24860 35547                                                                  1
       25125 43805                                                                  1
       25317 51020                                                                  2
       27594 41527                                                                  2
        2820 35781                                                                  2
        2870 37044                                                                  2
        1284 11982                                                       4          2
        2843 36328                                                                  1
       17612 40896                                                                  2
       27705 42671                                                                  2
       31744 29853                                                                  1
        2071 22386                                                                  1
        2322 26630                                                                  2
        2428 28518                                                                  1
        3012 40898                                                                  2
        7245 57350                                                                  3
        2828 36031                                                                  2
        3205 46523                                                                  1
        3458 57649                                                                  1
        6977 54866                                                                  2
        7324 58114                                                                  2
       10625 54846                                                                  2
       13156 44161                                                                  2
        3430 56150                                                                  1
       14585 57532                                                                  2
       21114 49201                                                                  2
       25089 42874                                                                  2
        2372 27542                                                                  2
        2430 28523                                                                  2
        2875 37270                                                                  2
        3132 44467                                                                  1
        8696 13542                                                                  2
       10641 55401                                                                  1
       10688 57687                                                                  3
       25484 58072                                                                  2
       36204 54937                                                                  2
        7253 57404                                                                  3
       14293 54637                                                                  2
       20271 40442                                                                  3
       35843 51394                                                                  3
        8656 13188                                                                  2
       10693 57757                                                                  2
       17622 41327                                                                  1
       25264 48793                                                                  1
        2766 34428                                                                  2
        3331 51936                                                                  2
        2367 27490                                                       5          2
       25405 54724                                                                  2
       22007 57570                                                                  3
       10593 53799                                                                  2
       14627 57966                                                                  3
        2815 35661                                                                  3
        3449 57399                                                                  2
        3330 51933                                                                  2
        3381 54711                                                                  1
       12498 36938                                                                  2
       14190 53764                                                                  3
       42959 50014                                                                  2
        8131 7637                                                                   2
       18055 56747                                                                  3
       22024 55429                                                                  2
        7271 57537                                                                  2
        8619 12781                                                                  2
       10699 57953                                                                  2
       22005 57556                                                                  3
       14406 55698                                                                  2
       14617 57874                                                                  3
        6914 54206                                                       6          2
        3225 47290                                                                  3
        7140 56415                                                                  3
       18050 56587                                                                  3
       10513 50508                                                                  1
        6056 45789                                                                  3
        6901 54095                                                                  2
       20619 44300                                                                  3
       10681 57504                                                                  2
        6512 50606                                                       7          2
        7202 56955                                                                  4
        2376 27572                                                                  2
       16027 13496                                                       8          2
        3384 54756                                                                  1
        7275 57600                                                       9          3
       20437 42189                                                      10          2
        3440 56916                                                                  2
        2821 35792                                                      11          2
        3414 55593                                                                  2
        3463 57969                                                      49          5
           1 6                                                       56739         10
                                                                ----------
sum                                                                  58228

547 rows selected.

Elapsed: 00:00:00.06
Subnet count by number of nodes

   N_NODES  N_SUBNETS
---------- ----------
         2        362
         3        103
         4         40
         5         21
         6          9
         7          3
         8          2
         9          1
        10          2
        11          2
        49          1
     56739          1
----------
     56853

12 rows selected.

Elapsed: 00:00:00.01
Subnet count by maximum level

    MAXLEV  N_SUBNETS
---------- ----------
         1        420
         2        106
         3         18
         4          1
         5          1
        10          1

6 rows selected.

Elapsed: 00:00:00.00

'END:'||TO_CHAR(SYSDATE,'DD-MON-YY
----------------------------------
End: 30-JUL-2022 18:50:33

