
Database             Time                 Version
-------------------- -------------------- ------------------------------
Start: ORCL          06-AUG-2022 14:46:17 Version 21.3.0.0.0

Elapsed: 00:00:00.00
Root name: ORDDCM_STORED_TAGS_WRK|ORDDATA, Root id:        227
SQL_ID  3mgh8qxnmmcmj, child number 0
-------------------------------------
INSERT INTO MIN_TREE_LINKS SELECT /*+ gather_plan_statistics XPLAN_MTL
*/ CASE WHEN LNK.NODE_ID_FR = MLP_CUR.NODE_ID THEN LNK.NODE_ID_TO ELSE
LNK.NODE_ID_FR END, MIN (MLP_CUR.NODE_ID), :B1 + 1 FROM MIN_TREE_LINKS
MLP_CUR JOIN LINKS LNK ON (LNK.NODE_ID_FR = MLP_CUR.NODE_ID OR
LNK.NODE_ID_TO = MLP_CUR.NODE_ID) LEFT JOIN MIN_TREE_LINKS MLP_PRI ON
MLP_PRI.NODE_ID = CASE WHEN LNK.NODE_ID_FR = MLP_CUR.NODE_ID THEN
LNK.NODE_ID_TO ELSE LNK.NODE_ID_FR END WHERE MLP_PRI.NODE_ID IS NULL
AND MLP_CUR.LEV = :B1 GROUP BY CASE WHEN LNK.NODE_ID_FR =
MLP_CUR.NODE_ID THEN LNK.NODE_ID_TO ELSE LNK.NODE_ID_FR END
Plan hash value: 3414462724
--------------------------------------------------------------------------------------------------------------------------------
| Id  | Operation                | Name           | Starts | E-Rows | A-Rows |   A-Time   | Buffers |  OMem |  1Mem | Used-Mem |
--------------------------------------------------------------------------------------------------------------------------------
|   0 | INSERT STATEMENT         |                |      1 |        |      0 |00:00:00.01 |      25 |       |       |          |
|   1 |  LOAD TABLE CONVENTIONAL | MIN_TREE_LINKS |      1 |        |      0 |00:00:00.01 |      25 |       |       |          |
|   2 |   HASH GROUP BY          |                |      1 |      1 |      0 |00:00:00.01 |      25 |   974K|   974K|          |
|*  3 |    HASH JOIN ANTI        |                |      1 |      1 |      0 |00:00:00.01 |      25 |  1423K|  1423K|  715K (0)|
|   4 |     NESTED LOOPS         |                |      1 |      4 |      3 |00:00:00.01 |      22 |       |       |          |
|*  5 |      TABLE ACCESS FULL   | MIN_TREE_LINKS |      1 |      1 |      3 |00:00:00.01 |       4 |       |       |          |
|*  6 |      TABLE ACCESS FULL   | LINKS          |      3 |      4 |      3 |00:00:00.01 |      18 |       |       |          |
|   7 |     TABLE ACCESS FULL    | MIN_TREE_LINKS |      1 |      1 |     47 |00:00:00.01 |       3 |       |       |          |
--------------------------------------------------------------------------------------------------------------------------------
Predicate Information (identified by operation id):
---------------------------------------------------
3 - access("MLP_PRI"."NODE_ID"=CASE "LNK"."NODE_ID_FR" WHEN "MLP_CUR"."NODE_ID" THEN "LNK"."NODE_ID_TO" ELSE
"LNK"."NODE_ID_FR" END )
5 - filter("MLP_CUR"."LEV"=:B1)
6 - filter(("LNK"."NODE_ID_FR"="MLP_CUR"."NODE_ID" OR "LNK"."NODE_ID_TO"="MLP_CUR"."NODE_ID"))
Note
-----
- dynamic statistics used: dynamic sampling (level=2)
Timer Set: Ins_Min_Tree_Links: 227, Constructed at 06 Aug 2022 14:46:17, written at 14:46:17
============================================================================================
Timer                   Elapsed         CPU       Calls       Ela/Call       CPU/Call
-------------------  ----------  ----------  ----------  -------------  -------------
Level: 0, nodes: 1         0.00        0.00           1        0.00300        0.00000
Level: 1, nodes: 12        0.00        0.00           1        0.00100        0.00000
Level: 2, nodes: 10        0.00        0.00           1        0.00100        0.00000
Level: 3, nodes: 15        0.00        0.00           1        0.00100        0.00000
Level: 4, nodes: 5         0.00        0.00           1        0.00100        0.00000
Level: 5, nodes: 3         0.00        0.00           1        0.00000        0.00000
Level: 6, nodes: 0         0.00        0.00           1        0.00100        0.00000
(Other)                    0.21        0.21           1        0.21100        0.21000
-------------------  ----------  ----------  ----------  -------------  -------------
Total                      0.22        0.21           8        0.02738        0.02625
-------------------  ----------  ----------  ----------  -------------  -------------
[Timer timed (per call in ms): Elapsed: 0.01961, CPU: 0.01961]

PL/SQL procedure successfully completed.

Elapsed: 00:00:00.37

 LEV NODE_NAME                           NODE_NAME_PRIOR
---- ----------------------------------- -----------------------------------
   0 ORDDCM_STORED_TAGS_WRK|ORDDATA
   1 ORDDCM_DOCS_WRK|ORDDATA             ORDDCM_STORED_TAGS_WRK|ORDDATA
   2 ORDDCM_ANON_ATTRS_WRK|ORDDATA       ORDDCM_DOCS_WRK|ORDDATA
     ORDDCM_ANON_RULES_WRK|ORDDATA       ORDDCM_DOCS_WRK|ORDDATA
     ORDDCM_CT_DAREFS_WRK|ORDDATA        ORDDCM_DOCS_WRK|ORDDATA
     ORDDCM_CT_LOCATORPATHS_WRK|ORDDATA  ORDDCM_DOCS_WRK|ORDDATA
     ORDDCM_CT_PRED_SET_WRK|ORDDATA      ORDDCM_DOCS_WRK|ORDDATA
     ORDDCM_DOC_REFS_WRK|ORDDATA         ORDDCM_DOCS_WRK|ORDDATA
     ORDDCM_DOC_TYPES|ORDDATA            ORDDCM_DOCS_WRK|ORDDATA
     ORDDCM_MAPPING_DOCS_WRK|ORDDATA     ORDDCM_DOCS_WRK|ORDDATA
     ORDDCM_PRV_ATTRS_WRK|ORDDATA        ORDDCM_DOCS_WRK|ORDDATA
     ORDDCM_RT_PREF_PARAMS_WRK|ORDDATA   ORDDCM_DOCS_WRK|ORDDATA
     ORDDCM_STD_ATTRS_WRK|ORDDATA        ORDDCM_DOCS_WRK|ORDDATA
     ORDDCM_UID_DEFS_WRK|ORDDATA         ORDDCM_DOCS_WRK|ORDDATA
   3 ORDDCM_ANON_ACTION_TYPES|ORDDATA    ORDDCM_ANON_ATTRS_WRK|ORDDATA
     ORDDCM_ANON_RULE_TYPES|ORDDATA      ORDDCM_ANON_RULES_WRK|ORDDATA
     ORDDCM_CT_MACRO_DEP_WRK|ORDDATA     ORDDCM_CT_PRED_SET_WRK|ORDDATA
     ORDDCM_CT_MACRO_PAR_WRK|ORDDATA     ORDDCM_CT_PRED_SET_WRK|ORDDATA
     ORDDCM_CT_PRED_WRK|ORDDATA          ORDDCM_CT_PRED_SET_WRK|ORDDATA
     ORDDCM_DOCS|ORDDATA                 ORDDCM_DOC_TYPES|ORDDATA
     ORDDCM_INSTALL_DOCS|ORDDATA         ORDDCM_DOC_TYPES|ORDDATA
     ORDDCM_MAPPED_PATHS_WRK|ORDDATA     ORDDCM_MAPPING_DOCS_WRK|ORDDATA
     ORDDCM_DICT_ATTRS_WRK|ORDDATA       ORDDCM_PRV_ATTRS_WRK|ORDDATA
     ORDDCM_VR_DT_MAP|ORDDATA            ORDDCM_PRV_ATTRS_WRK|ORDDATA
   4 ORDDCM_ANON_ATTRS|ORDDATA           ORDDCM_ANON_ACTION_TYPES|ORDDATA
     ORDDCM_ANON_RULES|ORDDATA           ORDDCM_ANON_ACTION_TYPES|ORDDATA
     ORDDCM_CT_ACTION_WRK|ORDDATA        ORDDCM_CT_PRED_WRK|ORDDATA
     ORDDCM_CT_PRED_OPRD_WRK|ORDDATA     ORDDCM_CT_PRED_WRK|ORDDATA
     ORDDCM_CT_PRED_PAR_WRK|ORDDATA      ORDDCM_CT_PRED_WRK|ORDDATA
     ORDDCM_CT_DAREFS|ORDDATA            ORDDCM_DOCS|ORDDATA
     ORDDCM_CT_LOCATORPATHS|ORDDATA      ORDDCM_DOCS|ORDDATA
     ORDDCM_CT_PRED_SET|ORDDATA          ORDDCM_DOCS|ORDDATA
     ORDDCM_DOC_REFS|ORDDATA             ORDDCM_DOCS|ORDDATA
     ORDDCM_MAPPING_DOCS|ORDDATA         ORDDCM_DOCS|ORDDATA
     ORDDCM_RT_PREF_PARAMS|ORDDATA       ORDDCM_DOCS|ORDDATA
     ORDDCM_STORED_TAGS|ORDDATA          ORDDCM_DOCS|ORDDATA
     ORDDCM_UID_DEFS|ORDDATA             ORDDCM_DOCS|ORDDATA
     ORDDCM_PRV_ATTRS|ORDDATA            ORDDCM_VR_DT_MAP|ORDDATA
     ORDDCM_STD_ATTRS|ORDDATA            ORDDCM_VR_DT_MAP|ORDDATA
   5 ORDDCM_CT_MACRO_DEP|ORDDATA         ORDDCM_CT_PRED_SET|ORDDATA
     ORDDCM_CT_MACRO_PAR|ORDDATA         ORDDCM_CT_PRED_SET|ORDDATA
     ORDDCM_CT_PRED|ORDDATA              ORDDCM_CT_PRED_SET|ORDDATA
     ORDDCM_MAPPED_PATHS|ORDDATA         ORDDCM_MAPPING_DOCS|ORDDATA
     ORDDCM_DICT_ATTRS|ORDDATA           ORDDCM_PRV_ATTRS|ORDDATA
   6 ORDDCM_CT_ACTION|ORDDATA            ORDDCM_CT_PRED|ORDDATA
     ORDDCM_CT_PRED_OPRD|ORDDATA         ORDDCM_CT_PRED|ORDDATA
     ORDDCM_CT_PRED_PAR|ORDDATA          ORDDCM_CT_PRED|ORDDATA

47 rows selected.

Elapsed: 00:00:00.04
Minimum Path Tree
old   2:     SELECT &root_id_var, 0
new   2:     SELECT        227, 0

NODE_NAME                           NODE                                 LEV
----------------------------------- ----------------------------------- ----
ORDDCM_STORED_TAGS_WRK|ORDDATA      227                                    0
ORDDCM_DOCS_WRK|ORDDATA             ..175                                  1
ORDDCM_CT_LOCATORPATHS_WRK|ORDDATA  ....13                                 2
ORDDCM_UID_DEFS_WRK|ORDDATA         ....20
ORDDCM_RT_PREF_PARAMS_WRK|ORDDATA   ....51
ORDDCM_MAPPING_DOCS_WRK|ORDDATA     ....86
ORDDCM_MAPPED_PATHS_WRK|ORDDATA     ......135                              3
ORDDCM_DOC_TYPES|ORDDATA            ....109                                2
ORDDCM_INSTALL_DOCS|ORDDATA         ......204                              3
ORDDCM_DOCS|ORDDATA                 ......277
ORDDCM_CT_PRED_SET|ORDDATA          ........68                             4
ORDDCM_CT_MACRO_DEP|ORDDATA         ..........19                           5
ORDDCM_CT_MACRO_PAR|ORDDATA         ..........85
ORDDCM_CT_PRED|ORDDATA              ..........114
ORDDCM_CT_ACTION|ORDDATA            ............2                          6
ORDDCM_CT_PRED_PAR|ORDDATA          ............46
ORDDCM_CT_PRED_OPRD|ORDDATA         ............260
ORDDCM_DOC_REFS|ORDDATA             ........72                             4
ORDDCM_STORED_TAGS|ORDDATA          ........73
ORDDCM_RT_PREF_PARAMS|ORDDATA       ........119
ORDDCM_UID_DEFS|ORDDATA             ........161
ORDDCM_CT_DAREFS|ORDDATA            ........189
ORDDCM_MAPPING_DOCS|ORDDATA         ........261
ORDDCM_MAPPED_PATHS|ORDDATA         ..........176                          5
ORDDCM_CT_LOCATORPATHS|ORDDATA      ........262                            4
ORDDCM_ANON_ATTRS_WRK|ORDDATA       ....127                                2
ORDDCM_ANON_ACTION_TYPES|ORDDATA    ......62                               3
ORDDCM_ANON_RULES|ORDDATA           ........48                             4
ORDDCM_ANON_ATTRS|ORDDATA           ........118
ORDDCM_ANON_RULES_WRK|ORDDATA       ....170                                2
ORDDCM_ANON_RULE_TYPES|ORDDATA      ......65                               3
ORDDCM_DOC_REFS_WRK|ORDDATA         ....197                                2
ORDDCM_PRV_ATTRS_WRK|ORDDATA        ....198
ORDDCM_VR_DT_MAP|ORDDATA            ......151                              3
ORDDCM_PRV_ATTRS|ORDDATA            ........8                              4
ORDDCM_DICT_ATTRS|ORDDATA           ..........9                            5
ORDDCM_STD_ATTRS|ORDDATA            ........188                            4
ORDDCM_DICT_ATTRS_WRK|ORDDATA       ......215                              3
ORDDCM_CT_DAREFS_WRK|ORDDATA        ....199                                2
ORDDCM_CT_PRED_SET_WRK|ORDDATA      ....225
ORDDCM_CT_MACRO_PAR_WRK|ORDDATA     ......83                               3
ORDDCM_CT_PRED_WRK|ORDDATA          ......174
ORDDCM_CT_PRED_OPRD_WRK|ORDDATA     ........92                             4
ORDDCM_CT_PRED_PAR_WRK|ORDDATA      ........233
ORDDCM_CT_ACTION_WRK|ORDDATA        ........274
ORDDCM_CT_MACRO_DEP_WRK|ORDDATA     ......193                              3
ORDDCM_STD_ATTRS_WRK|ORDDATA        ....270                                2

47 rows selected.

Elapsed: 00:00:00.05

'END:'||TO_CHAR(SYSDATE,'DD-MON-YY
----------------------------------
End: 06-AUG-2022 14:46:18

