
Database             Time                 Version
-------------------- -------------------- ------------------------------
Start: ORCL          06-AUG-2022 14:46:18 Version 21.3.0.0.0

Timer Set: Ins_Node_Roots, Constructed at 06 Aug 2022 14:46:18, written at 14:46:19
===================================================================================
Timer                                             Elapsed         CPU       Calls       Ela/Call       CPU/Call
---------------------------------------------  ----------  ----------  ----------  -------------  -------------
SELECT id INTO l_root_id                             0.03        0.04          45        0.00058        0.00089
Insert min_tree_links (4-39 nodes)                   0.13        0.12          17        0.00735        0.00706
Insert node_roots (4-39 nodes)                       0.02        0.01          17        0.00094        0.00059
Insert min_tree_links (root node 2, size: 47)        0.01        0.01           1        0.01000        0.01000
Insert node_roots (root node 2, size: 47)            0.00        0.00           1        0.00000        0.00000
Insert min_tree_links (3 nodes)                      0.03        0.03           6        0.00533        0.00500
Insert node_roots (3 nodes)                          0.00        0.00           6        0.00033        0.00000
Insert min_tree_links (2 nodes)                      0.09        0.08          20        0.00465        0.00400
Insert node_roots (2 nodes)                          0.01        0.00          20        0.00025        0.00000
(Other)                                              0.00        0.00           1        0.00000        0.00000
---------------------------------------------  ----------  ----------  ----------  -------------  -------------
Total                                                0.31        0.29         134        0.00231        0.00216
---------------------------------------------  ----------  ----------  ----------  -------------  -------------
[Timer timed (per call in ms): Elapsed: 0.02439, CPU: 0.02439]

PL/SQL procedure successfully completed.

Node count by root node

ROOT_NODE_ID NODE_NAME                                             N_NODES     MAXLEV
------------ -------------------------------------------------- ---------- ----------
          55 SESSION_TEMPLATE$|SYS                                       2          1
         107 DBMS_SQLPATCH_STATE|SYS                                                1
          75 IM_DOMAIN$|SYS                                                         1
         203 LINKS|SYS                                                              1
         196 DAM_CONFIG_PARAM$|SYS                                                  1
         183 RADM_PE$|SYS                                                           1
         173 DBFS$_MOUNTS|SYS                                                       1
         155 DBMS_PARALLEL_EXECUTE_TASK$|SYS                                        1
         207 OLS_DIR_BUSINESSES|MDSYS                                               1
         149 MVIEW$_ADV_WORKLOAD|SYSTEM                                             1
         142 OGIS_GEOMETRY_COLUMNS|MDSYS                                            1
         122 ATTRIBUTE_TRANSFORMATIONS$|SYS                                         1
         111 DBFS_SFS$_FST|SYS                                                      1
          29 SCHEDULER$_JOB_OUTPUT|SYS                                              1
         254 SDO_WS_CONFERENCE|MDSYS                                                1
          34 WRM$_SNAPSHOT|SYS                                                      1
         110 LINK_SOURCES$|SYS                                                      1
          39 AQ$_INTERNET_AGENTS|SYSTEM                                             1
         108 LOG_HEADERS|BREN                                                       1
          49 SDO_NFE_MODEL_FTLAYER_REL|MDSYS                                        1
          33 CONS_PEER$|SYS                                              3          2
          17 SYSDBIMFS$|SYS                                                         1
           3 OLS_DIR_CATEGORIES|MDSYS                                               1
         230 JSON$USER_CREDENTIALS|XDB                                              2
          60 POLICY$|DVSYS                                                          1
          59 BSLN_THRESHOLD_PARAMS|DBSNMP                                           2
          56 DBFS_SFS$_VOL|SYS                                           4          1
          40 BC$|SYS                                                                1
         165 REGISTRY$|SYS                                                          1
          24 DR$THS_PHRASE|CTXSYS                                                   1
          21 ILM_DEP_EXECUTIONDETAILS$|SYS                               6          2
          74 WFS_FEATURETYPEATTRS$|MDSYS                                 7          2
          36 COUNTRIES|SH                                                8          4
          41 WI$_JOB|SYS                                                 9          2
           6 TSDP_ASSOCIATION$|SYS                                                  4
          18 HS$_INST_DD|SYS                                            10          3
          14 MVIEW$_ADV_FJG|SYSTEM                                      13          3
          47 OLS$USER_LEVELS|LBACSYS                                    14          2
          26 SDO_COORD_OP_PARAM_USE|MDSYS                               15          5
          10 LOCATIONS|HR                                                           4
           4 ROLE$|DVSYS                                                17          4
           7 TABLESPACE_SET|GSMADMIN_INTERNAL                           22          5
           1 XS$ATTR_SEC|SYS                                            25          4
           2 ORDDCM_CT_ACTION|ORDDATA                                   47          8
                                                                ----------
sum                                                                    291

44 rows selected.

Elapsed: 00:00:00.04
Subnet count by number of nodes

   N_NODES  N_SUBNETS
---------- ----------
         2         20
         3          6
         4          4
         6          1
         7          1
         8          1
         9          2
        10          1
        13          1
        14          1
        15          2
        17          1
        22          1
        25          1
        47          1
----------
       202

15 rows selected.

Elapsed: 00:00:00.02
Subnet count by maximum level

    MAXLEV  N_SUBNETS
---------- ----------
         1         27
         2          7
         3          2
         4          5
         5          2
         8          1

6 rows selected.

Elapsed: 00:00:00.01

'END:'||TO_CHAR(SYSDATE,'DD-MON-YY
----------------------------------
End: 06-AUG-2022 14:46:19

