
Database             Time                 Version
-------------------- -------------------- ------------------------------
Start: ORCL          26-JUL-2022 06:54:33 Version 21.3.0.0.0

Elapsed: 00:00:00.00
Root name: ORDDCM_STORED_TAGS_WRK|ORDDATA, Root id:        226
One recursive subqueries - XPLAN_RSF_1

NODE_NAME                           NODE                            LEV
----------------------------------- ------------------------------ ----
ORDDCM_STORED_TAGS_WRK|ORDDATA      226                               0
ORDDCM_DOCS_WRK|ORDDATA             ..175                             1
ORDDCM_CT_LOCATORPATHS_WRK|ORDDATA  ....13                            2
ORDDCM_UID_DEFS_WRK|ORDDATA         ....20                            2
ORDDCM_RT_PREF_PARAMS_WRK|ORDDATA   ....51                            2
ORDDCM_MAPPING_DOCS_WRK|ORDDATA     ....86                            2
ORDDCM_MAPPED_PATHS_WRK|ORDDATA     ......135                         3
ORDDCM_DOC_TYPES|ORDDATA            ....109                           2
ORDDCM_INSTALL_DOCS|ORDDATA         ......203                         3
ORDDCM_DOCS|ORDDATA                 ......276                         3
ORDDCM_PRV_ATTRS|ORDDATA            ........8                         4
ORDDCM_ANON_RULES|ORDDATA           ........48                        4
ORDDCM_CT_PRED_SET|ORDDATA          ........68                        4
ORDDCM_CT_MACRO_DEP|ORDDATA         ..........19                      5
ORDDCM_CT_MACRO_PAR|ORDDATA         ..........85                      5
ORDDCM_CT_PRED|ORDDATA              ..........114                     5
ORDDCM_CT_ACTION|ORDDATA            ............2                     6
ORDDCM_CT_PRED_PAR|ORDDATA          ............46                    6
ORDDCM_CT_PRED_OPRD|ORDDATA         ............259                   6
ORDDCM_DOC_REFS|ORDDATA             ........72                        4
ORDDCM_STORED_TAGS|ORDDATA          ........73                        4
ORDDCM_ANON_ATTRS|ORDDATA           ........118                       4
ORDDCM_RT_PREF_PARAMS|ORDDATA       ........119                       4
ORDDCM_UID_DEFS|ORDDATA             ........161                       4
ORDDCM_STD_ATTRS|ORDDATA            ........188                       4
ORDDCM_CT_DAREFS|ORDDATA            ........189                       4
ORDDCM_DICT_ATTRS|ORDDATA           ..........9                       5
ORDDCM_MAPPING_DOCS|ORDDATA         ........260                       4
ORDDCM_MAPPED_PATHS|ORDDATA         ..........176                     5
ORDDCM_CT_LOCATORPATHS|ORDDATA      ........261                       4
ORDDCM_ANON_ATTRS_WRK|ORDDATA       ....127                           2
ORDDCM_ANON_ACTION_TYPES|ORDDATA    ......62                          3
ORDDCM_ANON_RULES_WRK|ORDDATA       ....170                           2
ORDDCM_ANON_RULE_TYPES|ORDDATA      ......65                          3
ORDDCM_DOC_REFS_WRK|ORDDATA         ....197                           2
ORDDCM_PRV_ATTRS_WRK|ORDDATA        ....198                           2
ORDDCM_VR_DT_MAP|ORDDATA            ......151                         3
ORDDCM_DICT_ATTRS_WRK|ORDDATA       ......214                         3
ORDDCM_CT_DAREFS_WRK|ORDDATA        ....199                           2
ORDDCM_CT_PRED_SET_WRK|ORDDATA      ....224                           2
ORDDCM_CT_MACRO_PAR_WRK|ORDDATA     ......83                          3
ORDDCM_CT_PRED_WRK|ORDDATA          ......174                         3
ORDDCM_CT_PRED_OPRD_WRK|ORDDATA     ........92                        4
ORDDCM_CT_PRED_PAR_WRK|ORDDATA      ........232                       4
ORDDCM_CT_ACTION_WRK|ORDDATA        ........273                       4
ORDDCM_CT_MACRO_DEP_WRK|ORDDATA     ......193                         3
ORDDCM_STD_ATTRS_WRK|ORDDATA        ....269                           2

47 rows selected.

Elapsed: 00:00:00.01
SQL_ID  bqxp0893crnd4, child number 0
-------------------------------------
WITH paths (node_id, rnk, lev) AS (     SELECT        226, 1, 0
FROM DUAL      UNION ALL     SELECT CASE WHEN l.node_id_fr = p.node_id
THEN l.node_id_to ELSE l.node_id_fr END,             Rank () OVER
(PARTITION BY CASE WHEN l.node_id_fr = p.node_id THEN l.node_id_to
ELSE l.node_id_fr END                           ORDER BY p.node_id),
p.lev + 1       FROM paths p       JOIN links l         ON
p.node_id IN (l.node_id_fr, l.node_id_to)      WHERE p.rnk = 1 )
SEARCH DEPTH FIRST BY node_id SET line_no CYCLE node_id SET lp TO '*'
DEFAULT ' ' , node_min_levs AS (     SELECT node_id,            Min
(lev) KEEP (DENSE_RANK FIRST ORDER BY lev) lev,            Min
(line_no) KEEP (DENSE_RANK FIRST ORDER BY lev) line_no       FROM paths
GROUP BY node_id ) SELECT /*+ gather_plan_statistics XPLAN_RSF_1
*/        n.node_name,        Substr(LPad ('.', 1 + 2 * m.lev, '.') ||
m.node_id, 2) node,        m.lev
Plan hash value: 2296250526
------------------------------------------------------------------------------------------------------------------------------------------
| Id  | Operation                                   | Name  | Starts | E-Rows | A-Rows |   A-Time   | Buffers |  OMem |  1Mem | Used-Mem |
------------------------------------------------------------------------------------------------------------------------------------------
|   0 | SELECT STATEMENT                            |       |      1 |        |     47 |00:00:00.01 |     595 |       |       |          |
|   1 |  SORT ORDER BY                              |       |      1 |   8685 |     47 |00:00:00.01 |     595 |  4096 |  4096 | 4096  (0)|
|*  2 |   HASH JOIN                                 |       |      1 |   8685 |     47 |00:00:00.01 |     595 |  1281K|  1281K| 1663K (0)|
|   3 |    TABLE ACCESS FULL                        | NODES |      1 |    289 |    289 |00:00:00.01 |       7 |       |       |          |
|   4 |    VIEW                                     |       |      1 |   8685 |     47 |00:00:00.01 |     588 |       |       |          |
|   5 |     SORT GROUP BY                           |       |      1 |   8685 |     47 |00:00:00.01 |     588 | 11264 | 11264 |10240  (0)|
|   6 |      VIEW                                   |       |      1 |   8685 |    209 |00:00:00.01 |     588 |       |       |          |
|   7 |       UNION ALL (RECURSIVE WITH) DEPTH FIRST|       |      1 |        |    209 |00:00:00.01 |     588 | 20480 | 20480 |18432  (0)|
|   8 |        FAST DUAL                            |       |      1 |      1 |      1 |00:00:00.01 |       0 |       |       |          |
|   9 |        WINDOW SORT                          |       |     11 |   8684 |    208 |00:00:00.01 |     588 |  4096 |  4096 | 4096  (0)|
|  10 |         NESTED LOOPS                        |       |     11 |   8684 |    208 |00:00:00.01 |     588 |       |       |          |
|  11 |          RECURSIVE WITH PUMP                |       |     11 |        |     84 |00:00:00.01 |       0 |       |       |          |
|* 12 |          TABLE ACCESS FULL                  | LINKS |     84 |      4 |    208 |00:00:00.01 |     588 |       |       |          |
------------------------------------------------------------------------------------------------------------------------------------------
Predicate Information (identified by operation id):
---------------------------------------------------
2 - access("N"."ID"="M"."NODE_ID")
12 - filter(("P"."NODE_ID"="L"."NODE_ID_FR" OR "P"."NODE_ID"="L"."NODE_ID_TO"))

PL/SQL procedure successfully completed.

Elapsed: 00:00:00.28
Two recursive subqueries - XPLAN_RSF_2

NODE_NAME                           NODE                            LEV
----------------------------------- ------------------------------ ----
ORDDCM_STORED_TAGS_WRK|ORDDATA      226                               0
ORDDCM_DOCS_WRK|ORDDATA             ..175                             1
ORDDCM_CT_LOCATORPATHS_WRK|ORDDATA  ....13                            2
ORDDCM_UID_DEFS_WRK|ORDDATA         ....20                            2
ORDDCM_RT_PREF_PARAMS_WRK|ORDDATA   ....51                            2
ORDDCM_MAPPING_DOCS_WRK|ORDDATA     ....86                            2
ORDDCM_MAPPED_PATHS_WRK|ORDDATA     ......135                         3
ORDDCM_DOC_TYPES|ORDDATA            ....109                           2
ORDDCM_INSTALL_DOCS|ORDDATA         ......203                         3
ORDDCM_DOCS|ORDDATA                 ......276                         3
ORDDCM_PRV_ATTRS|ORDDATA            ........8                         4
ORDDCM_ANON_RULES|ORDDATA           ........48                        4
ORDDCM_CT_PRED_SET|ORDDATA          ........68                        4
ORDDCM_CT_MACRO_DEP|ORDDATA         ..........19                      5
ORDDCM_CT_MACRO_PAR|ORDDATA         ..........85                      5
ORDDCM_CT_PRED|ORDDATA              ..........114                     5
ORDDCM_CT_ACTION|ORDDATA            ............2                     6
ORDDCM_CT_PRED_PAR|ORDDATA          ............46                    6
ORDDCM_CT_PRED_OPRD|ORDDATA         ............259                   6
ORDDCM_DOC_REFS|ORDDATA             ........72                        4
ORDDCM_STORED_TAGS|ORDDATA          ........73                        4
ORDDCM_ANON_ATTRS|ORDDATA           ........118                       4
ORDDCM_RT_PREF_PARAMS|ORDDATA       ........119                       4
ORDDCM_UID_DEFS|ORDDATA             ........161                       4
ORDDCM_STD_ATTRS|ORDDATA            ........188                       4
ORDDCM_CT_DAREFS|ORDDATA            ........189                       4
ORDDCM_DICT_ATTRS|ORDDATA           ..........9                       5
ORDDCM_MAPPING_DOCS|ORDDATA         ........260                       4
ORDDCM_MAPPED_PATHS|ORDDATA         ..........176                     5
ORDDCM_CT_LOCATORPATHS|ORDDATA      ........261                       4
ORDDCM_ANON_ATTRS_WRK|ORDDATA       ....127                           2
ORDDCM_ANON_ACTION_TYPES|ORDDATA    ......62                          3
ORDDCM_ANON_RULES_WRK|ORDDATA       ....170                           2
ORDDCM_ANON_RULE_TYPES|ORDDATA      ......65                          3
ORDDCM_DOC_REFS_WRK|ORDDATA         ....197                           2
ORDDCM_PRV_ATTRS_WRK|ORDDATA        ....198                           2
ORDDCM_VR_DT_MAP|ORDDATA            ......151                         3
ORDDCM_DICT_ATTRS_WRK|ORDDATA       ......214                         3
ORDDCM_CT_DAREFS_WRK|ORDDATA        ....199                           2
ORDDCM_CT_PRED_SET_WRK|ORDDATA      ....224                           2
ORDDCM_CT_MACRO_PAR_WRK|ORDDATA     ......83                          3
ORDDCM_CT_PRED_WRK|ORDDATA          ......174                         3
ORDDCM_CT_PRED_OPRD_WRK|ORDDATA     ........92                        4
ORDDCM_CT_PRED_PAR_WRK|ORDDATA      ........232                       4
ORDDCM_CT_ACTION_WRK|ORDDATA        ........273                       4
ORDDCM_CT_MACRO_DEP_WRK|ORDDATA     ......193                         3
ORDDCM_STD_ATTRS_WRK|ORDDATA        ....269                           2

47 rows selected.

Elapsed: 00:00:00.02
SQL_ID  6vqw7phknazh9, child number 0
-------------------------------------
WITH paths_truncated (node_id, lev, rn) /* XPLAN_RSF_2 */ AS (
SELECT        226, 0, 1       FROM DUAL      UNION ALL     SELECT CASE
WHEN l.node_id_fr = p.node_id THEN l.node_id_to ELSE l.node_id_fr END,
p.lev + 1,            Row_Number () OVER (PARTITION BY CASE
WHEN l.node_id_fr = p.node_id THEN l.node_id_to
ELSE
l.node_id_fr END                                ORDER BY p.node_id)
FROM paths_truncated p       JOIN links l         ON p.node_id IN
(l.node_id_fr, l.node_id_to)      WHERE p.rn = 1        AND p.lev < 10
)  --  SEARCH DEPTH FIRST BY node SET line_noadded this to test
performance CYCLE node_id SET lp TO '*' DEFAULT ' ' , approx_best_paths
AS (     SELECT node_id,            Max (lev) KEEP (DENSE_RANK FIRST
ORDER BY lev) lev       FROM paths_truncated      GROUP BY node_id ),
paths (node_id, lev, rn) AS (     SELECT        226, 0, 1       FROM
DUAL      UNION ALL     SELECT CA
Plan hash value: 2263278633
----------------------------------------------------------------------------------------------------------------------------------------------------
| Id  | Operation                                             | Name  | Starts | E-Rows | A-Rows |   A-Time   | Buffers |  OMem |  1Mem | Used-Mem |
----------------------------------------------------------------------------------------------------------------------------------------------------
|   0 | SELECT STATEMENT                                      |       |      1 |        |     47 |00:00:00.01 |     917 |       |       |          |
|   1 |  SORT ORDER BY                                        |       |      1 |    300P|     47 |00:00:00.01 |     917 |  4096 |  4096 | 4096  (0)|
|*  2 |   HASH JOIN                                           |       |      1 |    300P|     47 |00:00:00.01 |     917 |  1281K|  1281K| 1663K (0)|
|   3 |    TABLE ACCESS FULL                                  | NODES |      1 |    289 |    289 |00:00:00.01 |       7 |       |       |          |
|   4 |    VIEW                                               |       |      1 |    300P|     47 |00:00:00.01 |     910 |       |       |          |
|   5 |     SORT GROUP BY                                     |       |      1 |    300P|     47 |00:00:00.01 |     910 |  9216 |  9216 | 8192  (0)|
|   6 |      VIEW                                             |       |      1 |    300P|     58 |00:00:00.01 |     910 |       |       |          |
|   7 |       UNION ALL (RECURSIVE WITH) DEPTH FIRST          |       |      1 |        |     58 |00:00:00.01 |     910 |  6144 |  6144 | 6144  (0)|
|   8 |        FAST DUAL                                      |       |      1 |      1 |      1 |00:00:00.01 |       0 |       |       |          |
|   9 |        WINDOW SORT                                    |       |      7 |    300P|     57 |00:00:00.01 |     910 |  2048 |  2048 | 2048  (0)|
|* 10 |         FILTER                                        |       |      7 |        |     57 |00:00:00.01 |     910 |       |       |          |
|* 11 |          HASH JOIN RIGHT OUTER                        |       |      7 |    300P|    118 |00:00:00.01 |     910 |  2078K|  2078K| 1684K (0)|
|  12 |           BUFFER SORT (REUSE)                         |       |      7 |        |    329 |00:00:00.01 |     581 | 73728 | 73728 |          |
|  13 |            VIEW                                       |       |      1 |   8685 |     47 |00:00:00.01 |     581 |       |       |          |
|  14 |             SORT GROUP BY                             |       |      1 |   8685 |     47 |00:00:00.01 |     581 |  6144 |  6144 | 6144  (0)|
|  15 |              VIEW                                     |       |      1 |   8685 |    206 |00:00:00.01 |     581 |       |       |          |
|  16 |               UNION ALL (RECURSIVE WITH) BREADTH FIRST|       |      1 |        |    206 |00:00:00.01 |     581 |  2048 |  2048 | 2048  (0)|
|  17 |                FAST DUAL                              |       |      1 |      1 |      1 |00:00:00.01 |       0 |       |       |          |
|  18 |                WINDOW SORT                            |       |     11 |   8684 |    205 |00:00:00.01 |     581 |  4096 |  4096 | 4096  (0)|
|  19 |                 NESTED LOOPS                          |       |     11 |   8684 |    205 |00:00:00.01 |     581 |       |       |          |
|  20 |                  RECURSIVE WITH PUMP                  |       |     11 |        |     83 |00:00:00.01 |       0 |       |       |          |
|* 21 |                  TABLE ACCESS FULL                    | LINKS |     83 |      4 |    205 |00:00:00.01 |     581 |       |       |          |
|  22 |           NESTED LOOPS                                |       |      7 |   3455T|    118 |00:00:00.01 |     329 |       |       |          |
|  23 |            RECURSIVE WITH PUMP                        |       |      7 |        |     47 |00:00:00.01 |       0 |       |       |          |
|* 24 |            TABLE ACCESS FULL                          | LINKS |     47 |      4 |    118 |00:00:00.01 |     329 |       |       |          |
----------------------------------------------------------------------------------------------------------------------------------------------------
Predicate Information (identified by operation id):
---------------------------------------------------
2 - access("N"."ID"="M"."NODE_ID")
10 - filter("P"."LEV"<NVL("B"."LEV",1000000))
11 - access("B"."NODE_ID"=CASE "L"."NODE_ID_FR" WHEN "P"."NODE_ID" THEN "L"."NODE_ID_TO" ELSE "L"."NODE_ID_FR" END )
21 - filter(("P"."NODE_ID"="L"."NODE_ID_FR" OR "P"."NODE_ID"="L"."NODE_ID_TO"))
24 - filter(("P"."NODE_ID"="L"."NODE_ID_FR" OR "P"."NODE_ID"="L"."NODE_ID_TO"))

PL/SQL procedure successfully completed.

Elapsed: 00:00:00.23

'END:'||TO_CHAR(SYSDATE,'DD-MON-YY
----------------------------------
End: 26-JUL-2022 06:54:34

