
Database             Time                 Version
-------------------- -------------------- ------------------------------
Start: ORCL          26-JUL-2022 06:54:33 Version 21.3.0.0.0

Elapsed: 00:00:00.00
Root name: JOB_HISTORY|HR, Root id:         50
One recursive subqueries - XPLAN_RSF_1

NODE_NAME                           NODE                            LEV
----------------------------------- ------------------------------ ----
JOB_HISTORY|HR                      50                                0
JOBS|HR                             ..186                             1
EMPLOYEES|HR                        ..221                             1
ORDERS|OE                           ....11                            2
ORDER_ITEMS|OE                      ......27                          3
PRODUCT_INFORMATION|OE              ........254                       4
PRINT_MEDIA|PM                      ..........28                      5
PRODUCT_DESCRIPTIONS|OE             ..........143                     5
CUSTOMERS|OE                        ....192                           2
DEPARTMENTS|HR                      ..266                             1
LOCATIONS|HR                        ....10                            2
WAREHOUSES|OE                       ......102                         3
INVENTORIES|OE                      ........207                       4
COUNTRIES|HR                        ......231                         3
REGIONS|HR                          ........63                        4

15 rows selected.

Elapsed: 00:00:00.01
SQL_ID  g9412pry97td1, child number 0
-------------------------------------
WITH paths (node_id, rnk, lev) AS (     SELECT         50, 1, 0
FROM DUAL      UNION ALL     SELECT CASE WHEN l.node_id_fr = p.node_id
THEN l.node_id_to ELSE l.node_id_fr END,             Rank () OVER
(PARTITION BY CASE WHEN l.node_id_fr = p.node_id THEN l.node_id_to
ELSE l.node_id_fr END                           ORDER BY p.node_id),
p.lev + 1       FROM paths p       JOIN links l         ON
p.node_id IN (l.node_id_fr, l.node_id_to)      WHERE p.rnk = 1 )
SEARCH DEPTH FIRST BY node_id SET line_no CYCLE node_id SET lp TO '*'
DEFAULT ' ' , node_min_levs AS (     SELECT node_id,            Min
(lev) KEEP (DENSE_RANK FIRST ORDER BY lev) lev,            Min
(line_no) KEEP (DENSE_RANK FIRST ORDER BY lev) line_no       FROM paths
GROUP BY node_id ) SELECT /*+ gather_plan_statistics XPLAN_RSF_1
*/        n.node_name,        Substr(LPad ('.', 1 + 2 * m.lev, '.') ||
m.node_id, 2) node,        m.lev
Plan hash value: 2296250526
------------------------------------------------------------------------------------------------------------------------------------------
| Id  | Operation                                   | Name  | Starts | E-Rows | A-Rows |   A-Time   | Buffers |  OMem |  1Mem | Used-Mem |
------------------------------------------------------------------------------------------------------------------------------------------
|   0 | SELECT STATEMENT                            |       |      1 |        |     15 |00:00:00.01 |     252 |       |       |          |
|   1 |  SORT ORDER BY                              |       |      1 |   8685 |     15 |00:00:00.01 |     252 |  2048 |  2048 | 2048  (0)|
|*  2 |   HASH JOIN                                 |       |      1 |   8685 |     15 |00:00:00.01 |     252 |  1281K|  1281K| 1719K (0)|
|   3 |    TABLE ACCESS FULL                        | NODES |      1 |    289 |    289 |00:00:00.01 |       7 |       |       |          |
|   4 |    VIEW                                     |       |      1 |   8685 |     15 |00:00:00.01 |     245 |       |       |          |
|   5 |     SORT GROUP BY                           |       |      1 |   8685 |     15 |00:00:00.01 |     245 |  4096 |  4096 | 4096  (0)|
|   6 |      VIEW                                   |       |      1 |   8685 |    102 |00:00:00.01 |     245 |       |       |          |
|   7 |       UNION ALL (RECURSIVE WITH) DEPTH FIRST|       |      1 |        |    102 |00:00:00.01 |     245 |  9216 |  9216 | 8192  (0)|
|   8 |        FAST DUAL                            |       |      1 |      1 |      1 |00:00:00.01 |       0 |       |       |          |
|   9 |        WINDOW SORT                          |       |     11 |   8684 |     87 |00:00:00.01 |     245 |  2048 |  2048 | 2048  (0)|
|  10 |         NESTED LOOPS                        |       |     11 |   8684 |     87 |00:00:00.01 |     245 |       |       |          |
|  11 |          RECURSIVE WITH PUMP                |       |     11 |        |     35 |00:00:00.01 |       0 |       |       |          |
|* 12 |          TABLE ACCESS FULL                  | LINKS |     35 |      4 |     87 |00:00:00.01 |     245 |       |       |          |
------------------------------------------------------------------------------------------------------------------------------------------
Predicate Information (identified by operation id):
---------------------------------------------------
2 - access("N"."ID"="M"."NODE_ID")
12 - filter(("P"."NODE_ID"="L"."NODE_ID_FR" OR "P"."NODE_ID"="L"."NODE_ID_TO"))

PL/SQL procedure successfully completed.

Elapsed: 00:00:00.22
Two recursive subqueries - XPLAN_RSF_2

NODE_NAME                           NODE                            LEV
----------------------------------- ------------------------------ ----
JOB_HISTORY|HR                      50                                0
JOBS|HR                             ..186                             1
EMPLOYEES|HR                        ..221                             1
ORDERS|OE                           ....11                            2
ORDER_ITEMS|OE                      ......27                          3
PRODUCT_INFORMATION|OE              ........254                       4
PRINT_MEDIA|PM                      ..........28                      5
PRODUCT_DESCRIPTIONS|OE             ..........143                     5
CUSTOMERS|OE                        ....192                           2
DEPARTMENTS|HR                      ..266                             1
LOCATIONS|HR                        ....10                            2
WAREHOUSES|OE                       ......102                         3
INVENTORIES|OE                      ........207                       4
COUNTRIES|HR                        ......231                         3
REGIONS|HR                          ........63                        4

15 rows selected.

Elapsed: 00:00:00.01
SQL_ID  b6s9qt8xacm47, child number 0
-------------------------------------
WITH paths_truncated (node_id, lev, rn) /* XPLAN_RSF_2 */ AS (
SELECT         50, 0, 1       FROM DUAL      UNION ALL     SELECT CASE
WHEN l.node_id_fr = p.node_id THEN l.node_id_to ELSE l.node_id_fr END,
p.lev + 1,            Row_Number () OVER (PARTITION BY CASE
WHEN l.node_id_fr = p.node_id THEN l.node_id_to
ELSE
l.node_id_fr END                                ORDER BY p.node_id)
FROM paths_truncated p       JOIN links l         ON p.node_id IN
(l.node_id_fr, l.node_id_to)      WHERE p.rn = 1        AND p.lev < 10
)  --  SEARCH DEPTH FIRST BY node SET line_noadded this to test
performance CYCLE node_id SET lp TO '*' DEFAULT ' ' , approx_best_paths
AS (     SELECT node_id,            Max (lev) KEEP (DENSE_RANK FIRST
ORDER BY lev) lev       FROM paths_truncated      GROUP BY node_id ),
paths (node_id, lev, rn) AS (     SELECT         50, 0, 1       FROM
DUAL      UNION ALL     SELECT CA
Plan hash value: 2263278633
----------------------------------------------------------------------------------------------------------------------------------------------------
| Id  | Operation                                             | Name  | Starts | E-Rows | A-Rows |   A-Time   | Buffers |  OMem |  1Mem | Used-Mem |
----------------------------------------------------------------------------------------------------------------------------------------------------
|   0 | SELECT STATEMENT                                      |       |      1 |        |     15 |00:00:00.01 |     350 |       |       |          |
|   1 |  SORT ORDER BY                                        |       |      1 |    300P|     15 |00:00:00.01 |     350 |  2048 |  2048 | 2048  (0)|
|*  2 |   HASH JOIN                                           |       |      1 |    300P|     15 |00:00:00.01 |     350 |  1281K|  1281K| 1674K (0)|
|   3 |    TABLE ACCESS FULL                                  | NODES |      1 |    289 |    289 |00:00:00.01 |       7 |       |       |          |
|   4 |    VIEW                                               |       |      1 |    300P|     15 |00:00:00.01 |     343 |       |       |          |
|   5 |     SORT GROUP BY                                     |       |      1 |    300P|     15 |00:00:00.01 |     343 |  4096 |  4096 | 4096  (0)|
|   6 |      VIEW                                             |       |      1 |    300P|     15 |00:00:00.01 |     343 |       |       |          |
|   7 |       UNION ALL (RECURSIVE WITH) DEPTH FIRST          |       |      1 |        |     15 |00:00:00.01 |     343 |  2048 |  2048 | 2048  (0)|
|   8 |        FAST DUAL                                      |       |      1 |      1 |      1 |00:00:00.01 |       0 |       |       |          |
|   9 |        WINDOW SORT                                    |       |      6 |    300P|     14 |00:00:00.01 |     343 |  2048 |  2048 | 2048  (0)|
|* 10 |         FILTER                                        |       |      6 |        |     14 |00:00:00.01 |     343 |       |       |          |
|* 11 |          HASH JOIN RIGHT OUTER                        |       |      6 |    300P|     38 |00:00:00.01 |     343 |  2078K|  2078K| 1621K (0)|
|  12 |           BUFFER SORT (REUSE)                         |       |      6 |        |     90 |00:00:00.01 |     238 | 73728 | 73728 |          |
|  13 |            VIEW                                       |       |      1 |   8685 |     15 |00:00:00.01 |     238 |       |       |          |
|  14 |             SORT GROUP BY                             |       |      1 |   8685 |     15 |00:00:00.01 |     238 |  2048 |  2048 | 2048  (0)|
|  15 |              VIEW                                     |       |      1 |   8685 |     87 |00:00:00.01 |     238 |       |       |          |
|  16 |               UNION ALL (RECURSIVE WITH) BREADTH FIRST|       |      1 |        |     87 |00:00:00.01 |     238 |  2048 |  2048 | 2048  (0)|
|  17 |                FAST DUAL                              |       |      1 |      1 |      1 |00:00:00.01 |       0 |       |       |          |
|  18 |                WINDOW SORT                            |       |     11 |   8684 |     86 |00:00:00.01 |     238 |  2048 |  2048 | 2048  (0)|
|  19 |                 NESTED LOOPS                          |       |     11 |   8684 |     86 |00:00:00.01 |     238 |       |       |          |
|  20 |                  RECURSIVE WITH PUMP                  |       |     11 |        |     34 |00:00:00.01 |       0 |       |       |          |
|* 21 |                  TABLE ACCESS FULL                    | LINKS |     34 |      4 |     86 |00:00:00.01 |     238 |       |       |          |
|  22 |           NESTED LOOPS                                |       |      6 |   3455T|     38 |00:00:00.01 |     105 |       |       |          |
|  23 |            RECURSIVE WITH PUMP                        |       |      6 |        |     15 |00:00:00.01 |       0 |       |       |          |
|* 24 |            TABLE ACCESS FULL                          | LINKS |     15 |      4 |     38 |00:00:00.01 |     105 |       |       |          |
----------------------------------------------------------------------------------------------------------------------------------------------------
Predicate Information (identified by operation id):
---------------------------------------------------
2 - access("N"."ID"="M"."NODE_ID")
10 - filter("P"."LEV"<NVL("B"."LEV",1000000))
11 - access("B"."NODE_ID"=CASE "L"."NODE_ID_FR" WHEN "P"."NODE_ID" THEN "L"."NODE_ID_TO" ELSE "L"."NODE_ID_FR" END )
21 - filter(("P"."NODE_ID"="L"."NODE_ID_FR" OR "P"."NODE_ID"="L"."NODE_ID_TO"))
24 - filter(("P"."NODE_ID"="L"."NODE_ID_FR" OR "P"."NODE_ID"="L"."NODE_ID_TO"))

PL/SQL procedure successfully completed.

Elapsed: 00:00:00.31

'END:'||TO_CHAR(SYSDATE,'DD-MON-YY
----------------------------------
End: 26-JUL-2022 06:54:33

