
Database             Time                 Version
-------------------- -------------------- ------------------------------
Start: ORCL          06-AUG-2022 14:46:25 Version 21.3.0.0.0

Elapsed: 00:00:00.00
Root name: ORDDCM_STORED_TAGS_WRK|ORDDATA, Root id:        227
One recursive subqueries - XPLAN_RSF_1

NODE_NAME                           NODE                            LEV
----------------------------------- ------------------------------ ----
ORDDCM_STORED_TAGS_WRK|ORDDATA      227                               0
ORDDCM_DOCS_WRK|ORDDATA             ..175                             1
ORDDCM_CT_LOCATORPATHS_WRK|ORDDATA  ....13                            2
ORDDCM_UID_DEFS_WRK|ORDDATA         ....20                            2
ORDDCM_RT_PREF_PARAMS_WRK|ORDDATA   ....51                            2
ORDDCM_MAPPING_DOCS_WRK|ORDDATA     ....86                            2
ORDDCM_MAPPED_PATHS_WRK|ORDDATA     ......135                         3
ORDDCM_DOC_TYPES|ORDDATA            ....109                           2
ORDDCM_INSTALL_DOCS|ORDDATA         ......204                         3
ORDDCM_DOCS|ORDDATA                 ......277                         3
ORDDCM_PRV_ATTRS|ORDDATA            ........8                         4
ORDDCM_ANON_RULES|ORDDATA           ........48                        4
ORDDCM_CT_PRED_SET|ORDDATA          ........68                        4
ORDDCM_CT_MACRO_DEP|ORDDATA         ..........19                      5
ORDDCM_CT_MACRO_PAR|ORDDATA         ..........85                      5
ORDDCM_CT_PRED|ORDDATA              ..........114                     5
ORDDCM_CT_ACTION|ORDDATA            ............2                     6
ORDDCM_CT_PRED_PAR|ORDDATA          ............46                    6
ORDDCM_CT_PRED_OPRD|ORDDATA         ............260                   6
ORDDCM_DOC_REFS|ORDDATA             ........72                        4
ORDDCM_STORED_TAGS|ORDDATA          ........73                        4
ORDDCM_ANON_ATTRS|ORDDATA           ........118                       4
ORDDCM_RT_PREF_PARAMS|ORDDATA       ........119                       4
ORDDCM_UID_DEFS|ORDDATA             ........161                       4
ORDDCM_STD_ATTRS|ORDDATA            ........188                       4
ORDDCM_CT_DAREFS|ORDDATA            ........189                       4
ORDDCM_DICT_ATTRS|ORDDATA           ..........9                       5
ORDDCM_MAPPING_DOCS|ORDDATA         ........261                       4
ORDDCM_MAPPED_PATHS|ORDDATA         ..........176                     5
ORDDCM_CT_LOCATORPATHS|ORDDATA      ........262                       4
ORDDCM_ANON_ATTRS_WRK|ORDDATA       ....127                           2
ORDDCM_ANON_ACTION_TYPES|ORDDATA    ......62                          3
ORDDCM_ANON_RULES_WRK|ORDDATA       ....170                           2
ORDDCM_ANON_RULE_TYPES|ORDDATA      ......65                          3
ORDDCM_DOC_REFS_WRK|ORDDATA         ....197                           2
ORDDCM_PRV_ATTRS_WRK|ORDDATA        ....198                           2
ORDDCM_VR_DT_MAP|ORDDATA            ......151                         3
ORDDCM_DICT_ATTRS_WRK|ORDDATA       ......215                         3
ORDDCM_CT_DAREFS_WRK|ORDDATA        ....199                           2
ORDDCM_CT_PRED_SET_WRK|ORDDATA      ....225                           2
ORDDCM_CT_MACRO_PAR_WRK|ORDDATA     ......83                          3
ORDDCM_CT_PRED_WRK|ORDDATA          ......174                         3
ORDDCM_CT_PRED_OPRD_WRK|ORDDATA     ........92                        4
ORDDCM_CT_PRED_PAR_WRK|ORDDATA      ........233                       4
ORDDCM_CT_ACTION_WRK|ORDDATA        ........274                       4
ORDDCM_CT_MACRO_DEP_WRK|ORDDATA     ......193                         3
ORDDCM_STD_ATTRS_WRK|ORDDATA        ....270                           2

47 rows selected.

Elapsed: 00:00:00.05
SQL_ID  9zpz965fk9wfm, child number 0
-------------------------------------
WITH paths (node_id, rnk, lev) AS (     SELECT        227, 1, 0
FROM DUAL      UNION ALL     SELECT CASE WHEN l.node_id_fr = p.node_id
THEN l.node_id_to ELSE l.node_id_fr END,             Rank () OVER
(PARTITION BY CASE WHEN l.node_id_fr = p.node_id THEN l.node_id_to
ELSE l.node_id_fr END                           ORDER BY p.node_id),
p.lev + 1       FROM paths p       JOIN links l         ON
p.node_id IN (l.node_id_fr, l.node_id_to)      WHERE p.rnk = 1 )
SEARCH DEPTH FIRST BY node_id SET line_no CYCLE node_id SET lp TO '*'
DEFAULT ' ' , node_min_levs AS (     SELECT node_id,            Min
(lev) KEEP (DENSE_RANK FIRST ORDER BY lev) lev,            Min
(line_no) KEEP (DENSE_RANK FIRST ORDER BY lev) line_no       FROM paths
GROUP BY node_id ) SELECT /*+ gather_plan_statistics XPLAN_RSF_1
*/        n.node_name,        Substr(LPad ('.', 1 + 2 * m.lev, '.') ||
m.node_id, 2) node,        m.lev
Plan hash value: 2296250526
------------------------------------------------------------------------------------------------------------------------------------------
| Id  | Operation                                   | Name  | Starts | E-Rows | A-Rows |   A-Time   | Buffers |  OMem |  1Mem | Used-Mem |
------------------------------------------------------------------------------------------------------------------------------------------
|   0 | SELECT STATEMENT                            |       |      1 |        |     47 |00:00:00.01 |     595 |       |       |          |
|   1 |  SORT ORDER BY                              |       |      1 |   8425 |     47 |00:00:00.01 |     595 |  4096 |  4096 | 4096  (0)|
|*  2 |   HASH JOIN                                 |       |      1 |   8425 |     47 |00:00:00.01 |     595 |  1298K|  1298K| 1679K (0)|
|   3 |    TABLE ACCESS FULL                        | NODES |      1 |    291 |    291 |00:00:00.01 |       7 |       |       |          |
|   4 |    VIEW                                     |       |      1 |   8425 |     47 |00:00:00.01 |     588 |       |       |          |
|   5 |     SORT GROUP BY                           |       |      1 |   8425 |     47 |00:00:00.01 |     588 | 11264 | 11264 |10240  (0)|
|   6 |      VIEW                                   |       |      1 |   8425 |    209 |00:00:00.01 |     588 |       |       |          |
|   7 |       UNION ALL (RECURSIVE WITH) DEPTH FIRST|       |      1 |        |    209 |00:00:00.01 |     588 | 20480 | 20480 |18432  (0)|
|   8 |        FAST DUAL                            |       |      1 |      1 |      1 |00:00:00.01 |       0 |       |       |          |
|   9 |        WINDOW SORT                          |       |     11 |   8424 |    208 |00:00:00.01 |     588 |  4096 |  4096 | 4096  (0)|
|  10 |         NESTED LOOPS                        |       |     11 |   8424 |    208 |00:00:00.01 |     588 |       |       |          |
|  11 |          RECURSIVE WITH PUMP                |       |     11 |        |     84 |00:00:00.01 |       0 |       |       |          |
|* 12 |          TABLE ACCESS FULL                  | LINKS |     84 |      4 |    208 |00:00:00.01 |     588 |       |       |          |
------------------------------------------------------------------------------------------------------------------------------------------
Predicate Information (identified by operation id):
---------------------------------------------------
2 - access("N"."ID"="M"."NODE_ID")
12 - filter(("P"."NODE_ID"="L"."NODE_ID_FR" OR "P"."NODE_ID"="L"."NODE_ID_TO"))

PL/SQL procedure successfully completed.

Elapsed: 00:00:00.29

'END:'||TO_CHAR(SYSDATE,'DD-MON-YY
----------------------------------
End: 06-AUG-2022 14:46:25

