
Database             Time                 Version
-------------------- -------------------- ------------------------------
Start: ORCL          06-AUG-2022 14:46:26 Version 21.3.0.0.0

Network summary 1 - by subnetwork

Network     #Links  #Nodes    Max Lev
---------- ------- ------- ----------
196              2       2          1
172              2       2          1
49               2       2          1
34               2       2          1
29               2       2          1
283              2       2          1
281              2       2          1
173              2       2          1
55               2       2          1
89               2       2          1
142              2       2          1
140              2       2          1
245              2       2          1
236              2       2          1
122              2       2          1
207              2       2          1
131              2       2          1
203              2       2          1
75               2       2          1
138              2       2          1
230              3       3          2
146              3       3          2
130              3       3          2
167              3       3          2
246              3       3          2
168              4       3          3
136              4       4          2
166              4       4          2
223              4       4          2
206              4       4          2
120              7       7          2
132              8       6          4
116              9       9          5
217             11       8          4
100             11       9          6
125             12      10          8
101             14      13          4
121             18      14          7
10              20      15         11
115             20      17          9
123             22      15         10
117             31      22         12
1               34      25         11
118             60      47          9

44 rows selected.

Elapsed: 00:00:00.08
Network summary 2 - grouped by numbers of nodes

 #Nodes  #Networks
------- ----------
      2         20
      3          6
      4          4
      6          1
      7          1
      8          1
      9          2
     10          1
     13          1
     14          1
     15          2
     17          1
     22          1
     25          1
     47          1

15 rows selected.

Elapsed: 00:00:00.05

'END:'||TO_CHAR(SYSDATE,'DD-MON-YY
----------------------------------
End: 06-AUG-2022 14:46:26

