
Database             Time                 Version
-------------------- -------------------- ------------------------------
Start: ORCL          06-AUG-2022 14:46:26 Version 21.3.0.0.0

Network detail (tree)

Network    Node Name                           Node                                                                      LEV
---------- ----------------------------------- ---------------------------------------------------------------------- ------
1          XS$ATTR_SEC|SYS                     1                                                                           0
1          XS$DSEC|SYS                         ..159                                                                       1
1          XS$POLICY_PARAM|SYS                 ....238                                                                     2
1          XS$ACL_PARAM|SYS                    ......214                                                                   3
1          XS$ACL|SYS                          ........44                                                                  4
1          XS$NSTMPL|SYS                       ..........45                                                                5
1          XS$NSTMPL_ATTR|SYS                  ............22                                                              6
1          XS$OBJ|SYS                          ............96                                                              6
1          XS$AGGR_PRIV|SYS                    ..............113                                                           7
1          XS$TENANT|SYS                       ..............152                                                           7
1          XS$PRIV|SYS                         ..............157                                                           7
1          XS$SECCLS|SYS                       ................212                                                         8
1          XS$SECCLS_H|SYS                     ..................258                                                       9
1          XS$ACE_PRIV|SYS                     ..............158                                                           7
1          XS$ACE|SYS                          ................94                                                          8
1          XS$INSTSET_ACL|SYS                  ..............213                                                           7
1          XS$INSTSET_RULE|SYS                 ................58                                                          8
1          XS$INSTSET_LIST|SYS                 ..................279                                                       9
1          XS$INSTSET_INH|SYS                  ....................32                                                     10
1          XS$INSTSET_INH_KEY|SYS              ......................280                                                  11
1          XS$PROXY_ROLE|SYS                   ..............257                                                           7
1          XS$PRIN|SYS                         ................43                                                          8
1          XS$ROLE_GRANT|SYS                   ..................194                                                       9
1          XS$ROLESET|SYS                      ..............259                                                           7
1          XS$ROLESET_ROLES|SYS                ................67                                                          8
10         LOCATIONS|HR                        10                                                                          0
10         WAREHOUSES|OE                       ..102                                                                       1
10         INVENTORIES|OE                      ....208                                                                     2
10         PRODUCT_INFORMATION|OE              ......255                                                                   3
10         PRODUCT_DESCRIPTIONS|OE             ........143                                                                 4
10         ORDER_ITEMS|OE                      ........27                                                                  4
10         ORDERS|OE                           ..........11                                                                5
10         CUSTOMERS|OE                        ............192                                                             6
10         EMPLOYEES|HR                        ..............222                                                           7
10         JOBS|HR                             ................185                                                         8
10         JOB_HISTORY|HR                      ..................50                                                        9
10         DEPARTMENTS|HR                      ....................267                                                    10
10         PRINT_MEDIA|PM                      ........28                                                                  4
10         COUNTRIES|HR                        ..232                                                                       1
10         REGIONS|HR                          ....63                                                                      2
100        WI$_FREQUENT_PATTERN|SYS            100                                                                         0
100        WI$_JOB|SYS                         ..41                                                                        1
100        WI$_CAPTURE_FILE|SYS                ....241                                                                     2
100        WI$_EXECUTION_ORDER|SYS             ......128                                                                   3
100        WI$_TEMPLATE|SYS                    ........99                                                                  4
100        WI$_OBJECT|SYS                      ..........228                                                               5
100        WI$_STATEMENT|SYS                   ..........271                                                               5
100        WI$_FREQUENT_PATTERN_ITEM|SYS       ..........87                                                                5
100        WI$_FREQUENT_PATTERN_METADATA|SYS   ....282                                                                     2
101        MVIEW$_ADV_AJG|SYSTEM               101                                                                         0
101        MVIEW$_ADV_FJG|SYSTEM               ..14                                                                        1
101        MVIEW$_ADV_GC|SYSTEM                ....15                                                                      2
101        MVIEW$_ADV_LOG|SYSTEM               ..154                                                                       1
101        MVIEW$_ADV_LEVEL|SYSTEM             ....144                                                                     2
101        MVIEW$_ADV_ROLLUP|SYSTEM            ......202                                                                   3
101        MVIEW$_ADV_EXCEPTIONS|SYSTEM        ....145                                                                     2
101        MVIEW$_ADV_ELIGIBLE|SYSTEM          ....242                                                                     2
101        MVIEW$_ADV_INFO|SYSTEM              ....243                                                                     2
101        MVIEW$_ADV_JOURNAL|SYSTEM           ....244                                                                     2
101        MVIEW$_ADV_OUTPUT|SYSTEM            ....284                                                                     2
101        MVIEW$_ADV_FILTERINSTANCE|SYSTEM    ....30                                                                      2
101        MVIEW$_ADV_CLIQUE|SYSTEM            ....31                                                                      2
115        REALM_AUTH$|DVSYS                   115                                                                         0
115        RULE_SET$|DVSYS                     ..177                                                                       1
115        COMMAND_RULE$|DVSYS                 ....216                                                                     2
115        CODE$|DVSYS                         ......64                                                                    3
115        IDENTITY_MAP$|DVSYS                 ........16                                                                  4
115        IDENTITY$|DVSYS                     ..........235                                                               5
115        POLICY_LABEL$|DVSYS                 ............124                                                             6
115        FACTOR$|DVSYS                       ............69                                                              6
115        FACTOR_LINK$|DVSYS                  ..............25                                                            7
115        MAC_POLICY_FACTOR$|DVSYS            ..............52                                                            7
115        MAC_POLICY$|DVSYS                   ................93                                                          8
115        FACTOR_TYPE$|DVSYS                  ..............66                                                            7
115        ROLE$|DVSYS                         ....4                                                                       2
115        RULE_SET_RULE$|DVSYS                ....5                                                                       2
115        RULE$|DVSYS                         ......112                                                                   3
115        REALM$|DVSYS                        ..289                                                                       1
115        REALM_OBJECT$|DVSYS                 ....276                                                                     2
116        TSDP_SENSITIVE_TYPE$|SYS            116                                                                         0
116        TSDP_SOURCE$|SYS                    ..179                                                                       1
116        TSDP_ASSOCIATION$|SYS               ..6                                                                         1
116        TSDP_POLICY$|SYS                    ....35                                                                      2
116        TSDP_SUBPOL$|SYS                    ......187                                                                   3
116        TSDP_PROTECTION$|SYS                ........139                                                                 4
116        TSDP_SENSITIVE_DATA$|SYS            ..........251                                                               5
116        TSDP_CONDITION$|SYS                 ........240                                                                 4
116        TSDP_PARAMETER$|SYS                 ........57                                                                  4
117        GLOBAL_TABLE|GSMADMIN_INTERNAL      117                                                                         0
117        TS_SET_TABLE|GSMADMIN_INTERNAL      ..12                                                                        1
117        TABLESPACE_SET|GSMADMIN_INTERNAL    ....7                                                                       2
117        PARTITION_SET|GSMADMIN_INTERNAL     ......160                                                                   3
117        TABLE_FAMILY|GSMADMIN_INTERNAL      ........180                                                                 4
117        SHARDKEY_COLUMNS|GSMADMIN_INTERNAL  ..........218                                                               5
117        SERVICE|GSMADMIN_INTERNAL           ..........71                                                                5
117        SERVICE_PREFERRED_AVAILABLE|GSMADMI ............229                                                             6
           N_INTERNAL

117        DATABASE_POOL|GSMADMIN_INTERNAL     ..............286                                                           7
117        SHARD_SPACE|GSMADMIN_INTERNAL       ................171                                                         8
117        CHUNK_LOC|GSMADMIN_INTERNAL         ..................129                                                       9
117        DATABASE|GSMADMIN_INTERNAL          ....................224                                                    10
117        CONTAINER_DATABASE|GSMADMIN_INTERNA ......................150                                                  11
           L

117        CATALOG_REQUESTS|GSMADMIN_INTERNAL  ......................23                                                   11
117        BROKER_CONFIGS|GSMADMIN_INTERNAL    ......................273                                                  11
117        SHARD_GROUP|GSMADMIN_INTERNAL       ......................54                                                   11
117        CHUNKS|GSMADMIN_INTERNAL            ....................90                                                     10
117        ALL_CHUNKS|GSMADMIN_INTERNAL        ..................134                                                       9
117        FILES|GSMADMIN_INTERNAL             ................200                                                         8
117        CREDENTIAL|GSMADMIN_INTERNAL        ................201                                                         8
117        DATABASE_POOL_ADMIN|GSMADMIN_INTERN ................272                                                         8
           AL

117        SHARD_TS|GSMADMIN_INTERNAL          ......82                                                                    3
118        ORDDCM_ANON_ATTRS|ORDDATA           118                                                                         0
118        ORDDCM_DOCS|ORDDATA                 ..277                                                                       1
118        ORDDCM_DOC_TYPES|ORDDATA            ....109                                                                     2
118        ORDDCM_DOCS_WRK|ORDDATA             ......175                                                                   3
118        ORDDCM_ANON_ATTRS_WRK|ORDDATA       ........127                                                                 4
118        ORDDCM_ANON_ACTION_TYPES|ORDDATA    ..........62                                                                5
118        ORDDCM_ANON_RULES_WRK|ORDDATA       ............170                                                             6
118        ORDDCM_ANON_RULE_TYPES|ORDDATA      ..............65                                                            7
118        ORDDCM_ANON_RULES|ORDDATA           ................48                                                          8
118        ORDDCM_CT_LOCATORPATHS_WRK|ORDDATA  ........13                                                                  4
118        ORDDCM_CT_PRED_SET_WRK|ORDDATA      ..........225                                                               5
118        ORDDCM_CT_PRED_WRK|ORDDATA          ............174                                                             6
118        ORDDCM_CT_PRED_PAR_WRK|ORDDATA      ..............233                                                           7
118        ORDDCM_CT_ACTION_WRK|ORDDATA        ..............274                                                           7
118        ORDDCM_CT_PRED_OPRD_WRK|ORDDATA     ..............92                                                            7
118        ORDDCM_CT_MACRO_DEP_WRK|ORDDATA     ............193                                                             6
118        ORDDCM_CT_MACRO_PAR_WRK|ORDDATA     ............83                                                              6
118        ORDDCM_DOC_REFS_WRK|ORDDATA         ........197                                                                 4
118        ORDDCM_PRV_ATTRS_WRK|ORDDATA        ........198                                                                 4
118        ORDDCM_VR_DT_MAP|ORDDATA            ..........151                                                               5
118        ORDDCM_STD_ATTRS|ORDDATA            ............188                                                             6
118        ORDDCM_DICT_ATTRS|ORDDATA           ..............9                                                             7
118        ORDDCM_CT_DAREFS|ORDDATA            ................189                                                         8
118        ORDDCM_PRV_ATTRS|ORDDATA            ................8                                                           8
118        ORDDCM_STD_ATTRS_WRK|ORDDATA        ............270                                                             6
118        ORDDCM_DICT_ATTRS_WRK|ORDDATA       ..............215                                                           7
118        ORDDCM_CT_DAREFS_WRK|ORDDATA        ................199                                                         8
118        ORDDCM_UID_DEFS_WRK|ORDDATA         ........20                                                                  4
118        ORDDCM_STORED_TAGS_WRK|ORDDATA      ........227                                                                 4
118        ORDDCM_RT_PREF_PARAMS_WRK|ORDDATA   ........51                                                                  4
118        ORDDCM_MAPPING_DOCS_WRK|ORDDATA     ........86                                                                  4
118        ORDDCM_MAPPED_PATHS_WRK|ORDDATA     ..........135                                                               5
118        ORDDCM_INSTALL_DOCS|ORDDATA         ......204                                                                   3
118        ORDDCM_RT_PREF_PARAMS|ORDDATA       ....119                                                                     2
118        ORDDCM_UID_DEFS|ORDDATA             ....161                                                                     2
118        ORDDCM_MAPPING_DOCS|ORDDATA         ....261                                                                     2
118        ORDDCM_MAPPED_PATHS|ORDDATA         ......176                                                                   3
118        ORDDCM_CT_LOCATORPATHS|ORDDATA      ....262                                                                     2
118        ORDDCM_CT_PRED_SET|ORDDATA          ......68                                                                    3
118        ORDDCM_CT_PRED|ORDDATA              ........114                                                                 4
118        ORDDCM_CT_ACTION|ORDDATA            ..........2                                                                 5
118        ORDDCM_CT_PRED_OPRD|ORDDATA         ..........260                                                               5
118        ORDDCM_CT_PRED_PAR|ORDDATA          ..........46                                                                5
118        ORDDCM_CT_MACRO_DEP|ORDDATA         ........19                                                                  4
118        ORDDCM_CT_MACRO_PAR|ORDDATA         ........85                                                                  4
118        ORDDCM_DOC_REFS|ORDDATA             ....72                                                                      2
118        ORDDCM_STORED_TAGS|ORDDATA          ....73                                                                      2
120        WFS_FEATURETYPENESTEDSDOS$|MDSYS    120                                                                         0
120        WFS_FEATURETYPE$|MDSYS              ..147                                                                       1
120        WFS_FEATURETYPEXMLCOLINFO$|MDSYS    ....162                                                                     2
120        WFS_FEATURETYPETAGS$|MDSYS          ....219                                                                     2
120        WFS_FEATURETYPESIMPLETAGATTRS$|MDSY ....220                                                                     2
           S

120        WFS_FEATUREINSTANCEMETADATA$|MDSYS  ....263                                                                     2
120        WFS_FEATURETYPEATTRS$|MDSYS         ....74                                                                      2
121        OLS$POLT|LBACSYS                    121                                                                         0
121        OLS$POL|LBACSYS                     ..247                                                                       1
121        OLS$GROUPS|LBACSYS                  ....163                                                                     2
121        OLS$USER_GROUPS|LBACSYS             ......81                                                                    3
121        OLS$USER_LEVELS|LBACSYS             ........47                                                                  4
121        OLS$USER_COMPARTMENTS|LBACSYS       ..........164                                                               5
121        OLS$COMPARTMENTS|LBACSYS            ............80                                                              6
121        OLS$LEVELS|LBACSYS                  ..........190                                                               5
121        OLS$AUDIT|LBACSYS                   ....191                                                                     2
121        OLS$PROFILE|LBACSYS                 ....221                                                                     2
121        OLS$USER|LBACSYS                    ......265                                                                   3
121        OLS$POLS|LBACSYS                    ....77                                                                      2
121        OLS$PROG|LBACSYS                    ....78                                                                      2
121        OLS$LAB|LBACSYS                     ....79                                                                      2
122        ATTRIBUTE_TRANSFORMATIONS$|SYS      122                                                                         0
122        TRANSFORMATIONS$|SYS                ..211                                                                       1
123        SDO_COORD_REF_SYS|MDSYS             123                                                                         0
123        SDO_COORD_OPS|MDSYS                 ..205                                                                       1
123        SDO_COORD_OP_METHODS|MDSYS          ....184                                                                     2
123        SDO_COORD_OP_PARAM_USE|MDSYS        ......26                                                                    3
123        SDO_COORD_OP_PARAMS|MDSYS           ........186                                                                 4
123        SDO_COORD_OP_PARAM_VALS|MDSYS       ..........278                                                               5
123        SDO_UNITS_OF_MEASURE|MDSYS          ............97                                                              6
123        SDO_ELLIPSOIDS|MDSYS                ..............141                                                           7
123        SDO_DATUMS|MDSYS                    ................98                                                          8
123        SDO_PRIME_MERIDIANS|MDSYS           ..................239                                                       9
123        SDO_COORD_AXES|MDSYS                ..............84                                                            7
123        SDO_COORD_AXIS_NAMES|MDSYS          ................291                                                         8
123        SDO_COORD_SYS|MDSYS                 ................37                                                          8
123        SDO_SRIDS_BY_URN|MDSYS              ..234                                                                       1
123        SDO_COORD_OP_PATHS|MDSYS            ..95                                                                        1
125        HS$_FDS_INST|SYS                    125                                                                         0
125        HS$_INST_DD|SYS                     ..18                                                                        1
125        HS$_BASE_DD|SYS                     ....106                                                                     2
125        HS$_CLASS_DD|SYS                    ......169                                                                   3
125        HS$_FDS_CLASS|SYS                   ........61                                                                  4
125        HS$_CLASS_INIT|SYS                  ..........126                                                               5
125        HS$_CLASS_CAPS|SYS                  ..........76                                                                5
125        HS$_BASE_CAPS|SYS                   ............104                                                             6
125        HS$_INST_CAPS|SYS                   ..............264                                                           7
125        HS$_INST_INIT|SYS                   ..275                                                                       1
130        OLS_DIR_CATEGORIZATIONS|MDSYS       130                                                                         0
130        OLS_DIR_CATEGORIES|MDSYS            ..3                                                                         1
130        OLS_DIR_CATEGORY_TYPES|MDSYS        ....103                                                                     2
131        DBMS_SQLPATCH_FILES|SYS             131                                                                         0
131        DBMS_SQLPATCH_STATE|SYS             ..107                                                                       1
132        ILM_DEPENDANT_OBJ$|SYS              132                                                                         0
132        ILM_EXECUTION$|SYS                  ..38                                                                        1
132        ILM_DEP_EXECUTIONDETAILS$|SYS       ....21                                                                      2
132        ILM_RESULTS$|SYS                    ......53                                                                    3
132        ILM_RESULT_STAT$|SYS                ........133                                                                 4
132        ILM_EXECUTIONDETAILS$|SYS           ....88                                                                      2
136        BC_ATTRIBUTE$|SYS                   136                                                                         0
136        BC$|SYS                             ..40                                                                        1
136        BC_CHAIN$|SYS                       ....137                                                                     2
136        BC_PEER$|SYS                        ....91                                                                      2
138        LOG_LINES|BREN                      138                                                                         0
138        LOG_HEADERS|BREN                    ..108                                                                       1
140        LINK_LOGONS$|SYS                    140                                                                         0
140        LINK_SOURCES$|SYS                   ..110                                                                       1
142        OGIS_GEOMETRY_COLUMNS|MDSYS         142                                                                         0
142        OGIS_SPATIAL_REFERENCE_SYSTEMS|MDSY ..253                                                                       1
           S

146        BSLN_STATISTICS|DBSNMP              146                                                                         0
146        BSLN_BASELINES|DBSNMP               ..156                                                                       1
146        BSLN_THRESHOLD_PARAMS|DBSNMP        ....59                                                                      2
166        DR$THS_BT|CTXSYS                    166                                                                         0
166        DR$THS_PHRASE|CTXSYS                ..24                                                                        1
166        DR$THS_FPHRASE|CTXSYS               ....195                                                                     2
166        DR$THS|CTXSYS                       ....288                                                                     2
167        POLICY_OBJECT$|DVSYS                167                                                                         0
167        POLICY$|DVSYS                       ..60                                                                        1
167        POLICY_OWNER$|DVSYS                 ....226                                                                     2
168        SYSDBIMFSDBA$|SYS                   168                                                                         0
168        SYSDBIMFSSEG$|SYS                   ..105                                                                       1
168        SYSDBIMFS$|SYS                      ....17                                                                      2
172        MVIEW$_ADV_BASETABLE|SYSTEM         172                                                                         0
172        MVIEW$_ADV_WORKLOAD|SYSTEM          ..149                                                                       1
173        DBFS$_MOUNTS|SYS                    173                                                                         0
173        DBFS$_STORES|SYS                    ..181                                                                       1
196        DAM_CONFIG_PARAM$|SYS               196                                                                         0
196        DAM_PARAM_TAB$|SYS                  ..285                                                                       1
203        LINKS|SYS                           203                                                                         0
203        NODES|SYS                           ..287                                                                       1
206        DBFS_SFS$_FS|SYS                    206                                                                         0
206        DBFS_SFS$_VOL|SYS                   ..56                                                                        1
206        DBFS_SFS$_SNAP|SYS                  ....237                                                                     2
206        DBFS_SFS$_TAB|SYS                   ....252                                                                     2
207        OLS_DIR_BUSINESSES|MDSYS            207                                                                         0
207        OLS_DIR_BUSINESS_CHAINS|MDSYS       ..290                                                                       1
217        SALES|SH                            217                                                                         0
217        PROMOTIONS|SH                       ..178                                                                       1
217        COSTS|SH                            ....70                                                                      2
217        PRODUCTS|SH                         ......182                                                                   3
217        CHANNELS|SH                         ......209                                                                   3
217        TIMES|SH                            ......248                                                                   3
217        CUSTOMERS|SH                        ..266                                                                       1
217        COUNTRIES|SH                        ....36                                                                      2
223        REGISTRY$DEPENDENCIES|SYS           223                                                                         0
223        REGISTRY$|SYS                       ..165                                                                       1
223        REGISTRY$SCHEMAS|SYS                ....268                                                                     2
223        REGISTRY$PROGRESS|SYS               ....269                                                                     2
230        JSON$USER_CREDENTIALS|XDB           230                                                                         0
230        JSON$USERS|XDB                      ..249                                                                       1
230        JSON$USER_ROLES|XDB                 ....231                                                                     2
236        RADM_MC$|SYS                        236                                                                         0
236        RADM_PE$|SYS                        ..183                                                                       1
245        DBMS_PARALLEL_EXECUTE_CHUNKS$|SYS   245                                                                         0
245        DBMS_PARALLEL_EXECUTE_TASK$|SYS     ..155                                                                       1
246        CONS_ATTR$|SYS                      246                                                                         0
246        CONS_LOG$|SYS                       ..256                                                                       1
246        CONS_PEER$|SYS                      ....33                                                                      2
281        SDO_WS_CONFERENCE_PARTICIPANTS|MDSY 281                                                                         0
           S

281        SDO_WS_CONFERENCE|MDSYS             ..254                                                                       1
283        DBFS_SFS$_FSTP|SYS                  283                                                                         0
283        DBFS_SFS$_FST|SYS                   ..111                                                                       1
29         SCHEDULER$_JOB_OUTPUT|SYS           29                                                                          0
29         SCHEDULER$_JOB_RUN_DETAILS|SYS      ..153                                                                       1
34         WRM$_SNAPSHOT|SYS                   34                                                                          0
34         WRM$_DATABASE_INSTANCE|SYS          ..42                                                                        1
49         SDO_NFE_MODEL_FTLAYER_REL|MDSYS     49                                                                          0
49         SDO_NFE_MODEL_METADATA_TABLE|MDSYS  ..210                                                                       1
55         SESSION_TEMPLATE$|SYS               55                                                                          0
55         SESSION_TEMPLATE_ID$|SYS            ..250                                                                       1
75         IM_DOMAIN$|SYS                      75                                                                          0
75         IM_JOINGROUP$|SYS                   ..148                                                                       1
89         AQ$_INTERNET_AGENT_PRIVS|SYSTEM     89                                                                          0
89         AQ$_INTERNET_AGENTS|SYSTEM          ..39                                                                        1

291 rows selected.

Elapsed: 00:00:00.49

'END:'||TO_CHAR(SYSDATE,'DD-MON-YY
----------------------------------
End: 06-AUG-2022 14:46:26

