
Database             Time                 Version
-------------------- -------------------- ------------------------------
Start: ORCL          29-JUL-2022 18:17:32 Version 21.3.0.0.0

Drop links table

Table dropped.

Create nodes table

Table dropped.


Table created.

Create node_roots table

Table dropped.


Table created.

Create index node_roots_n1

Index created.

Create links table

Table created.

Create GTT min_tree_links

Table dropped.


Table created.

DO NOT Create index min_tree_links_u1
Create table log_lines

Table dropped.


Table created.

Create links_v table

Table dropped.


Table created.


Package created.

No errors.

Package body created.

No errors.

Package created.

No errors.

Package body created.

No errors.

Package created.

No errors.

Package body created.

No errors.

Package created.

No errors.

Package body created.

No errors.

Package created.

No errors.

Package body created.

No errors.
Create bacon_full tables...
old   1: DROP TABLE bacon_&TP._ext
new   1: DROP TABLE bacon_full_ext

Table dropped.

Elapsed: 00:00:00.03
old   1: CREATE TABLE bacon_&TP._ext (
new   1: CREATE TABLE bacon_full_ext (
old  15:   LOCATION ('imdb.&TP..txt')
new  15:   LOCATION ('imdb.full.txt')

Table created.

Elapsed: 00:00:00.01
VIEW links_load_v
old   4: FROM bacon_&TP._ext src
new   4: FROM bacon_full_ext src
old   5: JOIN bacon_&TP._ext dst
new   5: JOIN bacon_full_ext dst

View created.

Elapsed: 00:00:00.57
VIEW nodes_load_v
old   3: FROM bacon_&TP._ext
new   3: FROM bacon_full_ext

View created.

Elapsed: 00:00:00.00
Insert nodes

2800309 rows created.

Elapsed: 00:00:19.57
Insert links

109262592 rows created.

Elapsed: 00:16:14.68
Count nodes

  COUNT(*)
----------
   2800309

Elapsed: 00:00:00.17
Count links

  COUNT(*)
----------
 109262592

Elapsed: 00:00:03.99
Non-unique index links (node_id_fr)

Index created.

Elapsed: 00:01:37.48
Non-unique index on links(node_id_to)

Index created.

Elapsed: 00:01:46.10
Foreign keys on links: node_id_fr and node_id_to

Table altered.

Elapsed: 00:04:22.83

Table altered.

Elapsed: 00:02:55.12
Gather schema stats

PL/SQL procedure successfully completed.

Elapsed: 00:02:50.26

'END:'||TO_CHAR(SYSDATE,'DD-MON-YY
----------------------------------
End: 29-JUL-2022 18:47:44

