
Database             Time                 Version
-------------------- -------------------- ------------------------------
Start: ORCL          30-JUL-2022 19:01:22 Version 21.3.0.0.0

old   8:     p_filename    => 'hp_ins_node_roots_&SUB..html');
new   8:     p_filename    => 'hp_ins_node_roots_top250.html');

PL/SQL procedure successfully completed.

Elapsed: 00:00:02.28
Run header (DBMSHP_RUNS)

 Run Id Run Time                          Microsecs   Seconds Comment
------- ---------------------------- -------------- --------- ------------------------------------------------------------
     48 30-JUL-22 07.01.24.296000 PM        2227590     2.230 Profile for Ins_Node_Roots

Elapsed: 00:00:00.00
Functions called (DBMSHP_FUNCTION_INFO)

Owner              Module                     Sy Function                            Line# Subtree MicroS Function MicroS   Calls
------------------ ------------------------- --- ----------------------------------- ----- -------------- --------------- -------
LIB                HPROF_UTILS                 3 STOP_PROFILING                         61             15              15       1
SHORTEST_PATH_SQL  SHORTEST_PATH_SQL_BASE      4 INS_MIN_TREE_LINKS                      3        2126652            1349      15
SHORTEST_PATH_SQL  SHORTEST_PATH_SQL_BASE      5 INS_NODE_ROOTS                         75        2227453             333       1
SHORTEST_PATH_SQL  SHORTEST_PATH_SQL_BASE     10 __dyn_sql_exec_line11                  11          18062            8360      15
SHORTEST_PATH_SQL  SHORTEST_PATH_SQL_BASE     11 __dyn_sql_exec_line81                  81          12418           11591       1
SHORTEST_PATH_SQL  SHORTEST_PATH_SQL_BASE     12 __static_sql_exec_line12               12           3588            3588      15
SHORTEST_PATH_SQL  SHORTEST_PATH_SQL_BASE     13 __static_sql_exec_line15               15        2100194         2100194      38
SHORTEST_PATH_SQL  SHORTEST_PATH_SQL_BASE     14 __static_sql_exec_line31               31           3459            3459      38
SHORTEST_PATH_SQL  SHORTEST_PATH_SQL_BASE     15 __static_sql_exec_line85               85          15535           15535      16
SHORTEST_PATH_SQL  SHORTEST_PATH_SQL_BASE     16 __static_sql_exec_line93               93          72515           72515      15
SYS                DBMS_HPROF                  6 STOP_PROFILING                        747              0               0       1
SYS                DBMS_HPROF                 17 __static_sql_exec_line700             700            122             122       1
SYS                DICTIONARY_OBJ_NAME         7 DICTIONARY_OBJ_NAME                     1             54              54      32
SYS                DICTIONARY_OBJ_OWNER        8 DICTIONARY_OBJ_OWNER                    1            812             812      32
SYS                IS_VPD_ENABLED              9 IS_VPD_ENABLED                          1           6755             371      32
SYS                IS_VPD_ENABLED             18 __static_sql_exec_line22               22           6384            6384      32
                                               1 __anonymous_block                       0          10469            2848      16
                                               2 __plsql_vm                              0          10529              60      16

18 rows selected.

Elapsed: 00:00:00.00
Function call parent-child links (DBMSHP_PARENT_CHILD_INFO)

Parent:            Module                     Sy Function                            Child:             Module                     Sy Function                            Subtree MicroS Function MicroS   Calls
------------------ ------------------------- --- ----------------------------------- ------------------ ------------------------- --- ----------------------------------- -------------- --------------- -------
LIB                HPROF_UTILS                 3 STOP_PROFILING                      SYS                DBMS_HPROF                  6 STOP_PROFILING                                   0               0       1
SHORTEST_PATH_SQL  SHORTEST_PATH_SQL_BASE     10 __dyn_sql_exec_line11                                                              2 __plsql_vm                                    9702              56      15
SHORTEST_PATH_SQL  SHORTEST_PATH_SQL_BASE      5 INS_NODE_ROOTS                      SHORTEST_PATH_SQL  SHORTEST_PATH_SQL_BASE     16 __static_sql_exec_line93                     72515           72515      15
SHORTEST_PATH_SQL  SHORTEST_PATH_SQL_BASE      5 INS_NODE_ROOTS                      SHORTEST_PATH_SQL  SHORTEST_PATH_SQL_BASE     15 __static_sql_exec_line85                     15535           15535      16
SHORTEST_PATH_SQL  SHORTEST_PATH_SQL_BASE      4 INS_MIN_TREE_LINKS                  SHORTEST_PATH_SQL  SHORTEST_PATH_SQL_BASE     14 __static_sql_exec_line31                      3459            3459      38
SHORTEST_PATH_SQL  SHORTEST_PATH_SQL_BASE      4 INS_MIN_TREE_LINKS                  SHORTEST_PATH_SQL  SHORTEST_PATH_SQL_BASE     13 __static_sql_exec_line15                   2100194         2100194      38
SHORTEST_PATH_SQL  SHORTEST_PATH_SQL_BASE     11 __dyn_sql_exec_line81                                                              2 __plsql_vm                                     827               4       1
SHORTEST_PATH_SQL  SHORTEST_PATH_SQL_BASE      5 INS_NODE_ROOTS                      SHORTEST_PATH_SQL  SHORTEST_PATH_SQL_BASE      4 INS_MIN_TREE_LINKS                         2126652            1349      15
SHORTEST_PATH_SQL  SHORTEST_PATH_SQL_BASE      4 INS_MIN_TREE_LINKS                  SHORTEST_PATH_SQL  SHORTEST_PATH_SQL_BASE     10 __dyn_sql_exec_line11                        18062            8360      15
SHORTEST_PATH_SQL  SHORTEST_PATH_SQL_BASE      5 INS_NODE_ROOTS                      SHORTEST_PATH_SQL  SHORTEST_PATH_SQL_BASE     11 __dyn_sql_exec_line81                        12418           11591       1
SHORTEST_PATH_SQL  SHORTEST_PATH_SQL_BASE      4 INS_MIN_TREE_LINKS                  SHORTEST_PATH_SQL  SHORTEST_PATH_SQL_BASE     12 __static_sql_exec_line12                      3588            3588      15
SYS                IS_VPD_ENABLED              9 IS_VPD_ENABLED                      SYS                IS_VPD_ENABLED             18 __static_sql_exec_line22                      6384            6384      32
                                               1 __anonymous_block                   SYS                DICTIONARY_OBJ_NAME         7 DICTIONARY_OBJ_NAME                             54              54      32
                                               2 __plsql_vm                                                                         1 __anonymous_block                            10469            2848      16
                                               1 __anonymous_block                   SYS                IS_VPD_ENABLED              9 IS_VPD_ENABLED                                6755             371      32
                                               1 __anonymous_block                   SYS                DICTIONARY_OBJ_OWNER        8 DICTIONARY_OBJ_OWNER                           812             812      32

16 rows selected.

Elapsed: 00:00:00.00
BPF Recursive Subquery Factor Tree Query

Function tree                                                 Sy Owner              Module                    Inst.  Subtree MicroS Function MicroS   Calls Row
------------------------------------------------------------ --- ------------------ ------------------------- ------ -------------- --------------- ------- ---
INS_NODE_ROOTS                                                 5 SHORTEST_PATH_SQL  SHORTEST_PATH_SQL_BASE                  2227453             333       1   1
  INS_MIN_TREE_LINKS                                           4 SHORTEST_PATH_SQL  SHORTEST_PATH_SQL_BASE                  2126652            1349      15   2
    __static_sql_exec_line15                                  13 SHORTEST_PATH_SQL  SHORTEST_PATH_SQL_BASE                  2100194         2100194      38   3
    __dyn_sql_exec_line11                                     10 SHORTEST_PATH_SQL  SHORTEST_PATH_SQL_BASE                    18062            8360      15   4
      __plsql_vm                                               2                                              1 of 2           9702              56      15   5
        __anonymous_block                                      1                                              1 of 2          10469            2848      16   6
          IS_VPD_ENABLED                                       9 SYS                IS_VPD_ENABLED            1 of 2           6755             371      32   7
            __static_sql_exec_line22                          18 SYS                IS_VPD_ENABLED            1 of 2           6384            6384      32   8
          DICTIONARY_OBJ_OWNER                                 8 SYS                DICTIONARY_OBJ_OWNER      1 of 2            812             812      32   9
          DICTIONARY_OBJ_NAME                                  7 SYS                DICTIONARY_OBJ_NAME       1 of 2             54              54      32  10
    __static_sql_exec_line12                                  12 SHORTEST_PATH_SQL  SHORTEST_PATH_SQL_BASE                     3588            3588      15  11
    __static_sql_exec_line31                                  14 SHORTEST_PATH_SQL  SHORTEST_PATH_SQL_BASE                     3459            3459      38  12
  __static_sql_exec_line93                                    16 SHORTEST_PATH_SQL  SHORTEST_PATH_SQL_BASE                    72515           72515      15  13
  __static_sql_exec_line85                                    15 SHORTEST_PATH_SQL  SHORTEST_PATH_SQL_BASE                    15535           15535      16  14
  __dyn_sql_exec_line81                                       11 SHORTEST_PATH_SQL  SHORTEST_PATH_SQL_BASE                    12418           11591       1  15
    __plsql_vm                                                 2                                              2 of 2            827               4       1  16
__static_sql_exec_line700                                     17 SYS                DBMS_HPROF                                  122             122       1  22
STOP_PROFILING                                                 3 LIB                HPROF_UTILS                                  15              15       1  23
  STOP_PROFILING                                               6 SYS                DBMS_HPROF                                    0               0       1  24

19 rows selected.

Elapsed: 00:00:00.00

'END:'||TO_CHAR(SYSDATE,'DD-MON-YY
----------------------------------
End: 30-JUL-2022 19:01:24

