
Database             Time                 Version
-------------------- -------------------- ------------------------------
Start: ORCL          30-JUL-2022 18:59:04 Version 21.3.0.0.0

Ins_Node_Roots: p_node_vsn = 0p_link_vsn = 0, p_order_type = 0
Timer Set: Ins_Node_Roots, Constructed at 30 Jul 2022 18:59:04, written at 18:59:08
===================================================================================
Timer                                                  Elapsed         CPU       Calls       Ela/Call       CPU/Call
--------------------------------------------------  ----------  ----------  ----------  -------------  -------------
SELECT id INTO l_root_id                                  0.03        0.03          16        0.00181        0.00188
Insert min_tree_links (root node 579, size: 11803)        3.41        3.33           1        3.41300        3.33000
Insert node_roots (root node 579, size: 11803)            0.08        0.08           1        0.07900        0.08000
Insert min_tree_links (4-39 nodes)                        0.05        0.05           8        0.00663        0.00625
Insert node_roots (4-39 nodes)                            0.01        0.01           8        0.00063        0.00125
Insert min_tree_links (root node 612, size: 46)           0.01        0.00           1        0.01100        0.00000
Insert node_roots (root node 612, size: 46)               0.00        0.00           1        0.00100        0.00000
Insert min_tree_links (root node 616, size: 149)          0.06        0.06           1        0.06400        0.06000
Insert node_roots (root node 616, size: 149)              0.00        0.00           1        0.00100        0.00000
Insert min_tree_links (root node 679, size: 106)          0.02        0.02           1        0.02400        0.02000
Insert node_roots (root node 679, size: 106)              0.00        0.00           1        0.00100        0.00000
Insert min_tree_links (root node 689, size: 85)           0.02        0.02           1        0.02200        0.02000
Insert node_roots (root node 689, size: 85)               0.00        0.00           1        0.00100        0.00000
Insert min_tree_links (root node 981, size: 50)           0.01        0.01           1        0.01400        0.01000
Insert node_roots (root node 981, size: 50)               0.00        0.01           1        0.00100        0.01000
Insert min_tree_links (root node 1057, size: 47)          0.01        0.02           1        0.01100        0.02000
Insert node_roots (root node 1057, size: 47)              0.00        0.00           1        0.00000        0.00000
(Other)                                                   0.00        0.00           1        0.00000        0.00000
--------------------------------------------------  ----------  ----------  ----------  -------------  -------------
Total                                                     3.73        3.64          47        0.07936        0.07745
--------------------------------------------------  ----------  ----------  ----------  -------------  -------------
[Timer timed (per call in ms): Elapsed: 0.01695, CPU: 0.01695]

PL/SQL procedure successfully completed.

Elapsed: 00:00:03.83
Node count by root node

ROOT_NODE_ID NODE_NAME                                             N_NODES     MAXLEV
------------ -------------------------------------------------- ---------- ----------
        4600 Agnes Flanagan                                              6          1
         345 Jean Martin (I)                                            12          1
        1374 Sareh Bayat                                                            1
         884 Gilbert Dacheux                                            21          1
         590 Yi Yong                                                    29          2
        1039 Pedro Kochdilian                                           31          1
         652 Mila Espiga                                                32          1
        1073 Karl-Robert Lindgren                                       37          1
         612 Vanessa Bauche                                             46          1
        1057 Pierre Larquey                                             47          2
         981 Stig Poul Hansen                                           50          1
         689 Meghana Jhalani                                            85          1
         679 Flora Guiet                                               106          2
         616 Alice Braga                                               149          1
         579 Scott Winters (I)                                       11803          6
                                                                ----------
sum                                                                  12466

15 rows selected.

Elapsed: 00:00:00.02
Subnet count by number of nodes

   N_NODES  N_SUBNETS
---------- ----------
         6          1
        12          2
        21          1
        29          1
        31          1
        32          1
        37          1
        46          1
        47          1
        50          1
        85          1
       106          1
       149          1
     11803          1
----------
     12454

14 rows selected.

Elapsed: 00:00:00.00
Subnet count by maximum level

    MAXLEV  N_SUBNETS
---------- ----------
         1         11
         2          3
         6          1

Elapsed: 00:00:00.00

'END:'||TO_CHAR(SYSDATE,'DD-MON-YY
----------------------------------
End: 30-JUL-2022 18:59:08

