
Database             Time                 Version
-------------------- -------------------- ------------------------------
Start: ORCL          30-JUL-2022 19:02:29 Version 21.3.0.0.0

SQL_ID  abmg7685k212s, child number 0
-------------------------------------
INSERT INTO NODE_ROOTS SELECT /*+  gather_plan_statistics XPLAN_ISO_N
*/ NOD.ID, NOD.ID, 0 FROM NODES NOD LEFT JOIN LINKS LNK_F ON
LNK_F.NODE_ID_FR = NOD.ID LEFT JOIN LINKS LNK_T ON LNK_T.NODE_ID_TO =
NOD.ID WHERE LNK_F.NODE_ID_FR IS NULL AND LNK_T.NODE_ID_TO IS NULL
Plan hash value: 956266907
------------------------------------------------------------------------------------------------------------------------------
| Id  | Operation                | Name         | Starts | E-Rows | A-Rows |   A-Time   | Buffers |  OMem |  1Mem | Used-Mem |
------------------------------------------------------------------------------------------------------------------------------
|   0 | INSERT STATEMENT         |              |      1 |        |      0 |00:00:00.15 |    1442 |       |       |          |
|   1 |  LOAD TABLE CONVENTIONAL | NODE_ROOTS   |      1 |        |      0 |00:00:00.15 |    1442 |       |       |          |
|*  2 |   HASH JOIN ANTI         |              |      1 |      2 |      0 |00:00:00.15 |    1442 |  2402K|  2402K| 1681K (0)|
|*  3 |    HASH JOIN ANTI        |              |      1 |    187 |    187 |00:00:00.12 |    1151 |  2402K|  2402K| 2104K (0)|
|   4 |     INDEX FAST FULL SCAN | SYS_C0018370 |      1 |  12466 |  12466 |00:00:00.01 |      33 |       |       |          |
|   5 |     TABLE ACCESS FULL    | LINKS        |      1 |    583K|    583K|00:00:00.05 |    1118 |       |       |          |
|   6 |    TABLE ACCESS FULL     | LINKS        |      1 |    583K|    156K|00:00:00.01 |     291 |       |       |          |
------------------------------------------------------------------------------------------------------------------------------
Predicate Information (identified by operation id):
---------------------------------------------------
2 - access("LNK_F"."NODE_ID_FR"="NOD"."ID")
3 - access("LNK_T"."NODE_ID_TO"="NOD"."ID")
Note
-----
- this is an adaptive plan
SQL_ID  4ftp9ugswymbq, child number 0
-------------------------------------
INSERT INTO NODE_ROOTS WITH ISOLATED_LINKS AS ( SELECT LNK.NODE_ID_FR,
LNK.NODE_ID_TO FROM LINKS LNK WHERE NOT EXISTS ( SELECT 1 FROM LINKS
LNK_1 WHERE LNK_1.NODE_ID_FR = LNK.NODE_ID_FR AND LNK_1.ROWID !=
LNK.ROWID ) AND NOT EXISTS ( SELECT 1 FROM LINKS LNK_2 WHERE
LNK_2.NODE_ID_TO = LNK.NODE_ID_TO AND LNK_2.ROWID != LNK.ROWID ) AND
NOT EXISTS ( SELECT 1 FROM LINKS LNK_3 WHERE (LNK_3.NODE_ID_FR =
LNK.NODE_ID_TO) AND LNK_3.ROWID != LNK.ROWID ) AND NOT EXISTS ( SELECT
1 FROM LINKS LNK_4 WHERE (LNK_4.NODE_ID_TO = LNK.NODE_ID_FR) AND
LNK_4.ROWID != LNK.ROWID ) ) SELECT /*+ gather_plan_statistics
XPLAN_ISO_L */ NODE_ID_FR, NODE_ID_FR, 0 FROM ISOLATED_LINKS UNION
SELECT NODE_ID_TO, NODE_ID_FR, 1 FROM ISOLATED_LINKS
Plan hash value: 480002620
----------------------------------------------------------------------------------------------------------------------------------------------------------------------------------------
| Id  | Operation                                | Name                       | Starts | E-Rows | A-Rows |   A-Time   | Buffers | Reads  | Writes |  OMem |  1Mem | Used-Mem | Used-Tmp|
----------------------------------------------------------------------------------------------------------------------------------------------------------------------------------------
|   0 | INSERT STATEMENT                         |                            |      1 |        |      0 |00:00:01.08 |    5592 |   6125 |   7954 |       |       |          |         |
|   1 |  TEMP TABLE TRANSFORMATION               |                            |      1 |        |      0 |00:00:01.08 |    5592 |   6125 |   7954 |       |       |          |         |
|   2 |   LOAD AS SELECT (CURSOR DURATION MEMORY)| SYS_TEMP_0FD9D6C0F_4F65443 |      1 |        |      0 |00:00:01.08 |    5591 |   6125 |   7954 |  1024 |  1024 |          |         |
|*  3 |    HASH JOIN RIGHT ANTI                  |                            |      1 |    583K|      0 |00:00:01.08 |    5590 |   6125 |   7954 |    36M|  8380K|   17M (1)|      15M|
|   4 |     TABLE ACCESS FULL                    | LINKS                      |      1 |    583K|    583K|00:00:00.04 |    1118 |      0 |      0 |       |       |          |         |
|*  5 |     HASH JOIN RIGHT ANTI                 |                            |      1 |    583K|      0 |00:00:00.96 |    4472 |   6125 |   7954 |    36M|  8380K|   30M (1)|      16M|
|   6 |      TABLE ACCESS FULL                   | LINKS                      |      1 |    583K|    583K|00:00:00.04 |    1118 |      0 |      0 |       |       |          |         |
|*  7 |      HASH JOIN RIGHT ANTI                |                            |      1 |    583K|    179 |00:00:00.66 |    3354 |   4172 |   7861 |    36M|  8380K|   30M (1)|      16M|
|   8 |       TABLE ACCESS FULL                  | LINKS                      |      1 |    583K|    583K|00:00:00.05 |    1118 |      0 |      0 |       |       |          |         |
|*  9 |       HASH JOIN ANTI                     |                            |      1 |    583K|  11519 |00:00:00.55 |    2236 |   2250 |   7768 |    39M|  7583K|   45M (1)|      19M|
|  10 |        TABLE ACCESS FULL                 | LINKS                      |      1 |    583K|    583K|00:00:00.05 |    1118 |      0 |      0 |       |       |          |         |
|  11 |        TABLE ACCESS FULL                 | LINKS                      |      1 |    583K|    583K|00:00:00.07 |    1118 |      0 |      0 |       |       |          |         |
|  12 |   LOAD TABLE CONVENTIONAL                | NODE_ROOTS                 |      1 |        |      0 |00:00:00.01 |       0 |      0 |      0 |       |       |          |         |
|  13 |    HASH UNIQUE                           |                            |      1 |   1167K|      0 |00:00:00.01 |       0 |      0 |      0 |    82M|  6123K|          |         |
|  14 |     UNION-ALL                            |                            |      1 |        |      0 |00:00:00.01 |       0 |      0 |      0 |       |       |          |         |
|  15 |      VIEW                                |                            |      1 |    583K|      0 |00:00:00.01 |       0 |      0 |      0 |       |       |          |         |
|  16 |       TABLE ACCESS FULL                  | SYS_TEMP_0FD9D6C0F_4F65443 |      1 |    583K|      0 |00:00:00.01 |       0 |      0 |      0 |       |       |          |         |
|  17 |      VIEW                                |                            |      1 |    583K|      0 |00:00:00.01 |       0 |      0 |      0 |       |       |          |         |
|  18 |       TABLE ACCESS FULL                  | SYS_TEMP_0FD9D6C0F_4F65443 |      1 |    583K|      0 |00:00:00.01 |       0 |      0 |      0 |       |       |          |         |
----------------------------------------------------------------------------------------------------------------------------------------------------------------------------------------
Predicate Information (identified by operation id):
---------------------------------------------------
3 - access("LNK_1"."NODE_ID_FR"="LNK"."NODE_ID_FR")
filter("LNK_1".ROWID<>"LNK".ROWID)
5 - access("LNK_2"."NODE_ID_TO"="LNK"."NODE_ID_TO")
filter("LNK_2".ROWID<>"LNK".ROWID)
7 - access("LNK_3"."NODE_ID_FR"="LNK"."NODE_ID_TO")
filter("LNK_3".ROWID<>"LNK".ROWID)
9 - access("LNK_4"."NODE_ID_TO"="LNK"."NODE_ID_FR")
filter("LNK_4".ROWID<>"LNK".ROWID)
Timer Set: Ins_Isolated_Nodes_Links, Constructed at 30 Jul 2022 19:02:29, written at 19:02:30
=============================================================================================
Timer                          Elapsed         CPU       Calls       Ela/Call       CPU/Call
--------------------------  ----------  ----------  ----------  -------------  -------------
Insert isolated nodes 2: 0        0.15        0.14           1        0.15000        0.14000
Insert isolated links 2: 0        1.33        1.27           1        1.32700        1.27000
(Other)                           0.25        0.25           1        0.25100        0.25000
--------------------------  ----------  ----------  ----------  -------------  -------------
Total                             1.73        1.66           3        0.57600        0.55333
--------------------------  ----------  ----------  ----------  -------------  -------------
[Timer timed (per call in ms): Elapsed: 0.01629, CPU: 0.01613]
Processed: 0

PL/SQL procedure successfully completed.

Elapsed: 00:00:01.86

'END:'||TO_CHAR(SYSDATE,'DD-MON-YY
----------------------------------
End: 30-JUL-2022 19:02:30

