
Database             Time                 Version
-------------------- -------------------- ------------------------------
Start: ORCL          30-JUL-2022 19:01:20 Version 21.3.0.0.0

SQL_ID  2r026mk55rcsn, child number 0
-------------------------------------
SELECT /*+ gather_plan_statistics XPLAN_TYPE_0 */ ID FROM NODES WHERE
ID NOT IN (SELECT NODE_ID FROM NODE_ROOTS) AND ROWNUM = 1
Plan hash value: 3819282812
---------------------------------------------------------------------------------------------------
| Id  | Operation               | Name          | Starts | E-Rows | A-Rows |   A-Time   | Buffers |
---------------------------------------------------------------------------------------------------
|   0 | SELECT STATEMENT        |               |      1 |        |      0 |00:00:00.01 |     380 |
|*  1 |  COUNT STOPKEY          |               |      1 |        |      0 |00:00:00.01 |     380 |
|*  2 |   FILTER                |               |      1 |        |      0 |00:00:00.01 |     380 |
|   3 |    NESTED LOOPS ANTI SNA|               |      1 |     20 |      0 |00:00:00.01 |     349 |
|   4 |     INDEX FAST FULL SCAN| SYS_C0018370  |      1 |     20 |  12466 |00:00:00.01 |      32 |
|*  5 |     INDEX UNIQUE SCAN   | NODE_ROOTS_N1 |  12466 |      1 |  12466 |00:00:00.01 |     317 |
|*  6 |    TABLE ACCESS FULL    | NODE_ROOTS    |      1 |      1 |      0 |00:00:00.01 |      31 |
---------------------------------------------------------------------------------------------------
Predicate Information (identified by operation id):
---------------------------------------------------
1 - filter(ROWNUM=1)
2 - filter( IS NULL)
5 - access("ID"="NODE_ID")
6 - filter("NODE_ID" IS NULL)

PL/SQL procedure successfully completed.

Elapsed: 00:00:00.22
SQL_ID  31qxu0kbcf46f, child number 0
-------------------------------------
SELECT /*+ gather_plan_statistics XPLAN_TYPE_1 */ MIN(ID) FROM NODES
WHERE ID NOT IN (SELECT NODE_ID FROM NODE_ROOTS)
Plan hash value: 297342151
------------------------------------------------------------------------------------------------------------------------------
| Id  | Operation                | Name         | Starts | E-Rows | A-Rows |   A-Time   | Buffers |  OMem |  1Mem | Used-Mem |
------------------------------------------------------------------------------------------------------------------------------
|   0 | SELECT STATEMENT         |              |      1 |        |      1 |00:00:00.01 |      64 |       |       |          |
|   1 |  SORT AGGREGATE          |              |      1 |      1 |      1 |00:00:00.01 |      64 |       |       |          |
|*  2 |   HASH JOIN RIGHT ANTI NA|              |      1 |  12466 |      0 |00:00:00.01 |      64 |  2402K|  2402K| 2072K (0)|
|   3 |    TABLE ACCESS FULL     | NODE_ROOTS   |      1 |      1 |  12466 |00:00:00.01 |      31 |       |       |          |
|   4 |    INDEX FAST FULL SCAN  | SYS_C0018370 |      1 |  12466 |  12466 |00:00:00.01 |      33 |       |       |          |
------------------------------------------------------------------------------------------------------------------------------
Predicate Information (identified by operation id):
---------------------------------------------------
2 - access("ID"="NODE_ID")

PL/SQL procedure successfully completed.

Elapsed: 00:00:00.24
SQL_ID  dgwtth0yypt5w, child number 0
-------------------------------------
SELECT /*+ gather_plan_statistics XPLAN_TYPE_2 */ ID FROM (SELECT ID
FROM NODES WHERE ID NOT IN ( SELECT NODE_ID FROM NODE_ROOTS) ORDER BY 1
) WHERE ROWNUM = 1
Plan hash value: 3151284195
----------------------------------------------------------------------------------------------------
| Id  | Operation                | Name          | Starts | E-Rows | A-Rows |   A-Time   | Buffers |
----------------------------------------------------------------------------------------------------
|   0 | SELECT STATEMENT         |               |      1 |        |      0 |00:00:00.01 |     281 |
|*  1 |  COUNT STOPKEY           |               |      1 |        |      0 |00:00:00.01 |     281 |
|   2 |   VIEW                   |               |      1 |      1 |      0 |00:00:00.01 |     281 |
|*  3 |    FILTER                |               |      1 |        |      0 |00:00:00.01 |     281 |
|   4 |     NESTED LOOPS ANTI SNA|               |      1 |     20 |      0 |00:00:00.01 |     250 |
|   5 |      INDEX FULL SCAN     | SYS_C0018370  |      1 |  12466 |  12466 |00:00:00.01 |      24 |
|*  6 |      INDEX UNIQUE SCAN   | NODE_ROOTS_N1 |  12466 |      1 |  12466 |00:00:00.01 |     226 |
|*  7 |     TABLE ACCESS FULL    | NODE_ROOTS    |      1 |      1 |      0 |00:00:00.01 |      31 |
----------------------------------------------------------------------------------------------------
Predicate Information (identified by operation id):
---------------------------------------------------
1 - filter(ROWNUM=1)
3 - filter( IS NULL)
6 - access("ID"="NODE_ID")
7 - filter("NODE_ID" IS NULL)

PL/SQL procedure successfully completed.

Elapsed: 00:00:00.27
SQL_ID  ctusk0f7nf8jh, child number 0
-------------------------------------
SELECT /*+ gather_plan_statistics XPLAN_TYPE_3_1 */ ID FROM NODES ORDER
BY 1
Plan hash value: 3992903691
---------------------------------------------------------------------------------------------------------------------------
| Id  | Operation             | Name         | Starts | E-Rows | A-Rows |   A-Time   | Buffers |  OMem |  1Mem | Used-Mem |
---------------------------------------------------------------------------------------------------------------------------
|   0 | SELECT STATEMENT      |              |      1 |        |      1 |00:00:00.01 |      33 |       |       |          |
|   1 |  SORT ORDER BY        |              |      1 |  12466 |      1 |00:00:00.01 |      33 |   372K|   372K|  330K (0)|
|   2 |   INDEX FAST FULL SCAN| SYS_C0018370 |      1 |  12466 |  12466 |00:00:00.01 |      33 |       |       |          |
---------------------------------------------------------------------------------------------------------------------------
SQL_ID  00yfcvpmuh784, child number 0
-------------------------------------
SELECT /*+ gather_plan_statistics XPLAN_TYPE_3_2 */ 1 FROM NODE_ROOTS
WHERE NODE_ID = :B1
Plan hash value: 2193988880
---------------------------------------------------------------------------------------------
| Id  | Operation         | Name          | Starts | E-Rows | A-Rows |   A-Time   | Buffers |
---------------------------------------------------------------------------------------------
|   0 | SELECT STATEMENT  |               |      1 |        |      1 |00:00:00.01 |       2 |
|*  1 |  INDEX UNIQUE SCAN| NODE_ROOTS_N1 |      1 |      1 |      1 |00:00:00.01 |       2 |
---------------------------------------------------------------------------------------------
Predicate Information (identified by operation id):
---------------------------------------------------
1 - access("NODE_ID"=:B1)

PL/SQL procedure successfully completed.

Elapsed: 00:00:00.49

'END:'||TO_CHAR(SYSDATE,'DD-MON-YY
----------------------------------
End: 30-JUL-2022 19:01:22

