
Database             Time                 Version
-------------------- -------------------- ------------------------------
Start: ORCL          30-JUL-2022 19:02:59 Version 21.3.0.0.0

SQL_ID  57wf6f2bfhwpx, child number 0
-------------------------------------
INSERT INTO NODE_ROOTS SELECT /*+  gather_plan_statistics XPLAN_ISO_N
USE_NL (lnk_f) USE_NL (lnk_t) */ NOD.ID, NOD.ID, 0 FROM NODES NOD LEFT
JOIN LINKS LNK_F ON LNK_F.NODE_ID_FR = NOD.ID LEFT JOIN LINKS LNK_T ON
LNK_T.NODE_ID_TO = NOD.ID WHERE LNK_F.NODE_ID_FR IS NULL AND
LNK_T.NODE_ID_TO IS NULL
Plan hash value: 784009621
---------------------------------------------------------------------------------------------------
| Id  | Operation                | Name         | Starts | E-Rows | A-Rows |   A-Time   | Buffers |
---------------------------------------------------------------------------------------------------
|   0 | INSERT STATEMENT         |              |      1 |        |      0 |00:00:00.02 |   13956 |
|   1 |  LOAD TABLE CONVENTIONAL | NODE_ROOTS   |      1 |        |      0 |00:00:00.02 |   13956 |
|   2 |   NESTED LOOPS ANTI      |              |      1 |      2 |      0 |00:00:00.02 |   13956 |
|   3 |    NESTED LOOPS ANTI     |              |      1 |    187 |    187 |00:00:00.01 |   13580 |
|   4 |     INDEX FAST FULL SCAN | SYS_C0018370 |      1 |  12466 |  12466 |00:00:00.01 |      33 |
|*  5 |     INDEX RANGE SCAN     | LINKS_TO_N1  |  12466 |    575K|  12279 |00:00:00.02 |   13547 |
|*  6 |    INDEX RANGE SCAN      | LINKS_FR_N1  |    187 |    583K|    187 |00:00:00.01 |     376 |
---------------------------------------------------------------------------------------------------
Predicate Information (identified by operation id):
---------------------------------------------------
5 - access("LNK_T"."NODE_ID_TO"="NOD"."ID")
6 - access("LNK_F"."NODE_ID_FR"="NOD"."ID")
SQL_ID  71jphqrrnbvwg, child number 0
-------------------------------------
INSERT INTO NODE_ROOTS WITH ISOLATED_LINKS AS ( SELECT LNK.NODE_ID_FR,
LNK.NODE_ID_TO FROM LINKS LNK WHERE NOT EXISTS ( SELECT 1 FROM LINKS
LNK_2 WHERE LNK_2.NODE_ID_FR = LNK.NODE_ID_FR AND LNK_2.ROWID !=
LNK.ROWID ) AND NOT EXISTS ( SELECT 1 FROM LINKS LNK_2 WHERE
LNK_2.NODE_ID_TO = LNK.NODE_ID_TO AND LNK_2.ROWID != LNK.ROWID ) AND
NOT EXISTS ( SELECT 1 FROM LINKS LNK_2 WHERE (LNK_2.NODE_ID_FR =
LNK.NODE_ID_TO OR LNK_2.NODE_ID_TO = LNK.NODE_ID_FR) AND LNK_2.ROWID !=
LNK.ROWID ) ) SELECT /*+ gather_plan_statistics XPLAN_ISO_L */
NODE_ID_FR, NODE_ID_FR, 0 FROM ISOLATED_LINKS UNION SELECT NODE_ID_TO,
NODE_ID_FR, 1 FROM ISOLATED_LINKS
Plan hash value: 1132345585
------------------------------------------------------------------------------------------------------------------------------------------------------------
| Id  | Operation                                | Name                       | Starts | E-Rows | A-Rows |   A-Time   | Buffers |  OMem |  1Mem | Used-Mem |
------------------------------------------------------------------------------------------------------------------------------------------------------------
|   0 | INSERT STATEMENT                         |                            |      1 |        |      0 |00:00:00.63 |    3359 |       |       |          |
|   1 |  TEMP TABLE TRANSFORMATION               |                            |      1 |        |      0 |00:00:00.63 |    3359 |       |       |          |
|   2 |   LOAD AS SELECT (CURSOR DURATION MEMORY)| SYS_TEMP_0FD9D6C14_4F65443 |      1 |        |      0 |00:00:00.63 |    3358 |  1024 |  1024 |          |
|*  3 |    FILTER                                |                            |      1 |        |      0 |00:00:00.63 |    3357 |       |       |          |
|*  4 |     HASH JOIN RIGHT ANTI                 |                            |      1 |    583K|      0 |00:00:00.63 |    3357 |    36M|  8380K|   45M (0)|
|   5 |      TABLE ACCESS FULL                   | LINKS                      |      1 |    583K|    583K|00:00:00.06 |    1119 |       |       |          |
|*  6 |      HASH JOIN ANTI                      |                            |      1 |    583K|    200 |00:00:00.41 |    2238 |    39M|  7583K|   49M (0)|
|   7 |       TABLE ACCESS FULL                  | LINKS                      |      1 |    583K|    583K|00:00:00.06 |    1119 |       |       |          |
|   8 |       TABLE ACCESS FULL                  | LINKS                      |      1 |    583K|    583K|00:00:00.07 |    1119 |       |       |          |
|   9 |     TABLE ACCESS BY INDEX ROWID BATCHED  | LINKS                      |      0 |      1 |      0 |00:00:00.01 |       0 |       |       |          |
|* 10 |      BITMAP CONVERSION TO ROWIDS         |                            |      0 |        |      0 |00:00:00.01 |       0 |       |       |          |
|  11 |       BITMAP OR                          |                            |      0 |        |      0 |00:00:00.01 |       0 |       |       |          |
|* 12 |        BITMAP CONVERSION FROM ROWIDS     |                            |      0 |        |      0 |00:00:00.01 |       0 |       |       |          |
|* 13 |         INDEX RANGE SCAN                 | LINKS_FR_N1                |      0 |        |      0 |00:00:00.01 |       0 |       |       |          |
|* 14 |        BITMAP CONVERSION FROM ROWIDS     |                            |      0 |        |      0 |00:00:00.01 |       0 |       |       |          |
|* 15 |         INDEX RANGE SCAN                 | LINKS_TO_N1                |      0 |        |      0 |00:00:00.01 |       0 |       |       |          |
|  16 |   LOAD TABLE CONVENTIONAL                | NODE_ROOTS                 |      1 |        |      0 |00:00:00.01 |       0 |       |       |          |
|  17 |    HASH UNIQUE                           |                            |      1 |   1167K|      0 |00:00:00.01 |       0 |   107M|    10M|          |
|  18 |     UNION-ALL                            |                            |      1 |        |      0 |00:00:00.01 |       0 |       |       |          |
|  19 |      VIEW                                |                            |      1 |    583K|      0 |00:00:00.01 |       0 |       |       |          |
|  20 |       TABLE ACCESS FULL                  | SYS_TEMP_0FD9D6C14_4F65443 |      1 |    583K|      0 |00:00:00.01 |       0 |       |       |          |
|  21 |      VIEW                                |                            |      1 |    583K|      0 |00:00:00.01 |       0 |       |       |          |
|  22 |       TABLE ACCESS FULL                  | SYS_TEMP_0FD9D6C14_4F65443 |      1 |    583K|      0 |00:00:00.01 |       0 |       |       |          |
------------------------------------------------------------------------------------------------------------------------------------------------------------
Predicate Information (identified by operation id):
---------------------------------------------------
3 - filter( IS NULL)
4 - access("LNK_2"."NODE_ID_FR"="LNK"."NODE_ID_FR")
filter("LNK_2".ROWID<>"LNK".ROWID)
6 - access("LNK_2"."NODE_ID_TO"="LNK"."NODE_ID_TO")
filter("LNK_2".ROWID<>"LNK".ROWID)
10 - filter("LNK_2".ROWID<>:B1)
12 - filter("LNK_2".ROWID<>:B1)
13 - access("LNK_2"."NODE_ID_FR"=:B1)
filter("LNK_2".ROWID<>:B1)
14 - filter("LNK_2".ROWID<>:B1)
15 - access("LNK_2"."NODE_ID_TO"=:B1)
filter("LNK_2".ROWID<>:B1)
Timer Set: Ins_Isolated_Nodes_Links, Constructed at 30 Jul 2022 19:02:59, written at 19:03:00
=============================================================================================
Timer                          Elapsed         CPU       Calls       Ela/Call       CPU/Call
--------------------------  ----------  ----------  ----------  -------------  -------------
Insert isolated nodes 3: 0        0.03        0.01           1        0.02700        0.01000
Insert isolated links 6: 0        0.89        0.90           1        0.88900        0.90000
(Other)                           0.27        0.27           1        0.26900        0.27000
--------------------------  ----------  ----------  ----------  -------------  -------------
Total                             1.19        1.18           3        0.39500        0.39333
--------------------------  ----------  ----------  ----------  -------------  -------------
[Timer timed (per call in ms): Elapsed: 0.01429, CPU: 0.01571]
Processed: 0

PL/SQL procedure successfully completed.

Elapsed: 00:00:01.31

'END:'||TO_CHAR(SYSDATE,'DD-MON-YY
----------------------------------
End: 30-JUL-2022 19:03:01

