
Database             Time                 Version
-------------------- -------------------- ------------------------------
Start: ORCL          01-AUG-2022 12:45:31 Version 21.3.0.0.0

Timer Set: Ins_Node_Roots, Constructed at 01 Aug 2022 12:45:31, written at 12:45:33
===================================================================================
Timer                                                  Elapsed         CPU       Calls       Ela/Call       CPU/Call
--------------------------------------------------  ----------  ----------  ----------  -------------  -------------
SELECT id INTO l_root_id                                  0.02        0.02          16        0.00094        0.00125
Insert min_tree_links (root node 579, size: 11803)        1.68        1.67           1        1.68200        1.67000
Insert node_roots (root node 579, size: 11803)            0.09        0.09           1        0.09100        0.09000
Insert min_tree_links (4-39 nodes)                        0.03        0.04           8        0.00400        0.00500
Insert node_roots (4-39 nodes)                            0.00        0.00           8        0.00038        0.00000
Insert min_tree_links (root node 612, size: 46)           0.01        0.00           1        0.00500        0.00000
Insert node_roots (root node 612, size: 46)               0.00        0.00           1        0.00000        0.00000
Insert min_tree_links (root node 616, size: 149)          0.03        0.01           1        0.02700        0.01000
Insert node_roots (root node 616, size: 149)              0.00        0.00           1        0.00100        0.00000
Insert min_tree_links (root node 679, size: 106)          0.01        0.01           1        0.01100        0.01000
Insert node_roots (root node 679, size: 106)              0.00        0.00           1        0.00100        0.00000
Insert min_tree_links (root node 689, size: 85)           0.01        0.01           1        0.01000        0.01000
Insert node_roots (root node 689, size: 85)               0.00        0.00           1        0.00100        0.00000
Insert min_tree_links (root node 981, size: 50)           0.01        0.01           1        0.00600        0.01000
Insert node_roots (root node 981, size: 50)               0.00        0.00           1        0.00100        0.00000
Insert min_tree_links (root node 1057, size: 47)          0.01        0.01           1        0.00500        0.01000
Insert node_roots (root node 1057, size: 47)              0.00        0.00           1        0.00100        0.00000
(Other)                                                   0.00        0.00           1        0.00000        0.00000
--------------------------------------------------  ----------  ----------  ----------  -------------  -------------
Total                                                     1.89        1.87          47        0.04026        0.03979
--------------------------------------------------  ----------  ----------  ----------  -------------  -------------
[Timer timed (per call in ms): Elapsed: 0.01064, CPU: 0.00957]

PL/SQL procedure successfully completed.

Node count by root node

ROOT_NODE_ID NODE_NAME                                             N_NODES     MAXLEV
------------ -------------------------------------------------- ---------- ----------
        4600 Agnes Flanagan                                              6          1
         345 Jean Martin (I)                                            12          1
        1374 Sareh Bayat                                                            1
         884 Gilbert Dacheux                                            21          1
         590 Yi Yong                                                    29          2
        1039 Pedro Kochdilian                                           31          1
         652 Mila Espiga                                                32          1
        1073 Karl-Robert Lindgren                                       37          1
         612 Vanessa Bauche                                             46          1
        1057 Pierre Larquey                                             47          2
         981 Stig Poul Hansen                                           50          1
         689 Meghana Jhalani                                            85          1
         679 Flora Guiet                                               106          2
         616 Alice Braga                                               149          1
         579 Scott Winters (I)                                       11803          6
                                                                ----------
sum                                                                  12466

15 rows selected.

Elapsed: 00:00:00.02
Subnet count by number of nodes

   N_NODES  N_SUBNETS
---------- ----------
         6          1
        12          2
        21          1
        29          1
        31          1
        32          1
        37          1
        46          1
        47          1
        50          1
        85          1
       106          1
       149          1
     11803          1
----------
     12454

14 rows selected.

Elapsed: 00:00:00.01
Subnet count by maximum level

    MAXLEV  N_SUBNETS
---------- ----------
         1         11
         2          3
         6          1

Elapsed: 00:00:00.00

'END:'||TO_CHAR(SYSDATE,'DD-MON-YY
----------------------------------
End: 01-AUG-2022 12:45:33

