
Database             Time                 Version
-------------------- -------------------- ------------------------------
Start: ORCL          30-JUL-2022 19:02:59 Version 21.3.0.0.0

SQL_ID  57wf6f2bfhwpx, child number 0
-------------------------------------
INSERT INTO NODE_ROOTS SELECT /*+  gather_plan_statistics XPLAN_ISO_N
USE_NL (lnk_f) USE_NL (lnk_t) */ NOD.ID, NOD.ID, 0 FROM NODES NOD LEFT
JOIN LINKS LNK_F ON LNK_F.NODE_ID_FR = NOD.ID LEFT JOIN LINKS LNK_T ON
LNK_T.NODE_ID_TO = NOD.ID WHERE LNK_F.NODE_ID_FR IS NULL AND
LNK_T.NODE_ID_TO IS NULL
Plan hash value: 784009621
---------------------------------------------------------------------------------------------------
| Id  | Operation                | Name         | Starts | E-Rows | A-Rows |   A-Time   | Buffers |
---------------------------------------------------------------------------------------------------
|   0 | INSERT STATEMENT         |              |      1 |        |      0 |00:00:00.03 |   13956 |
|   1 |  LOAD TABLE CONVENTIONAL | NODE_ROOTS   |      1 |        |      0 |00:00:00.03 |   13956 |
|   2 |   NESTED LOOPS ANTI      |              |      1 |      2 |      0 |00:00:00.03 |   13956 |
|   3 |    NESTED LOOPS ANTI     |              |      1 |    187 |    187 |00:00:00.01 |   13580 |
|   4 |     INDEX FAST FULL SCAN | SYS_C0018370 |      1 |  12466 |  12466 |00:00:00.01 |      33 |
|*  5 |     INDEX RANGE SCAN     | LINKS_TO_N1  |  12466 |    575K|  12279 |00:00:00.02 |   13547 |
|*  6 |    INDEX RANGE SCAN      | LINKS_FR_N1  |    187 |    583K|    187 |00:00:00.01 |     376 |
---------------------------------------------------------------------------------------------------
Predicate Information (identified by operation id):
---------------------------------------------------
5 - access("LNK_T"."NODE_ID_TO"="NOD"."ID")
6 - access("LNK_F"."NODE_ID_FR"="NOD"."ID")
SQL_ID  871d882v4pnu9, child number 0
-------------------------------------
INSERT INTO NODE_ROOTS WITH ALL_NODES AS ( SELECT NODE_ID_FR NODE_ID,
'F' TP FROM LINKS UNION ALL SELECT NODE_ID_TO, 'T' FROM LINKS ),
UNIQUE_NODES AS ( SELECT NODE_ID, MAX(TP) TP FROM ALL_NODES GROUP BY
NODE_ID HAVING COUNT(*) = 1 ), ISOLATED_LINKS AS ( SELECT
LNK.NODE_ID_FR, LNK.NODE_ID_TO FROM LINKS LNK JOIN UNIQUE_NODES FRN ON
FRN.NODE_ID = LNK.NODE_ID_FR AND FRN.TP = 'F' JOIN UNIQUE_NODES TON ON
TON.NODE_ID = LNK.NODE_ID_TO AND TON.TP = 'T' ) SELECT /*+
gather_plan_statistics XPLAN_ISO_L */ NODE_ID_FR, NODE_ID_FR, 0 FROM
ISOLATED_LINKS UNION ALL SELECT NODE_ID_TO, NODE_ID_FR, 1 FROM
ISOLATED_LINKS
Plan hash value: 3499658767
------------------------------------------------------------------------------------------------------------------------------------------------------------
| Id  | Operation                                | Name                       | Starts | E-Rows | A-Rows |   A-Time   | Buffers |  OMem |  1Mem | Used-Mem |
------------------------------------------------------------------------------------------------------------------------------------------------------------
|   0 | INSERT STATEMENT                         |                            |      1 |        |      0 |00:00:00.10 |    2238 |       |       |          |
|   1 |  TEMP TABLE TRANSFORMATION               |                            |      1 |        |      0 |00:00:00.10 |    2238 |       |       |          |
|   2 |   LOAD AS SELECT (CURSOR DURATION MEMORY)| SYS_TEMP_0FD9D6C12_4F65443 |      1 |        |      0 |00:00:00.10 |    2237 |  1024 |  1024 |          |
|*  3 |    FILTER                                |                            |      1 |        |      0 |00:00:00.10 |    2236 |       |       |          |
|   4 |     HASH GROUP BY                        |                            |      1 |      3 |  12466 |00:00:00.10 |    2236 |  1743K|  1743K| 1697K (0)|
|   5 |      VIEW                                |                            |      1 |   1167K|   1167K|00:00:00.02 |    2236 |       |       |          |
|   6 |       UNION-ALL                          |                            |      1 |        |   1167K|00:00:00.02 |    2236 |       |       |          |
|   7 |        TABLE ACCESS FULL                 | LINKS                      |      1 |    583K|    583K|00:00:00.01 |    1118 |       |       |          |
|   8 |        TABLE ACCESS FULL                 | LINKS                      |      1 |    583K|    583K|00:00:00.01 |    1118 |       |       |          |
|   9 |   LOAD AS SELECT (CURSOR DURATION MEMORY)| SYS_TEMP_0FD9D6C13_4F65443 |      1 |        |      0 |00:00:00.01 |       0 |  1024 |  1024 |          |
|* 10 |    HASH JOIN                             |                            |      1 |      1 |      0 |00:00:00.01 |       0 |  1162K|  1162K|  417K (0)|
|  11 |     NESTED LOOPS                         |                            |      1 |    143 |      0 |00:00:00.01 |       0 |       |       |          |
|  12 |      NESTED LOOPS                        |                            |      1 |    144 |      0 |00:00:00.01 |       0 |       |       |          |
|* 13 |       VIEW                               |                            |      1 |      3 |      0 |00:00:00.01 |       0 |       |       |          |
|  14 |        TABLE ACCESS FULL                 | SYS_TEMP_0FD9D6C12_4F65443 |      1 |      3 |      0 |00:00:00.01 |       0 |       |       |          |
|* 15 |       INDEX RANGE SCAN                   | LINKS_TO_N1                |      0 |     48 |      0 |00:00:00.01 |       0 |       |       |          |
|  16 |      TABLE ACCESS BY INDEX ROWID         | LINKS                      |      0 |     48 |      0 |00:00:00.01 |       0 |       |       |          |
|* 17 |     VIEW                                 |                            |      0 |      3 |      0 |00:00:00.01 |       0 |       |       |          |
|  18 |      TABLE ACCESS FULL                   | SYS_TEMP_0FD9D6C12_4F65443 |      0 |      3 |      0 |00:00:00.01 |       0 |       |       |          |
|  19 |   LOAD TABLE CONVENTIONAL                | NODE_ROOTS                 |      1 |        |      0 |00:00:00.01 |       0 |       |       |          |
|  20 |    UNION-ALL                             |                            |      1 |        |      0 |00:00:00.01 |       0 |       |       |          |
|  21 |     VIEW                                 |                            |      1 |      1 |      0 |00:00:00.01 |       0 |       |       |          |
|  22 |      TABLE ACCESS FULL                   | SYS_TEMP_0FD9D6C13_4F65443 |      1 |      1 |      0 |00:00:00.01 |       0 |       |       |          |
|  23 |     VIEW                                 |                            |      1 |      1 |      0 |00:00:00.01 |       0 |       |       |          |
|  24 |      TABLE ACCESS FULL                   | SYS_TEMP_0FD9D6C13_4F65443 |      1 |      1 |      0 |00:00:00.01 |       0 |       |       |          |
------------------------------------------------------------------------------------------------------------------------------------------------------------
Predicate Information (identified by operation id):
---------------------------------------------------
3 - filter((COUNT(*)=1 AND (MAX("TP")='F' OR MAX("TP")='T')))
10 - access("FRN"."NODE_ID"="LNK"."NODE_ID_FR")
13 - filter("TON"."TP"='T')
15 - access("TON"."NODE_ID"="LNK"."NODE_ID_TO")
17 - filter("FRN"."TP"='F')
Timer Set: Ins_Isolated_Nodes_Links, Constructed at 30 Jul 2022 19:02:59, written at 19:02:59
=============================================================================================
Timer                          Elapsed         CPU       Calls       Ela/Call       CPU/Call
--------------------------  ----------  ----------  ----------  -------------  -------------
Insert isolated nodes 3: 0        0.03        0.02           1        0.03300        0.02000
Insert isolated links 5: 0        0.33        0.33           1        0.33100        0.33000
(Other)                           0.23        0.24           1        0.23100        0.24000
--------------------------  ----------  ----------  ----------  -------------  -------------
Total                             0.60        0.59           3        0.19833        0.19667
--------------------------  ----------  ----------  ----------  -------------  -------------
[Timer timed (per call in ms): Elapsed: 0.01075, CPU: 0.01075]
Processed: 0

PL/SQL procedure successfully completed.

Elapsed: 00:00:00.70

'END:'||TO_CHAR(SYSDATE,'DD-MON-YY
----------------------------------
End: 30-JUL-2022 19:02:59

