
Database             Time                 Version
-------------------- -------------------- ------------------------------
Start: ORCL          30-JUL-2022 19:03:26 Version 21.3.0.0.0

Network summary 1 - by subnetwork

Network     #Links  #Nodes    Max Lev
---------- ------- ------- ----------
11390           16       6          6
2231            67      12         12
10159           67      12         12
8925           211      21         21
10841          227      29         29
2147           466      31         31
10485          497      32         32
1057           582      47         40
1156           667      37         37
11341         1036      46         46
10015         1226      50         50
10942         3190     106         74
10130         3571      85         85
1106         11027     149        149
10012       561158   11803       8971

15 rows selected.

Timer Set: All_Nets, Constructed at 30 Jul 2022 19:03:26, written at 19:03:49
=============================================================================
Timer          Elapsed         CPU       Calls       Ela/Call       CPU/Call
----------  ----------  ----------  ----------  -------------  -------------
next_Nodes       16.24       16.56       12466        0.00130        0.00133
(Other)           6.29        5.86           1        6.29200        5.86000
----------  ----------  ----------  ----------  -------------  -------------
Total            22.54       22.42       12467        0.00181        0.00180
----------  ----------  ----------  ----------  -------------  -------------
[Timer timed (per call in ms): Elapsed: 0.00962, CPU: 0.00962]
Elapsed: 00:00:22.87
Network summary 2 - grouped by numbers of nodes

 #Nodes  #Networks
------- ----------
      6          1
     12          2
     21          1
     29          1
     31          1
     32          1
     37          1
     46          1
     47          1
     50          1
     85          1
    106          1
    149          1
  11803          1

14 rows selected.

Timer Set: All_Nets, Constructed at 30 Jul 2022 19:03:49, written at 19:04:11
=============================================================================
Timer          Elapsed         CPU       Calls       Ela/Call       CPU/Call
----------  ----------  ----------  ----------  -------------  -------------
next_Nodes       15.99       15.79       12466        0.00128        0.00127
(Other)           5.66        5.86           1        5.66400        5.86000
----------  ----------  ----------  ----------  -------------  -------------
Total            21.66       21.65       12467        0.00174        0.00174
----------  ----------  ----------  ----------  -------------  -------------
[Timer timed (per call in ms): Elapsed: 0.01000, CPU: 0.01000]
Elapsed: 00:00:21.76

'END:'||TO_CHAR(SYSDATE,'DD-MON-YY
----------------------------------
End: 30-JUL-2022 19:04:11

