
Database             Time                 Version
-------------------- -------------------- ------------------------------
Start: ORCL          06-AUG-2022 14:21:48 Version 21.3.0.0.0

Create directory input_dir

Directory created.

Create lib
old   1: CREATE USER &DEMO_USER IDENTIFIED BY &DEMO_USER
new   1: CREATE USER lib IDENTIFIED BY lib

User created.

old   1: GRANT CREATE SESSION TO &DEMO_USER
new   1: GRANT CREATE SESSION TO lib

Grant succeeded.

old   1: GRANT ALTER SESSION TO &DEMO_USER
new   1: GRANT ALTER SESSION TO lib

Grant succeeded.

old   1: GRANT CREATE TABLE TO &DEMO_USER
new   1: GRANT CREATE TABLE TO lib

Grant succeeded.

old   1: GRANT CREATE TYPE TO &DEMO_USER
new   1: GRANT CREATE TYPE TO lib

Grant succeeded.

old   1: GRANT CREATE SEQUENCE TO &DEMO_USER
new   1: GRANT CREATE SEQUENCE TO lib

Grant succeeded.

old   1: GRANT CREATE VIEW TO &DEMO_USER
new   1: GRANT CREATE VIEW TO lib

Grant succeeded.

old   1: GRANT UNLIMITED TABLESPACE TO &DEMO_USER
new   1: GRANT UNLIMITED TABLESPACE TO lib

Grant succeeded.

old   1: GRANT CREATE PROCEDURE TO &DEMO_USER
new   1: GRANT CREATE PROCEDURE TO lib

Grant succeeded.

old   1: GRANT EXECUTE ON UTL_File TO &DEMO_USER
new   1: GRANT EXECUTE ON UTL_File TO lib

Grant succeeded.

old   1: GRANT ALL ON DIRECTORY input_dir TO &DEMO_USER
new   1: GRANT ALL ON DIRECTORY input_dir TO lib

Grant succeeded.

old   1: GRANT SELECT ON v_$database TO &DEMO_USER
new   1: GRANT SELECT ON v_$database TO lib

Grant succeeded.

old   1: GRANT SELECT ON v_$sql TO &DEMO_USER
new   1: GRANT SELECT ON v_$sql TO lib

Grant succeeded.

old   1: GRANT SELECT ON v_$sql_plan_statistics_all TO &DEMO_USER
new   1: GRANT SELECT ON v_$sql_plan_statistics_all TO lib

Grant succeeded.

old   1: GRANT SELECT ON v_$sql_plan TO &DEMO_USER
new   1: GRANT SELECT ON v_$sql_plan TO lib

Grant succeeded.

Grant Execute DBMS_Lock to lib
old   1: GRANT EXECUTE ON DBMS_Lock TO &LIB_USER
new   1: GRANT EXECUTE ON DBMS_Lock TO lib

Grant succeeded.

Grant Create Any Context to lib
old   1: GRANT CREATE ANY CONTEXT TO &LIB_USER
new   1: GRANT CREATE ANY CONTEXT TO lib

Grant succeeded.

Create shortest_path_sql
old   1: CREATE USER &DEMO_USER IDENTIFIED BY &DEMO_USER
new   1: CREATE USER shortest_path_sql IDENTIFIED BY shortest_path_sql

User created.

old   1: GRANT CREATE SESSION TO &DEMO_USER
new   1: GRANT CREATE SESSION TO shortest_path_sql

Grant succeeded.

old   1: GRANT ALTER SESSION TO &DEMO_USER
new   1: GRANT ALTER SESSION TO shortest_path_sql

Grant succeeded.

old   1: GRANT CREATE TABLE TO &DEMO_USER
new   1: GRANT CREATE TABLE TO shortest_path_sql

Grant succeeded.

old   1: GRANT CREATE TYPE TO &DEMO_USER
new   1: GRANT CREATE TYPE TO shortest_path_sql

Grant succeeded.

old   1: GRANT CREATE SEQUENCE TO &DEMO_USER
new   1: GRANT CREATE SEQUENCE TO shortest_path_sql

Grant succeeded.

old   1: GRANT CREATE VIEW TO &DEMO_USER
new   1: GRANT CREATE VIEW TO shortest_path_sql

Grant succeeded.

old   1: GRANT UNLIMITED TABLESPACE TO &DEMO_USER
new   1: GRANT UNLIMITED TABLESPACE TO shortest_path_sql

Grant succeeded.

old   1: GRANT CREATE PROCEDURE TO &DEMO_USER
new   1: GRANT CREATE PROCEDURE TO shortest_path_sql

Grant succeeded.

old   1: GRANT EXECUTE ON UTL_File TO &DEMO_USER
new   1: GRANT EXECUTE ON UTL_File TO shortest_path_sql

Grant succeeded.

old   1: GRANT ALL ON DIRECTORY input_dir TO &DEMO_USER
new   1: GRANT ALL ON DIRECTORY input_dir TO shortest_path_sql

Grant succeeded.

old   1: GRANT SELECT ON v_$database TO &DEMO_USER
new   1: GRANT SELECT ON v_$database TO shortest_path_sql

Grant succeeded.

old   1: GRANT SELECT ON v_$sql TO &DEMO_USER
new   1: GRANT SELECT ON v_$sql TO shortest_path_sql

Grant succeeded.

old   1: GRANT SELECT ON v_$sql_plan_statistics_all TO &DEMO_USER
new   1: GRANT SELECT ON v_$sql_plan_statistics_all TO shortest_path_sql

Grant succeeded.

old   1: GRANT SELECT ON v_$sql_plan TO &DEMO_USER
new   1: GRANT SELECT ON v_$sql_plan TO shortest_path_sql

Grant succeeded.

old   1: GRANT CREATE SYNONYM TO &APP_USER
new   1: GRANT CREATE SYNONYM TO shortest_path_sql

Grant succeeded.


'END:'||TO_CHAR(SYSDATE,'DD-MON-YY
----------------------------------
End: 06-AUG-2022 14:21:49

