
Database             Time                 Version
-------------------- -------------------- ------------------------------
Start: ORCL          06-AUG-2022 08:16:55 Version 21.3.0.0.0

Network detail (tree)

Network    Node Name                           Node                                                                      LEV
---------- ----------------------------------- ---------------------------------------------------------------------- ------
10         Howard Berger                       10                                                                          0
10         John E. Sullivan (I)                ..102                                                                       1
10         Patricia Arquette                   ....112                                                                     2
10         Perry Andelin Blake                 ......12                                                                    3
10         Betsy Asher Hall                    ........133                                                                 4
10         Steven Brill (I)                    ..........14                                                                5
10         Ellen Lutter                        ............141                                                             6
10         Ann Pala                            ..............147                                                           7
10         Reese Witherspoon                   ................160                                                         8
10         Dana Carvey                         ..................18                                                        9
10         Blake Clark                         ....................19                                                     10
10         Allen Covert                        ......................21                                                   11
10         Rodney Dangerfield                  ........................25                                                 12
10         Erik Jan deBoer                     ..........................26                                               13
10         Rhys Ifans                          ............................50                                             14
10         Harvey Keitel                       ..............................58                                           15
10         Marc Kolbe                          ................................60                                         16
10         Tom 'Tiny' Lister Jr.               ..................................63                                       17
10         Craig A. Mumma                      ....................................69                                     18
10         Kevin Nealon                        ......................................72                                   19
10         Ozzy Osbourne                       ........................................76                                 20
10         Rocco Passionino                    ..........................................78                               21
10         Steve Berens                        ............................................9                              22
10         Adam Sandler (I)                    ..............................................90                           23
10         Billy Bob Thornton                  ................................................103                        24
10         Dwight Yoakam                       ..................................................109                      25
10         Warren Zevon                        ....................................................110                    26
10         Cate Blanchett                      ..................................................116                      25
10         Christina Ricci                     ....................................................149                    26
10         Christopher Lee (I)                 ......................................................61                   27
10         James Stewart (I)                   ........................................................101                28
10         Denzel Washington                   ..........................................................104              29
10         Courtney James Stewart              ............................................................100            30
10         Billy Crystal                       ............................................................22             30
10         Yogi Berra                          ............................................................11             31
10         Jennifer Crystal                    ............................................................121            32
10         Paul Borghese                       ............................................................13             33
10         Merlyn Mantle                       ............................................................143            34
10         Dinah Shore                         ............................................................153            35
10         Robert F. Colesberry                ............................................................20             36
10         Anthony Michael Hall                ............................................................43             37
10         Thomas Jane                         ............................................................53             38
10         John F. Kennedy                     ............................................................59             39
10         Mickey Mantle                       ............................................................66             40
10         Roger Maris                         ............................................................67             41
10         Barry Pepper                        ............................................................80             42
10         Babe Ruth                           ............................................................88             43
10         Carrie Fisher                       ............................................................129            31
10         Alec Guinness                       ............................................................40             32
10         James Earl Jones                    ............................................................56             33
10         Danny Glover                        ............................................................37             34
10         John Malkovich                      ............................................................65             35
10         Eric Weinstein (I)                  ............................................................105            36
10         Bill Wittman                        ............................................................106            37
10         David Wyler (I)                     ............................................................107            38
10         Flori Wyler                         ............................................................108            39
10         Marlowe Bassett                     ............................................................114            40
10         Jacqueline Benoit                   ............................................................115            41
10         Jennifer Canzoneri                  ............................................................117            42
10         Christine D. Coleman                ............................................................119            43
10         Kristie Cordle                      ............................................................120            44
10         Kristin D'Andrea                    ............................................................122            45
10         Denise Dabrowski                    ............................................................123            46
10         Kacee DeMasi                        ............................................................124            47
10         Cameron Diaz                        ............................................................125            48
10         Jeanne Diehl                        ............................................................126            49
10         K.K. Dodds                          ............................................................127            50
10         Audrey Gelfund                      ............................................................130            51
10         Yetta Ginsburg                      ............................................................131            52
10         Charlene Grimsley                   ............................................................132            53
10         Pamela Hayden                       ............................................................135            54
10         Jayne Hess                          ............................................................136            55
10         Catherine Keener                    ............................................................137            56
10         Christine Krejer                    ............................................................138            57
10         Madison Lanc                        ............................................................139            58
10         Erica Long                          ............................................................140            59
10         Michelle Madden                     ............................................................142            60
10         Yvonne Montelius                    ............................................................144            61
10         Jessica Neuberger                   ............................................................145            62
10         Mariah O'Brien                      ............................................................146            63
10         Mary Kay Place                      ............................................................148            64
10         W. Earl Brown                       ............................................................15             65
10         Sara Rifkin                         ............................................................150            66
10         Elizabeth Rivera                    ............................................................151            67
10         Winona Ryder                        ............................................................152            68
10         Chelsa Sjostrom                     ............................................................154            69
10         Octavia Spencer                     ............................................................156            70
10         Kelly Teacher                       ............................................................157            71
10         Patti Tippo                         ............................................................158            72
10         Judith Wetzell                      ............................................................159            73
10         William Buck (II)                   ............................................................16             74
10         Kevin Carroll                       ............................................................17             75
10         John Cusack                         ............................................................23             76
10         Andy Dick                           ............................................................28             77
10         Gerald Emerick                      ............................................................30             78
10         Richard Fancy                       ............................................................31             79
10         David Fincher                       ............................................................33             80
10         Willie Garson                       ............................................................36             81
10         Jester Hairston                     ............................................................41             82
10         Daniel Hansen                       ............................................................44             83
10         Isaac Hanson                        ............................................................45             84
10         Taylor Hanson                       ............................................................46             85
10         Zac Hanson                          ............................................................47             86
10         Reginald C. Hayes                   ............................................................48             87
10         Dustin Hoffman                      ............................................................49             88
10         Victor Isaac                        ............................................................51             89
10         Carlos Jacott                       ............................................................52             90
10         Sylvester Jenkins                   ............................................................54             91
10         Roy C. Johnson                      ............................................................55             92
10         Spike Jonze                         ............................................................57             93
10         Lance Bangs                         ............................................................6              94
10         Kevin Lee (IV)                      ............................................................62             95
10         Eddie J. Low                        ............................................................64             96
10         Orson Bean                          ............................................................7              97
10         James Murray (XIII)                 ............................................................71             98
10         Greg O'Neill                        ............................................................75             99
10         Sean Penn                           ............................................................79            100
10         Ned Bellamy                         ............................................................8             101
10         Brad Pitt                           ............................................................81            102
10         Byrne Piven                         ............................................................82            103
10         Neil Ross (I)                       ............................................................87            104
10         Bill M. Ryusaki                     ............................................................89            105
10         Charlie Sheen                       ............................................................93            106
10         Gary Sinise                         ............................................................94            107
10         Ralph W. Spaulding                  ............................................................98            108
10         Gregory Sporleder                   ............................................................99            109
10         Roozbeh Zivari                      ............................................................111            36
10         Sara Solati                         ............................................................155            37
10         Amir Ashayeri                       ............................................................2              38
10         Kave Deymar                         ............................................................27             39
10         Ata Emamian                         ............................................................29             40
10         Matin Azizpour                      ............................................................3              41
10         Mohammad Reza Farhoudi              ............................................................32             42
10         Danial Hakimi                       ............................................................42             43
10         Aredeshir Monazzam                  ............................................................68             44
10         Vladimir Putin                      ............................................................83             45
10         Hamed Rezai                         ............................................................85             46
10         Alireza Shayegan                    ............................................................92             47
10         Kevin Bacon (I)                     ............................................................4              36
10         Bill Murray (I)                     ............................................................70             37
10         Christian Slater                    ............................................................95             37
10         Morgan Freeman (I)                  ............................................................34             38
10         Christian Bale                      ............................................................5              39
10         Alan Rickman                        ............................................................86             39
10         Arnold Schwarzenegger               ............................................................91             39
10         Alyson Hannigan                     ............................................................134            40
10         Charisma Carpenter                  ............................................................118            41
10         Charles Grodin (I)                  ............................................................39             40
10         Leonard Nimoy                       ............................................................73             38
10         Willie Allemang                     ............................................................1              39
10         Diane Fischer (II)                  ............................................................128            40
10         Al Pacino                           ............................................................77             34
10         Christopher Nolan                   ............................................................74             35
10         Paul Reubens                        ............................................................84             32
10         Catherine Zeta-Jones                ............................................................161            31
10         Brigitte Bardot                     ..........................................................113              29
10         Clark Gable                         ............................................................35             30
10         Cary Grant                          ............................................................38             31
10         Peter Cushing                       ........................................................24                 28
10         Robert Smigel                       ................................................96                         24
10         David Sosalla                       ..................................................97                       25

161 rows selected.

Timer Set: All_Nets, Constructed at 06 Aug 2022 08:16:55, written at 08:16:55
=============================================================================
Timer                      Elapsed         CPU       Calls       Ela/Call       CPU/Call
----------------------  ----------  ----------  ----------  -------------  -------------
r_nod cursor initial          0.01        0.00           1        0.00500        0.00000
init_Net                      0.00        0.00           1        0.00000        0.00000
expand_Node                   0.09        0.10           1        0.08900        0.10000
PIPE ROW                      0.02        0.01           1        0.01600        0.01000
r_nod cursor remainder        0.00        0.00         160        0.00002        0.00000
(Other)                       0.00        0.00           1        0.00000        0.00000
----------------------  ----------  ----------  ----------  -------------  -------------
Total                         0.11        0.11         165        0.00068        0.00067
----------------------  ----------  ----------  ----------  -------------  -------------
[Timer timed (per call in ms): Elapsed: 0.01587, CPU: 0.01429]
Elapsed: 00:00:00.42

'END:'||TO_CHAR(SYSDATE,'DD-MON-YY
----------------------------------
End: 06-AUG-2022 08:16:55

