
Database             Time                 Version
-------------------- -------------------- ------------------------------
Start: ORCL          06-AUG-2022 08:16:55 Version 21.3.0.0.0

Network summary 1 - by subnetwork

Network     #Links  #Nodes    Max Lev
---------- ------- ------- ----------
10            3343     161        110

Timer Set: All_Nets, Constructed at 06 Aug 2022 08:16:55, written at 08:16:55
=============================================================================
Timer                      Elapsed         CPU       Calls       Ela/Call       CPU/Call
----------------------  ----------  ----------  ----------  -------------  -------------
r_nod cursor initial          0.00        0.00           1        0.00000        0.00000
init_Net                      0.00        0.00           1        0.00000        0.00000
expand_Node                   0.07        0.09           1        0.06800        0.09000
PIPE ROW                      0.02        0.00           1        0.01900        0.00000
r_nod cursor remainder        0.00        0.01         160        0.00003        0.00006
(Other)                       0.00        0.00           1        0.00000        0.00000
----------------------  ----------  ----------  ----------  -------------  -------------
Total                         0.09        0.10         165        0.00055        0.00061
----------------------  ----------  ----------  ----------  -------------  -------------
[Timer timed (per call in ms): Elapsed: 0.01515, CPU: 0.01364]
Elapsed: 00:00:00.20
Network summary 2 - grouped by numbers of nodes

 #Nodes  #Networks
------- ----------
    161          1

Timer Set: All_Nets, Constructed at 06 Aug 2022 08:16:56, written at 08:16:56
=============================================================================
Timer                      Elapsed         CPU       Calls       Ela/Call       CPU/Call
----------------------  ----------  ----------  ----------  -------------  -------------
r_nod cursor initial          0.00        0.00           1        0.00000        0.00000
init_Net                      0.00        0.00           1        0.00000        0.00000
expand_Node                   0.09        0.10           1        0.09400        0.10000
PIPE ROW                      0.00        0.01           1        0.00300        0.01000
r_nod cursor remainder        0.00        0.00         160        0.00002        0.00000
(Other)                       0.00        0.00           1        0.00000        0.00000
----------------------  ----------  ----------  ----------  -------------  -------------
Total                         0.10        0.11         165        0.00061        0.00067
----------------------  ----------  ----------  ----------  -------------  -------------
[Timer timed (per call in ms): Elapsed: 0.01389, CPU: 0.01250]
Elapsed: 00:00:00.21

'END:'||TO_CHAR(SYSDATE,'DD-MON-YY
----------------------------------
End: 06-AUG-2022 08:16:56

