
Database             Time                 Version
-------------------- -------------------- ------------------------------
Start: ORCL          30-JUL-2022 10:00:37 Version 21.3.0.0.0

SQL_ID  2r026mk55rcsn, child number 0
-------------------------------------
SELECT /*+ gather_plan_statistics XPLAN_TYPE_0 */ ID FROM NODES WHERE
ID NOT IN (SELECT NODE_ID FROM NODE_ROOTS) AND ROWNUM = 1
Plan hash value: 481826951
------------------------------------------------------------------------------------------------------------
| Id  | Operation               | Name          | Starts | E-Rows | A-Rows |   A-Time   | Buffers | Reads  |
------------------------------------------------------------------------------------------------------------
|   0 | SELECT STATEMENT        |               |      1 |        |      0 |00:00:01.78 |     167K|   1417 |
|*  1 |  COUNT STOPKEY          |               |      1 |        |      0 |00:00:01.78 |     167K|   1417 |
|*  2 |   FILTER                |               |      1 |        |      0 |00:00:01.78 |     167K|   1417 |
|   3 |    NESTED LOOPS ANTI SNA|               |      1 |     20 |      0 |00:00:01.73 |     160K|   1417 |
|   4 |     INDEX FAST FULL SCAN| SYS_C0018226  |      1 |   1021 |   2696K|00:00:00.41 |    5324 |   1194 |
|*  5 |     INDEX UNIQUE SCAN   | NODE_ROOTS_N1 |   2696K|   2638K|   2696K|00:00:01.07 |     155K|    223 |
|*  6 |    TABLE ACCESS FULL    | NODE_ROOTS    |      1 |      1 |      0 |00:00:00.05 |    6244 |      0 |
------------------------------------------------------------------------------------------------------------
Predicate Information (identified by operation id):
---------------------------------------------------
1 - filter(ROWNUM=1)
2 - filter( IS NULL)
5 - access("ID"="NODE_ID")
6 - filter("NODE_ID" IS NULL)

PL/SQL procedure successfully completed.

Elapsed: 00:00:02.00
SQL_ID  31qxu0kbcf46f, child number 0
-------------------------------------
SELECT /*+ gather_plan_statistics XPLAN_TYPE_1 */ MIN(ID) FROM NODES
WHERE ID NOT IN (SELECT NODE_ID FROM NODE_ROOTS)
Plan hash value: 1977385763
----------------------------------------------------------------------------------------------------------------------------------------------------------
| Id  | Operation                | Name         | Starts | E-Rows | A-Rows |   A-Time   | Buffers | Reads  | Writes |  OMem |  1Mem | Used-Mem | Used-Tmp|
----------------------------------------------------------------------------------------------------------------------------------------------------------
|   0 | SELECT STATEMENT         |              |      1 |        |      1 |00:00:02.23 |   11569 |   4417 |   4417 |       |       |          |         |
|   1 |  SORT AGGREGATE          |              |      1 |      1 |      1 |00:00:02.23 |   11569 |   4417 |   4417 |       |       |          |         |
|*  2 |   HASH JOIN RIGHT ANTI NA|              |      1 |  55541 |      0 |00:00:02.23 |   11569 |   4417 |   4417 |   127M|    11M|  113M (0)|      36M|
|   3 |    TABLE ACCESS FULL     | NODE_ROOTS   |      1 |   2640K|   2696K|00:00:00.22 |    6244 |      0 |      0 |       |       |          |         |
|   4 |    INDEX FAST FULL SCAN  | SYS_C0018226 |      1 |   2696K|   2696K|00:00:00.29 |    5325 |      0 |      0 |       |       |          |         |
----------------------------------------------------------------------------------------------------------------------------------------------------------
Predicate Information (identified by operation id):
---------------------------------------------------
2 - access("ID"="NODE_ID")

PL/SQL procedure successfully completed.

Elapsed: 00:00:02.47
SQL_ID  dgwtth0yypt5w, child number 0
-------------------------------------
SELECT /*+ gather_plan_statistics XPLAN_TYPE_2 */ ID FROM (SELECT ID
FROM NODES WHERE ID NOT IN ( SELECT NODE_ID FROM NODE_ROOTS) ORDER BY 1
) WHERE ROWNUM = 1
Plan hash value: 1435207863
-------------------------------------------------------------------------------------------------------------
| Id  | Operation                | Name          | Starts | E-Rows | A-Rows |   A-Time   | Buffers | Reads  |
-------------------------------------------------------------------------------------------------------------
|   0 | SELECT STATEMENT         |               |      1 |        |      0 |00:00:01.29 |     105K|      6 |
|*  1 |  COUNT STOPKEY           |               |      1 |        |      0 |00:00:01.29 |     105K|      6 |
|   2 |   VIEW                   |               |      1 |      1 |      0 |00:00:01.29 |     105K|      6 |
|*  3 |    FILTER                |               |      1 |        |      0 |00:00:01.29 |     105K|      6 |
|   4 |     NESTED LOOPS ANTI SNA|               |      1 |     20 |      0 |00:00:01.26 |   98950 |      6 |
|   5 |      INDEX FULL SCAN     | SYS_C0018226  |      1 |   2696K|   2696K|00:00:00.29 |    5270 |      0 |
|*  6 |      INDEX UNIQUE SCAN   | NODE_ROOTS_N1 |   2696K|   2586K|   2696K|00:00:00.78 |   93680 |      6 |
|*  7 |     TABLE ACCESS FULL    | NODE_ROOTS    |      1 |      1 |      0 |00:00:00.03 |    6244 |      0 |
-------------------------------------------------------------------------------------------------------------
Predicate Information (identified by operation id):
---------------------------------------------------
1 - filter(ROWNUM=1)
3 - filter( IS NULL)
6 - access("ID"="NODE_ID")
7 - filter("NODE_ID" IS NULL)

PL/SQL procedure successfully completed.

Elapsed: 00:00:01.49
SQL_ID  ctusk0f7nf8jh, child number 0
-------------------------------------
SELECT /*+ gather_plan_statistics XPLAN_TYPE_3_1 */ ID FROM NODES ORDER
BY 1
Plan hash value: 1649450879
-------------------------------------------------------------------------------------------
| Id  | Operation        | Name         | Starts | E-Rows | A-Rows |   A-Time   | Buffers |
-------------------------------------------------------------------------------------------
|   0 | SELECT STATEMENT |              |      1 |        |      1 |00:00:00.01 |       3 |
|   1 |  INDEX FULL SCAN | SYS_C0018226 |      1 |   2696K|      1 |00:00:00.01 |       3 |
-------------------------------------------------------------------------------------------
SQL_ID  00yfcvpmuh784, child number 0
-------------------------------------
SELECT /*+ gather_plan_statistics XPLAN_TYPE_3_2 */ 1 FROM NODE_ROOTS
WHERE NODE_ID = :B1
Plan hash value: 2193988880
---------------------------------------------------------------------------------------------
| Id  | Operation         | Name          | Starts | E-Rows | A-Rows |   A-Time   | Buffers |
---------------------------------------------------------------------------------------------
|   0 | SELECT STATEMENT  |               |      1 |        |      1 |00:00:00.01 |       3 |
|*  1 |  INDEX UNIQUE SCAN| NODE_ROOTS_N1 |      1 |      1 |      1 |00:00:00.01 |       3 |
---------------------------------------------------------------------------------------------
Predicate Information (identified by operation id):
---------------------------------------------------
1 - access("NODE_ID"=:B1)

PL/SQL procedure successfully completed.

Elapsed: 00:00:00.39

'END:'||TO_CHAR(SYSDATE,'DD-MON-YY
----------------------------------
End: 30-JUL-2022 10:00:43

